{"/Users/iremdogadogruyol/Emora AI App/EmoraAI/src/components/GlassButton.tsx": {"path":"/Users/iremdogadogruyol/Emora AI App/EmoraAI/src/components/GlassButton.tsx","statementMap":{"0":{"start":{"line":32,"column":33},"end":{"line":32,"column":83}},"1":{"start":{"line":44,"column":16},"end":{"line":44,"column":33}},"2":{"start":{"line":45,"column":18},"end":{"line":45,"column":35}},"3":{"start":{"line":47,"column":24},"end":{"line":50,"column":3}},"4":{"start":{"line":48,"column":4},"end":{"line":48,"column":68}},"5":{"start":{"line":49,"column":4},"end":{"line":49,"column":55}},"6":{"start":{"line":52,"column":25},"end":{"line":55,"column":3}},"7":{"start":{"line":53,"column":4},"end":{"line":53,"column":65}},"8":{"start":{"line":54,"column":4},"end":{"line":54,"column":53}},"9":{"start":{"line":57,"column":24},"end":{"line":62,"column":4}},"10":{"start":{"line":58,"column":4},"end":{"line":61,"column":6}},"11":{"start":{"line":64,"column":25},"end":{"line":75,"column":3}},"12":{"start":{"line":65,"column":4},"end":{"line":74,"column":5}},"13":{"start":{"line":67,"column":8},"end":{"line":67,"column":36}},"14":{"start":{"line":69,"column":8},"end":{"line":69,"column":38}},"15":{"start":{"line":71,"column":8},"end":{"line":71,"column":34}},"16":{"start":{"line":73,"column":8},"end":{"line":73,"column":36}},"17":{"start":{"line":77,"column":23},"end":{"line":88,"column":3}},"18":{"start":{"line":78,"column":4},"end":{"line":87,"column":5}},"19":{"start":{"line":80,"column":8},"end":{"line":80,"column":34}},"20":{"start":{"line":82,"column":8},"end":{"line":82,"column":36}},"21":{"start":{"line":84,"column":8},"end":{"line":84,"column":32}},"22":{"start":{"line":86,"column":8},"end":{"line":86,"column":34}},"23":{"start":{"line":90,"column":2},"end":{"line":107,"column":4}},"24":{"start":{"line":110,"column":15},"end":{"line":169,"column":2}}},"fnMap":{"0":{"name":"GlassButton","decl":{"start":{"line":34,"column":24},"end":{"line":34,"column":35}},"loc":{"start":{"line":43,"column":21},"end":{"line":108,"column":1}},"line":43},"1":{"name":"(anonymous_1)","decl":{"start":{"line":47,"column":24},"end":{"line":47,"column":25}},"loc":{"start":{"line":47,"column":30},"end":{"line":50,"column":3}},"line":47},"2":{"name":"(anonymous_2)","decl":{"start":{"line":52,"column":25},"end":{"line":52,"column":26}},"loc":{"start":{"line":52,"column":31},"end":{"line":55,"column":3}},"line":52},"3":{"name":"(anonymous_3)","decl":{"start":{"line":57,"column":41},"end":{"line":57,"column":42}},"loc":{"start":{"line":57,"column":47},"end":{"line":62,"column":3}},"line":57},"4":{"name":"(anonymous_4)","decl":{"start":{"line":64,"column":25},"end":{"line":64,"column":26}},"loc":{"start":{"line":64,"column":31},"end":{"line":75,"column":3}},"line":64},"5":{"name":"(anonymous_5)","decl":{"start":{"line":77,"column":23},"end":{"line":77,"column":24}},"loc":{"start":{"line":77,"column":29},"end":{"line":88,"column":3}},"line":77}},"branchMap":{"0":{"loc":{"start":{"line":37,"column":2},"end":{"line":37,"column":18}},"type":"default-arg","locations":[{"start":{"line":37,"column":13},"end":{"line":37,"column":18}}],"line":37},"1":{"loc":{"start":{"line":38,"column":2},"end":{"line":38,"column":17}},"type":"default-arg","locations":[{"start":{"line":38,"column":12},"end":{"line":38,"column":17}}],"line":38},"2":{"loc":{"start":{"line":41,"column":2},"end":{"line":41,"column":21}},"type":"default-arg","locations":[{"start":{"line":41,"column":12},"end":{"line":41,"column":21}}],"line":41},"3":{"loc":{"start":{"line":65,"column":4},"end":{"line":74,"column":5}},"type":"switch","locations":[{"start":{"line":66,"column":6},"end":{"line":67,"column":36}},{"start":{"line":68,"column":6},"end":{"line":69,"column":38}},{"start":{"line":70,"column":6},"end":{"line":71,"column":34}},{"start":{"line":72,"column":6},"end":{"line":73,"column":36}}],"line":65},"4":{"loc":{"start":{"line":78,"column":4},"end":{"line":87,"column":5}},"type":"switch","locations":[{"start":{"line":79,"column":6},"end":{"line":80,"column":34}},{"start":{"line":81,"column":6},"end":{"line":82,"column":36}},{"start":{"line":83,"column":6},"end":{"line":84,"column":32}},{"start":{"line":85,"column":6},"end":{"line":86,"column":34}}],"line":78},"5":{"loc":{"start":{"line":96,"column":16},"end":{"line":96,"column":35}},"type":"binary-expr","locations":[{"start":{"line":96,"column":16},"end":{"line":96,"column":24}},{"start":{"line":96,"column":28},"end":{"line":96,"column":35}}],"line":96},"6":{"loc":{"start":{"line":101,"column":7},"end":{"line":105,"column":7}},"type":"binary-expr","locations":[{"start":{"line":101,"column":7},"end":{"line":101,"column":15}},{"start":{"line":102,"column":8},"end":{"line":104,"column":15}}],"line":101},"7":{"loc":{"start":{"line":103,"column":11},"end":{"line":103,"column":44}},"type":"cond-expr","locations":[{"start":{"line":103,"column":21},"end":{"line":103,"column":36}},{"start":{"line":103,"column":39},"end":{"line":103,"column":44}}],"line":103}},"s":{"0":0,"1":0,"2":0,"3":0,"4":0,"5":0,"6":0,"7":0,"8":0,"9":0,"10":0,"11":0,"12":0,"13":0,"14":0,"15":0,"16":0,"17":0,"18":0,"19":0,"20":0,"21":0,"22":0,"23":0,"24":0},"f":{"0":0,"1":0,"2":0,"3":0,"4":0,"5":0},"b":{"0":[0],"1":[0],"2":[0],"3":[0,0,0,0],"4":[0,0,0,0],"5":[0,0],"6":[0,0],"7":[0,0]}}
,"/Users/iremdogadogruyol/Emora AI App/EmoraAI/src/components/GlassCard.tsx": {"path":"/Users/iremdogadogruyol/Emora AI App/EmoraAI/src/components/GlassCard.tsx","statementMap":{"0":{"start":{"line":27,"column":21},"end":{"line":27,"column":59}},"1":{"start":{"line":28,"column":33},"end":{"line":28,"column":83}},"2":{"start":{"line":37,"column":16},"end":{"line":37,"column":33}},"3":{"start":{"line":38,"column":18},"end":{"line":38,"column":35}},"4":{"start":{"line":39,"column":20},"end":{"line":39,"column":37}},"5":{"start":{"line":41,"column":24},"end":{"line":46,"column":3}},"6":{"start":{"line":42,"column":4},"end":{"line":45,"column":5}},"7":{"start":{"line":43,"column":6},"end":{"line":43,"column":70}},"8":{"start":{"line":44,"column":6},"end":{"line":44,"column":57}},"9":{"start":{"line":48,"column":25},"end":{"line":53,"column":3}},"10":{"start":{"line":49,"column":4},"end":{"line":52,"column":5}},"11":{"start":{"line":50,"column":6},"end":{"line":50,"column":67}},"12":{"start":{"line":51,"column":6},"end":{"line":51,"column":57}},"13":{"start":{"line":55,"column":24},"end":{"line":67,"column":4}},"14":{"start":{"line":56,"column":4},"end":{"line":66,"column":6}},"15":{"start":{"line":69,"column":23},"end":{"line":78,"column":3}},"16":{"start":{"line":70,"column":4},"end":{"line":77,"column":5}},"17":{"start":{"line":72,"column":8},"end":{"line":72,"column":35}},"18":{"start":{"line":74,"column":8},"end":{"line":74,"column":33}},"19":{"start":{"line":76,"column":8},"end":{"line":76,"column":34}},"20":{"start":{"line":80,"column":24},"end":{"line":80,"column":73}},"21":{"start":{"line":82,"column":2},"end":{"line":94,"column":4}},"22":{"start":{"line":97,"column":15},"end":{"line":130,"column":2}}},"fnMap":{"0":{"name":"GlassCard","decl":{"start":{"line":30,"column":24},"end":{"line":30,"column":33}},"loc":{"start":{"line":36,"column":19},"end":{"line":95,"column":1}},"line":36},"1":{"name":"(anonymous_1)","decl":{"start":{"line":41,"column":24},"end":{"line":41,"column":25}},"loc":{"start":{"line":41,"column":30},"end":{"line":46,"column":3}},"line":41},"2":{"name":"(anonymous_2)","decl":{"start":{"line":48,"column":25},"end":{"line":48,"column":26}},"loc":{"start":{"line":48,"column":31},"end":{"line":53,"column":3}},"line":48},"3":{"name":"(anonymous_3)","decl":{"start":{"line":55,"column":41},"end":{"line":55,"column":42}},"loc":{"start":{"line":55,"column":47},"end":{"line":67,"column":3}},"line":55},"4":{"name":"(anonymous_4)","decl":{"start":{"line":69,"column":23},"end":{"line":69,"column":24}},"loc":{"start":{"line":69,"column":29},"end":{"line":78,"column":3}},"line":69}},"branchMap":{"0":{"loc":{"start":{"line":34,"column":2},"end":{"line":34,"column":21}},"type":"default-arg","locations":[{"start":{"line":34,"column":12},"end":{"line":34,"column":21}}],"line":34},"1":{"loc":{"start":{"line":35,"column":2},"end":{"line":35,"column":17}},"type":"default-arg","locations":[{"start":{"line":35,"column":13},"end":{"line":35,"column":17}}],"line":35},"2":{"loc":{"start":{"line":42,"column":4},"end":{"line":45,"column":5}},"type":"if","locations":[{"start":{"line":42,"column":4},"end":{"line":45,"column":5}},{"start":{},"end":{}}],"line":42},"3":{"loc":{"start":{"line":42,"column":8},"end":{"line":42,"column":27}},"type":"binary-expr","locations":[{"start":{"line":42,"column":8},"end":{"line":42,"column":16}},{"start":{"line":42,"column":20},"end":{"line":42,"column":27}}],"line":42},"4":{"loc":{"start":{"line":49,"column":4},"end":{"line":52,"column":5}},"type":"if","locations":[{"start":{"line":49,"column":4},"end":{"line":52,"column":5}},{"start":{},"end":{}}],"line":49},"5":{"loc":{"start":{"line":49,"column":8},"end":{"line":49,"column":27}},"type":"binary-expr","locations":[{"start":{"line":49,"column":8},"end":{"line":49,"column":16}},{"start":{"line":49,"column":20},"end":{"line":49,"column":27}}],"line":49},"6":{"loc":{"start":{"line":70,"column":4},"end":{"line":77,"column":5}},"type":"switch","locations":[{"start":{"line":71,"column":6},"end":{"line":72,"column":35}},{"start":{"line":73,"column":6},"end":{"line":74,"column":33}},{"start":{"line":75,"column":6},"end":{"line":76,"column":34}}],"line":70},"7":{"loc":{"start":{"line":80,"column":24},"end":{"line":80,"column":73}},"type":"cond-expr","locations":[{"start":{"line":80,"column":34},"end":{"line":80,"column":58}},{"start":{"line":80,"column":61},"end":{"line":80,"column":73}}],"line":80},"8":{"loc":{"start":{"line":88,"column":21},"end":{"line":88,"column":38}},"type":"cond-expr","locations":[{"start":{"line":88,"column":31},"end":{"line":88,"column":34}},{"start":{"line":88,"column":37},"end":{"line":88,"column":38}}],"line":88}},"s":{"0":0,"1":0,"2":0,"3":0,"4":0,"5":0,"6":0,"7":0,"8":0,"9":0,"10":0,"11":0,"12":0,"13":0,"14":0,"15":0,"16":0,"17":0,"18":0,"19":0,"20":0,"21":0,"22":0},"f":{"0":0,"1":0,"2":0,"3":0,"4":0},"b":{"0":[0],"1":[0],"2":[0,0],"3":[0,0],"4":[0,0],"5":[0,0],"6":[0,0,0],"7":[0,0],"8":[0,0]}}
,"/Users/iremdogadogruyol/Emora AI App/EmoraAI/src/components/GlassInput.tsx": {"path":"/Users/iremdogadogruyol/Emora AI App/EmoraAI/src/components/GlassInput.tsx","statementMap":{"0":{"start":{"line":29,"column":21},"end":{"line":29,"column":59}},"1":{"start":{"line":41,"column":36},"end":{"line":41,"column":51}},"2":{"start":{"line":42,"column":34},"end":{"line":42,"column":51}},"3":{"start":{"line":43,"column":42},"end":{"line":43,"column":57}},"4":{"start":{"line":45,"column":25},"end":{"line":45,"column":42}},"5":{"start":{"line":46,"column":25},"end":{"line":46,"column":57}},"6":{"start":{"line":48,"column":22},"end":{"line":53,"column":3}},"7":{"start":{"line":49,"column":4},"end":{"line":49,"column":23}},"8":{"start":{"line":50,"column":4},"end":{"line":50,"column":74}},"9":{"start":{"line":51,"column":4},"end":{"line":51,"column":74}},"10":{"start":{"line":52,"column":4},"end":{"line":52,"column":17}},"11":{"start":{"line":55,"column":21},"end":{"line":62,"column":3}},"12":{"start":{"line":56,"column":4},"end":{"line":56,"column":24}},"13":{"start":{"line":57,"column":4},"end":{"line":57,"column":74}},"14":{"start":{"line":58,"column":4},"end":{"line":60,"column":5}},"15":{"start":{"line":59,"column":6},"end":{"line":59,"column":76}},"16":{"start":{"line":61,"column":4},"end":{"line":61,"column":16}},"17":{"start":{"line":64,"column":27},"end":{"line":70,"column":3}},"18":{"start":{"line":65,"column":4},"end":{"line":65,"column":24}},"19":{"start":{"line":66,"column":4},"end":{"line":68,"column":5}},"20":{"start":{"line":67,"column":6},"end":{"line":67,"column":89}},"21":{"start":{"line":69,"column":4},"end":{"line":69,"column":31}},"22":{"start":{"line":72,"column":33},"end":{"line":83,"column":4}},"23":{"start":{"line":73,"column":24},"end":{"line":77,"column":5}},"24":{"start":{"line":79,"column":4},"end":{"line":82,"column":6}},"25":{"start":{"line":85,"column":29},"end":{"line":109,"column":4}},"26":{"start":{"line":86,"column":23},"end":{"line":90,"column":5}},"27":{"start":{"line":91,"column":18},"end":{"line":95,"column":5}},"28":{"start":{"line":96,"column":18},"end":{"line":100,"column":5}},"29":{"start":{"line":102,"column":4},"end":{"line":108,"column":6}},"30":{"start":{"line":111,"column":2},"end":{"line":133,"column":3}},"31":{"start":{"line":112,"column":4},"end":{"line":132,"column":6}},"32":{"start":{"line":135,"column":2},"end":{"line":165,"column":4}},"33":{"start":{"line":153,"column":27},"end":{"line":153,"column":57}},"34":{"start":{"line":168,"column":15},"end":{"line":221,"column":2}}},"fnMap":{"0":{"name":"GlassInput","decl":{"start":{"line":31,"column":24},"end":{"line":31,"column":34}},"loc":{"start":{"line":40,"column":20},"end":{"line":166,"column":1}},"line":40},"1":{"name":"(anonymous_1)","decl":{"start":{"line":48,"column":22},"end":{"line":48,"column":23}},"loc":{"start":{"line":48,"column":34},"end":{"line":53,"column":3}},"line":48},"2":{"name":"(anonymous_2)","decl":{"start":{"line":55,"column":21},"end":{"line":55,"column":22}},"loc":{"start":{"line":55,"column":33},"end":{"line":62,"column":3}},"line":55},"3":{"name":"(anonymous_3)","decl":{"start":{"line":64,"column":27},"end":{"line":64,"column":28}},"loc":{"start":{"line":64,"column":45},"end":{"line":70,"column":3}},"line":64},"4":{"name":"(anonymous_4)","decl":{"start":{"line":72,"column":50},"end":{"line":72,"column":51}},"loc":{"start":{"line":72,"column":56},"end":{"line":83,"column":3}},"line":72},"5":{"name":"(anonymous_5)","decl":{"start":{"line":85,"column":46},"end":{"line":85,"column":47}},"loc":{"start":{"line":85,"column":52},"end":{"line":109,"column":3}},"line":85},"6":{"name":"(anonymous_6)","decl":{"start":{"line":153,"column":21},"end":{"line":153,"column":22}},"loc":{"start":{"line":153,"column":27},"end":{"line":153,"column":57}},"line":153}},"branchMap":{"0":{"loc":{"start":{"line":34,"column":2},"end":{"line":34,"column":21}},"type":"default-arg","locations":[{"start":{"line":34,"column":12},"end":{"line":34,"column":21}}],"line":34},"1":{"loc":{"start":{"line":38,"column":2},"end":{"line":38,"column":28}},"type":"default-arg","locations":[{"start":{"line":38,"column":23},"end":{"line":38,"column":28}}],"line":38},"2":{"loc":{"start":{"line":46,"column":40},"end":{"line":46,"column":56}},"type":"cond-expr","locations":[{"start":{"line":46,"column":51},"end":{"line":46,"column":52}},{"start":{"line":46,"column":55},"end":{"line":46,"column":56}}],"line":46},"3":{"loc":{"start":{"line":58,"column":4},"end":{"line":60,"column":5}},"type":"if","locations":[{"start":{"line":58,"column":4},"end":{"line":60,"column":5}},{"start":{},"end":{}}],"line":58},"4":{"loc":{"start":{"line":66,"column":4},"end":{"line":68,"column":5}},"type":"if","locations":[{"start":{"line":66,"column":4},"end":{"line":68,"column":5}},{"start":{},"end":{}}],"line":66},"5":{"loc":{"start":{"line":67,"column":40},"end":{"line":67,"column":54}},"type":"cond-expr","locations":[{"start":{"line":67,"column":49},"end":{"line":67,"column":50}},{"start":{"line":67,"column":53},"end":{"line":67,"column":54}}],"line":67},"6":{"loc":{"start":{"line":80,"column":19},"end":{"line":80,"column":89}},"type":"cond-expr","locations":[{"start":{"line":80,"column":39},"end":{"line":80,"column":63}},{"start":{"line":80,"column":66},"end":{"line":80,"column":89}}],"line":80},"7":{"loc":{"start":{"line":81,"column":30},"end":{"line":81,"column":55}},"type":"cond-expr","locations":[{"start":{"line":81,"column":50},"end":{"line":81,"column":51}},{"start":{"line":81,"column":54},"end":{"line":81,"column":55}}],"line":81},"8":{"loc":{"start":{"line":107,"column":13},"end":{"line":107,"column":84}},"type":"cond-expr","locations":[{"start":{"line":107,"column":27},"end":{"line":107,"column":51}},{"start":{"line":107,"column":54},"end":{"line":107,"column":84}}],"line":107},"9":{"loc":{"start":{"line":111,"column":2},"end":{"line":133,"column":3}},"type":"if","locations":[{"start":{"line":111,"column":2},"end":{"line":133,"column":3}},{"start":{},"end":{}}],"line":111},"10":{"loc":{"start":{"line":111,"column":6},"end":{"line":111,"column":37}},"type":"binary-expr","locations":[{"start":{"line":111,"column":6},"end":{"line":111,"column":28}},{"start":{"line":111,"column":32},"end":{"line":111,"column":37}}],"line":111},"11":{"loc":{"start":{"line":130,"column":9},"end":{"line":130,"column":63}},"type":"binary-expr","locations":[{"start":{"line":130,"column":9},"end":{"line":130,"column":14}},{"start":{"line":130,"column":18},"end":{"line":130,"column":63}}],"line":130},"12":{"loc":{"start":{"line":148,"column":27},"end":{"line":148,"column":85}},"type":"cond-expr","locations":[{"start":{"line":148,"column":48},"end":{"line":148,"column":61}},{"start":{"line":148,"column":64},"end":{"line":148,"column":85}}],"line":148},"13":{"loc":{"start":{"line":150,"column":9},"end":{"line":161,"column":9}},"type":"binary-expr","locations":[{"start":{"line":150,"column":9},"end":{"line":150,"column":27}},{"start":{"line":151,"column":10},"end":{"line":160,"column":29}}],"line":150},"14":{"loc":{"start":{"line":156,"column":20},"end":{"line":156,"column":52}},"type":"cond-expr","locations":[{"start":{"line":156,"column":35},"end":{"line":156,"column":44}},{"start":{"line":156,"column":47},"end":{"line":156,"column":52}}],"line":156},"15":{"loc":{"start":{"line":163,"column":7},"end":{"line":163,"column":61}},"type":"binary-expr","locations":[{"start":{"line":163,"column":7},"end":{"line":163,"column":12}},{"start":{"line":163,"column":16},"end":{"line":163,"column":61}}],"line":163}},"s":{"0":0,"1":0,"2":0,"3":0,"4":0,"5":0,"6":0,"7":0,"8":0,"9":0,"10":0,"11":0,"12":0,"13":0,"14":0,"15":0,"16":0,"17":0,"18":0,"19":0,"20":0,"21":0,"22":0,"23":0,"24":0,"25":0,"26":0,"27":0,"28":0,"29":0,"30":0,"31":0,"32":0,"33":0,"34":0},"f":{"0":0,"1":0,"2":0,"3":0,"4":0,"5":0,"6":0},"b":{"0":[0],"1":[0],"2":[0,0],"3":[0,0],"4":[0,0],"5":[0,0],"6":[0,0],"7":[0,0],"8":[0,0],"9":[0,0],"10":[0,0],"11":[0,0],"12":[0,0],"13":[0,0],"14":[0,0],"15":[0,0]}}
,"/Users/iremdogadogruyol/Emora AI App/EmoraAI/src/config/fallbackResponses.ts": {"path":"/Users/iremdogadogruyol/Emora AI App/EmoraAI/src/config/fallbackResponses.ts","statementMap":{"0":{"start":{"line":8,"column":69},"end":{"line":113,"column":1}},"1":{"start":{"line":115,"column":41},"end":{"line":120,"column":1}},"2":{"start":{"line":116,"column":20},"end":{"line":116,"column":82}},"3":{"start":{"line":117,"column":24},"end":{"line":117,"column":86}},"4":{"start":{"line":118,"column":22},"end":{"line":118,"column":70}},"5":{"start":{"line":119,"column":2},"end":{"line":119,"column":36}}},"fnMap":{"0":{"name":"(anonymous_0)","decl":{"start":{"line":115,"column":41},"end":{"line":115,"column":42}},"loc":{"start":{"line":115,"column":92},"end":{"line":120,"column":1}},"line":115}},"branchMap":{"0":{"loc":{"start":{"line":116,"column":20},"end":{"line":116,"column":82}},"type":"binary-expr","locations":[{"start":{"line":116,"column":20},"end":{"line":116,"column":51}},{"start":{"line":116,"column":55},"end":{"line":116,"column":82}}],"line":116},"1":{"loc":{"start":{"line":117,"column":24},"end":{"line":117,"column":86}},"type":"binary-expr","locations":[{"start":{"line":117,"column":24},"end":{"line":117,"column":70}},{"start":{"line":117,"column":74},"end":{"line":117,"column":86}}],"line":117}},"s":{"0":1,"1":1,"2":1,"3":1,"4":1,"5":1},"f":{"0":1},"b":{"0":[1,0],"1":[1,0]},"_coverageSchema":"1a1c01bbd47fc00a2c39e90264f33305004495a9","hash":"2c2379791b0dbd91b86752fa6f1eeaa19df20b57"}
,"/Users/iremdogadogruyol/Emora AI App/EmoraAI/src/config/languagePatterns.ts": {"path":"/Users/iremdogadogruyol/Emora AI App/EmoraAI/src/config/languagePatterns.ts","statementMap":{"0":{"start":{"line":8,"column":52},"end":{"line":114,"column":1}}},"fnMap":{},"branchMap":{},"s":{"0":1},"f":{},"b":{},"_coverageSchema":"1a1c01bbd47fc00a2c39e90264f33305004495a9","hash":"7a32bcfe037887e6532471ccb2c9d5de7effb20e"}
,"/Users/iremdogadogruyol/Emora AI App/EmoraAI/src/config/personalityPrompts.ts": {"path":"/Users/iremdogadogruyol/Emora AI App/EmoraAI/src/config/personalityPrompts.ts","statementMap":{"0":{"start":{"line":23,"column":63},"end":{"line":72,"column":1}},"1":{"start":{"line":75,"column":34},"end":{"line":130,"column":1}},"2":{"start":{"line":81,"column":17},"end":{"line":81,"column":81}},"3":{"start":{"line":82,"column":20},"end":{"line":82,"column":37}},"4":{"start":{"line":84,"column":19},"end":{"line":86,"column":75}},"5":{"start":{"line":88,"column":21},"end":{"line":88,"column":72}},"6":{"start":{"line":89,"column":16},"end":{"line":107,"column":3}},"7":{"start":{"line":109,"column":27},"end":{"line":109,"column":73}},"8":{"start":{"line":110,"column":28},"end":{"line":110,"column":85}},"9":{"start":{"line":111,"column":27},"end":{"line":111,"column":84}},"10":{"start":{"line":112,"column":23},"end":{"line":114,"column":60}},"11":{"start":{"line":116,"column":2},"end":{"line":129,"column":17}},"12":{"start":{"line":122,"column":35},"end":{"line":122,"column":43}},"13":{"start":{"line":125,"column":46},"end":{"line":125,"column":54}}},"fnMap":{"0":{"name":"(anonymous_0)","decl":{"start":{"line":75,"column":34},"end":{"line":75,"column":35}},"loc":{"start":{"line":80,"column":13},"end":{"line":130,"column":1}},"line":80},"1":{"name":"(anonymous_1)","decl":{"start":{"line":122,"column":30},"end":{"line":122,"column":31}},"loc":{"start":{"line":122,"column":35},"end":{"line":122,"column":43}},"line":122},"2":{"name":"(anonymous_2)","decl":{"start":{"line":125,"column":41},"end":{"line":125,"column":42}},"loc":{"start":{"line":125,"column":46},"end":{"line":125,"column":54}},"line":125}},"branchMap":{"0":{"loc":{"start":{"line":81,"column":17},"end":{"line":81,"column":81}},"type":"binary-expr","locations":[{"start":{"line":81,"column":17},"end":{"line":81,"column":49}},{"start":{"line":81,"column":53},"end":{"line":81,"column":81}}],"line":81},"1":{"loc":{"start":{"line":84,"column":19},"end":{"line":86,"column":75}},"type":"cond-expr","locations":[{"start":{"line":85,"column":6},"end":{"line":85,"column":81}},{"start":{"line":86,"column":6},"end":{"line":86,"column":75}}],"line":84},"2":{"loc":{"start":{"line":88,"column":21},"end":{"line":88,"column":72}},"type":"cond-expr","locations":[{"start":{"line":88,"column":33},"end":{"line":88,"column":51}},{"start":{"line":88,"column":54},"end":{"line":88,"column":72}}],"line":88},"3":{"loc":{"start":{"line":89,"column":16},"end":{"line":107,"column":3}},"type":"cond-expr","locations":[{"start":{"line":89,"column":28},"end":{"line":98,"column":3}},{"start":{"line":98,"column":6},"end":{"line":107,"column":3}}],"line":89},"4":{"loc":{"start":{"line":109,"column":27},"end":{"line":109,"column":73}},"type":"cond-expr","locations":[{"start":{"line":109,"column":39},"end":{"line":109,"column":51}},{"start":{"line":109,"column":54},"end":{"line":109,"column":73}}],"line":109},"5":{"loc":{"start":{"line":110,"column":28},"end":{"line":110,"column":85}},"type":"cond-expr","locations":[{"start":{"line":110,"column":40},"end":{"line":110,"column":56}},{"start":{"line":110,"column":59},"end":{"line":110,"column":85}}],"line":110},"6":{"loc":{"start":{"line":111,"column":27},"end":{"line":111,"column":84}},"type":"cond-expr","locations":[{"start":{"line":111,"column":39},"end":{"line":111,"column":62}},{"start":{"line":111,"column":65},"end":{"line":111,"column":84}}],"line":111},"7":{"loc":{"start":{"line":112,"column":23},"end":{"line":114,"column":60}},"type":"cond-expr","locations":[{"start":{"line":113,"column":6},"end":{"line":113,"column":83}},{"start":{"line":114,"column":6},"end":{"line":114,"column":60}}],"line":112}},"s":{"0":1,"1":1,"2":2,"3":2,"4":2,"5":2,"6":2,"7":2,"8":2,"9":2,"10":2,"11":2,"12":10,"13":18},"f":{"0":2,"1":10,"2":18},"b":{"0":[2,0],"1":[0,2],"2":[0,2],"3":[0,2],"4":[0,2],"5":[0,2],"6":[0,2],"7":[0,2]},"_coverageSchema":"1a1c01bbd47fc00a2c39e90264f33305004495a9","hash":"579777e1e34c07dc070e2feecb95bb9ac780e3d9"}
,"/Users/iremdogadogruyol/Emora AI App/EmoraAI/src/config/restrictedTopics.ts": {"path":"/Users/iremdogadogruyol/Emora AI App/EmoraAI/src/config/restrictedTopics.ts","statementMap":{"0":{"start":{"line":4,"column":33},"end":{"line":57,"column":1}},"1":{"start":{"line":60,"column":29},"end":{"line":64,"column":1}},"2":{"start":{"line":61,"column":45},"end":{"line":61,"column":318}},"3":{"start":{"line":62,"column":42},"end":{"line":62,"column":224}},"4":{"start":{"line":63,"column":45},"end":{"line":63,"column":329}},"5":{"start":{"line":66,"column":29},"end":{"line":70,"column":1}},"6":{"start":{"line":67,"column":45},"end":{"line":67,"column":282}},"7":{"start":{"line":68,"column":42},"end":{"line":68,"column":160}},"8":{"start":{"line":69,"column":45},"end":{"line":69,"column":272}},"9":{"start":{"line":73,"column":39},"end":{"line":79,"column":1}},"10":{"start":{"line":74,"column":2},"end":{"line":78,"column":3}},"11":{"start":{"line":75,"column":4},"end":{"line":75,"column":79}},"12":{"start":{"line":77,"column":4},"end":{"line":77,"column":79}}},"fnMap":{"0":{"name":"(anonymous_0)","decl":{"start":{"line":61,"column":40},"end":{"line":61,"column":41}},"loc":{"start":{"line":61,"column":45},"end":{"line":61,"column":318}},"line":61},"1":{"name":"(anonymous_1)","decl":{"start":{"line":62,"column":37},"end":{"line":62,"column":38}},"loc":{"start":{"line":62,"column":42},"end":{"line":62,"column":224}},"line":62},"2":{"name":"(anonymous_2)","decl":{"start":{"line":63,"column":40},"end":{"line":63,"column":41}},"loc":{"start":{"line":63,"column":45},"end":{"line":63,"column":329}},"line":63},"3":{"name":"(anonymous_3)","decl":{"start":{"line":67,"column":40},"end":{"line":67,"column":41}},"loc":{"start":{"line":67,"column":45},"end":{"line":67,"column":282}},"line":67},"4":{"name":"(anonymous_4)","decl":{"start":{"line":68,"column":37},"end":{"line":68,"column":38}},"loc":{"start":{"line":68,"column":42},"end":{"line":68,"column":160}},"line":68},"5":{"name":"(anonymous_5)","decl":{"start":{"line":69,"column":40},"end":{"line":69,"column":41}},"loc":{"start":{"line":69,"column":45},"end":{"line":69,"column":272}},"line":69},"6":{"name":"(anonymous_6)","decl":{"start":{"line":73,"column":39},"end":{"line":73,"column":40}},"loc":{"start":{"line":73,"column":76},"end":{"line":79,"column":1}},"line":73}},"branchMap":{"0":{"loc":{"start":{"line":61,"column":45},"end":{"line":61,"column":318}},"type":"binary-expr","locations":[{"start":{"line":61,"column":45},"end":{"line":61,"column":71}},{"start":{"line":61,"column":75},"end":{"line":61,"column":98}},{"start":{"line":61,"column":102},"end":{"line":61,"column":126}},{"start":{"line":61,"column":130},"end":{"line":61,"column":162}},{"start":{"line":61,"column":166},"end":{"line":61,"column":202}},{"start":{"line":61,"column":206},"end":{"line":61,"column":239}},{"start":{"line":61,"column":243},"end":{"line":61,"column":278}},{"start":{"line":61,"column":282},"end":{"line":61,"column":318}}],"line":61},"1":{"loc":{"start":{"line":62,"column":42},"end":{"line":62,"column":224}},"type":"binary-expr","locations":[{"start":{"line":62,"column":42},"end":{"line":62,"column":77}},{"start":{"line":62,"column":81},"end":{"line":62,"column":121}},{"start":{"line":62,"column":125},"end":{"line":62,"column":164}},{"start":{"line":62,"column":168},"end":{"line":62,"column":192}},{"start":{"line":62,"column":196},"end":{"line":62,"column":224}}],"line":62},"2":{"loc":{"start":{"line":63,"column":45},"end":{"line":63,"column":329}},"type":"binary-expr","locations":[{"start":{"line":63,"column":45},"end":{"line":63,"column":68}},{"start":{"line":63,"column":72},"end":{"line":63,"column":104}},{"start":{"line":63,"column":108},"end":{"line":63,"column":138}},{"start":{"line":63,"column":142},"end":{"line":63,"column":164}},{"start":{"line":63,"column":168},"end":{"line":63,"column":192}},{"start":{"line":63,"column":196},"end":{"line":63,"column":220}},{"start":{"line":63,"column":224},"end":{"line":63,"column":244}},{"start":{"line":63,"column":248},"end":{"line":63,"column":274}},{"start":{"line":63,"column":278},"end":{"line":63,"column":301}},{"start":{"line":63,"column":305},"end":{"line":63,"column":329}}],"line":63},"3":{"loc":{"start":{"line":67,"column":45},"end":{"line":67,"column":282}},"type":"binary-expr","locations":[{"start":{"line":67,"column":45},"end":{"line":67,"column":63}},{"start":{"line":67,"column":67},"end":{"line":67,"column":89}},{"start":{"line":67,"column":93},"end":{"line":67,"column":115}},{"start":{"line":67,"column":119},"end":{"line":67,"column":144}},{"start":{"line":67,"column":148},"end":{"line":67,"column":169}},{"start":{"line":67,"column":173},"end":{"line":67,"column":194}},{"start":{"line":67,"column":198},"end":{"line":67,"column":223}},{"start":{"line":67,"column":227},"end":{"line":67,"column":250}},{"start":{"line":67,"column":254},"end":{"line":67,"column":282}}],"line":67},"4":{"loc":{"start":{"line":68,"column":42},"end":{"line":68,"column":160}},"type":"binary-expr","locations":[{"start":{"line":68,"column":42},"end":{"line":68,"column":62}},{"start":{"line":68,"column":66},"end":{"line":68,"column":85}},{"start":{"line":68,"column":89},"end":{"line":68,"column":110}},{"start":{"line":68,"column":114},"end":{"line":68,"column":135}},{"start":{"line":68,"column":139},"end":{"line":68,"column":160}}],"line":68},"5":{"loc":{"start":{"line":69,"column":45},"end":{"line":69,"column":272}},"type":"binary-expr","locations":[{"start":{"line":69,"column":45},"end":{"line":69,"column":67}},{"start":{"line":69,"column":71},"end":{"line":69,"column":92}},{"start":{"line":69,"column":96},"end":{"line":69,"column":118}},{"start":{"line":69,"column":122},"end":{"line":69,"column":142}},{"start":{"line":69,"column":146},"end":{"line":69,"column":170}},{"start":{"line":69,"column":174},"end":{"line":69,"column":199}},{"start":{"line":69,"column":203},"end":{"line":69,"column":223}},{"start":{"line":69,"column":227},"end":{"line":69,"column":248}},{"start":{"line":69,"column":252},"end":{"line":69,"column":272}}],"line":69},"6":{"loc":{"start":{"line":73,"column":40},"end":{"line":73,"column":63}},"type":"default-arg","locations":[{"start":{"line":73,"column":59},"end":{"line":73,"column":63}}],"line":73},"7":{"loc":{"start":{"line":74,"column":2},"end":{"line":78,"column":3}},"type":"if","locations":[{"start":{"line":74,"column":2},"end":{"line":78,"column":3}},{"start":{"line":76,"column":9},"end":{"line":78,"column":3}}],"line":74}},"s":{"0":1,"1":1,"2":16,"3":10,"4":20,"5":1,"6":16,"7":10,"8":20,"9":1,"10":2,"11":0,"12":2},"f":{"0":16,"1":10,"2":20,"3":16,"4":10,"5":20,"6":2},"b":{"0":[16,15,14,13,12,11,10,9],"1":[10,9,8,7,6],"2":[20,19,18,17,16,15,14,13,12,11],"3":[16,15,14,12,11,10,10,9,8],"4":[10,9,8,7,6],"5":[20,19,17,16,15,14,13,12,11],"6":[0],"7":[0,2]},"_coverageSchema":"1a1c01bbd47fc00a2c39e90264f33305004495a9","hash":"87941b373ef66f143f3dc4298164b230cac3c1ae"}
,"/Users/iremdogadogruyol/Emora AI App/EmoraAI/src/config/supabase.ts": {"path":"/Users/iremdogadogruyol/Emora AI App/EmoraAI/src/config/supabase.ts","statementMap":{"0":{"start":{"line":8,"column":20},"end":{"line":8,"column":56}},"1":{"start":{"line":9,"column":24},"end":{"line":9,"column":65}},"2":{"start":{"line":12,"column":0},"end":{"line":28,"column":1}},"3":{"start":{"line":14,"column":4},"end":{"line":18,"column":67}},"4":{"start":{"line":20,"column":2},"end":{"line":27,"column":3}},"5":{"start":{"line":21,"column":4},"end":{"line":21,"column":31}},"6":{"start":{"line":23,"column":4},"end":{"line":23,"column":93}},"7":{"start":{"line":26,"column":4},"end":{"line":26,"column":95}},"8":{"start":{"line":31,"column":24},"end":{"line":31,"column":66}}},"fnMap":{},"branchMap":{"0":{"loc":{"start":{"line":12,"column":0},"end":{"line":28,"column":1}},"type":"if","locations":[{"start":{"line":12,"column":0},"end":{"line":28,"column":1}},{"start":{},"end":{}}],"line":12},"1":{"loc":{"start":{"line":12,"column":4},"end":{"line":12,"column":36}},"type":"binary-expr","locations":[{"start":{"line":12,"column":4},"end":{"line":12,"column":16}},{"start":{"line":12,"column":20},"end":{"line":12,"column":36}}],"line":12},"2":{"loc":{"start":{"line":20,"column":2},"end":{"line":27,"column":3}},"type":"if","locations":[{"start":{"line":20,"column":2},"end":{"line":27,"column":3}},{"start":{"line":24,"column":9},"end":{"line":27,"column":3}}],"line":20}},"s":{"0":0,"1":0,"2":0,"3":0,"4":0,"5":0,"6":0,"7":0,"8":0},"f":{},"b":{"0":[0,0],"1":[0,0],"2":[0,0]}}
,"/Users/iremdogadogruyol/Emora AI App/EmoraAI/src/contexts/LanguageContext.tsx": {"path":"/Users/iremdogadogruyol/Emora AI App/EmoraAI/src/contexts/LanguageContext.tsx","statementMap":{"0":{"start":{"line":18,"column":23},"end":{"line":31,"column":1}},"1":{"start":{"line":19,"column":2},"end":{"line":30,"column":3}},"2":{"start":{"line":20,"column":4},"end":{"line":20,"column":60}},"3":{"start":{"line":23,"column":29},"end":{"line":23,"column":62}},"4":{"start":{"line":24,"column":4},"end":{"line":24,"column":59}},"5":{"start":{"line":26,"column":4},"end":{"line":26,"column":28}},"6":{"start":{"line":28,"column":4},"end":{"line":28,"column":54}},"7":{"start":{"line":29,"column":4},"end":{"line":29,"column":17}},"8":{"start":{"line":34,"column":23},"end":{"line":50,"column":1}},"9":{"start":{"line":35,"column":2},"end":{"line":49,"column":3}},"10":{"start":{"line":37,"column":26},"end":{"line":37,"column":67}},"11":{"start":{"line":38,"column":4},"end":{"line":41,"column":5}},"12":{"start":{"line":39,"column":6},"end":{"line":39,"column":60}},"13":{"start":{"line":40,"column":6},"end":{"line":40,"column":39}},"14":{"start":{"line":44,"column":4},"end":{"line":44,"column":44}},"15":{"start":{"line":45,"column":4},"end":{"line":45,"column":16}},"16":{"start":{"line":47,"column":4},"end":{"line":47,"column":46}},"17":{"start":{"line":48,"column":4},"end":{"line":48,"column":16}},"18":{"start":{"line":52,"column":24},"end":{"line":52,"column":81}},"19":{"start":{"line":55,"column":21},"end":{"line":4871,"column":1}},"20":{"start":{"line":4877,"column":65},"end":{"line":4929,"column":1}},"21":{"start":{"line":4878,"column":39},"end":{"line":4878,"column":63}},"22":{"start":{"line":4879,"column":34},"end":{"line":4879,"column":59}},"23":{"start":{"line":4882,"column":2},"end":{"line":4884,"column":9}},"24":{"start":{"line":4883,"column":4},"end":{"line":4883,"column":30}},"25":{"start":{"line":4886,"column":34},"end":{"line":4902,"column":3}},"26":{"start":{"line":4887,"column":4},"end":{"line":4901,"column":5}},"27":{"start":{"line":4889,"column":31},"end":{"line":4889,"column":53}},"28":{"start":{"line":4890,"column":31},"end":{"line":4890,"column":63}},"29":{"start":{"line":4892,"column":6},"end":{"line":4892,"column":52}},"30":{"start":{"line":4893,"column":6},"end":{"line":4893,"column":60}},"31":{"start":{"line":4895,"column":6},"end":{"line":4895,"column":41}},"32":{"start":{"line":4896,"column":6},"end":{"line":4896,"column":36}},"33":{"start":{"line":4898,"column":6},"end":{"line":4898,"column":64}},"34":{"start":{"line":4899,"column":6},"end":{"line":4899,"column":29}},"35":{"start":{"line":4900,"column":6},"end":{"line":4900,"column":25}},"36":{"start":{"line":4904,"column":22},"end":{"line":4918,"column":3}},"37":{"start":{"line":4905,"column":4},"end":{"line":4917,"column":5}},"38":{"start":{"line":4907,"column":6},"end":{"line":4907,"column":29}},"39":{"start":{"line":4908,"column":6},"end":{"line":4908,"column":54}},"40":{"start":{"line":4911,"column":26},"end":{"line":4911,"column":46}},"41":{"start":{"line":4912,"column":6},"end":{"line":4912,"column":31}},"42":{"start":{"line":4913,"column":6},"end":{"line":4913,"column":54}},"43":{"start":{"line":4914,"column":6},"end":{"line":4914,"column":58}},"44":{"start":{"line":4916,"column":6},"end":{"line":4916,"column":50}},"45":{"start":{"line":4920,"column":12},"end":{"line":4922,"column":3}},"46":{"start":{"line":4921,"column":4},"end":{"line":4921,"column":46}},"47":{"start":{"line":4924,"column":2},"end":{"line":4928,"column":4}},"48":{"start":{"line":4931,"column":27},"end":{"line":4937,"column":1}},"49":{"start":{"line":4932,"column":18},"end":{"line":4932,"column":45}},"50":{"start":{"line":4933,"column":2},"end":{"line":4935,"column":3}},"51":{"start":{"line":4934,"column":4},"end":{"line":4934,"column":74}},"52":{"start":{"line":4936,"column":2},"end":{"line":4936,"column":17}}},"fnMap":{"0":{"name":"(anonymous_0)","decl":{"start":{"line":18,"column":23},"end":{"line":18,"column":24}},"loc":{"start":{"line":18,"column":57},"end":{"line":31,"column":1}},"line":18},"1":{"name":"(anonymous_1)","decl":{"start":{"line":34,"column":23},"end":{"line":34,"column":24}},"loc":{"start":{"line":34,"column":54},"end":{"line":50,"column":1}},"line":34},"2":{"name":"(anonymous_2)","decl":{"start":{"line":4877,"column":65},"end":{"line":4877,"column":66}},"loc":{"start":{"line":4877,"column":83},"end":{"line":4929,"column":1}},"line":4877},"3":{"name":"(anonymous_3)","decl":{"start":{"line":4882,"column":12},"end":{"line":4882,"column":13}},"loc":{"start":{"line":4882,"column":18},"end":{"line":4884,"column":3}},"line":4882},"4":{"name":"(anonymous_4)","decl":{"start":{"line":4886,"column":34},"end":{"line":4886,"column":35}},"loc":{"start":{"line":4886,"column":46},"end":{"line":4902,"column":3}},"line":4886},"5":{"name":"(anonymous_5)","decl":{"start":{"line":4904,"column":22},"end":{"line":4904,"column":23}},"loc":{"start":{"line":4904,"column":48},"end":{"line":4918,"column":3}},"line":4904},"6":{"name":"(anonymous_6)","decl":{"start":{"line":4920,"column":12},"end":{"line":4920,"column":13}},"loc":{"start":{"line":4920,"column":37},"end":{"line":4922,"column":3}},"line":4920},"7":{"name":"(anonymous_7)","decl":{"start":{"line":4931,"column":27},"end":{"line":4931,"column":28}},"loc":{"start":{"line":4931,"column":54},"end":{"line":4937,"column":1}},"line":4931}},"branchMap":{"0":{"loc":{"start":{"line":23,"column":29},"end":{"line":23,"column":62}},"type":"cond-expr","locations":[{"start":{"line":23,"column":49},"end":{"line":23,"column":54}},{"start":{"line":23,"column":57},"end":{"line":23,"column":62}}],"line":23},"1":{"loc":{"start":{"line":38,"column":4},"end":{"line":41,"column":5}},"type":"if","locations":[{"start":{"line":38,"column":4},"end":{"line":41,"column":5}},{"start":{},"end":{}}],"line":38},"2":{"loc":{"start":{"line":38,"column":8},"end":{"line":38,"column":361}},"type":"binary-expr","locations":[{"start":{"line":38,"column":8},"end":{"line":38,"column":21}},{"start":{"line":38,"column":26},"end":{"line":38,"column":48}},{"start":{"line":38,"column":52},"end":{"line":38,"column":74}},{"start":{"line":38,"column":78},"end":{"line":38,"column":100}},{"start":{"line":38,"column":104},"end":{"line":38,"column":126}},{"start":{"line":38,"column":130},"end":{"line":38,"column":152}},{"start":{"line":38,"column":156},"end":{"line":38,"column":178}},{"start":{"line":38,"column":182},"end":{"line":38,"column":204}},{"start":{"line":38,"column":208},"end":{"line":38,"column":230}},{"start":{"line":38,"column":234},"end":{"line":38,"column":256}},{"start":{"line":38,"column":260},"end":{"line":38,"column":282}},{"start":{"line":38,"column":286},"end":{"line":38,"column":308}},{"start":{"line":38,"column":312},"end":{"line":38,"column":334}},{"start":{"line":38,"column":338},"end":{"line":38,"column":360}}],"line":38},"3":{"loc":{"start":{"line":4921,"column":11},"end":{"line":4921,"column":45}},"type":"binary-expr","locations":[{"start":{"line":4921,"column":11},"end":{"line":4921,"column":38}},{"start":{"line":4921,"column":42},"end":{"line":4921,"column":45}}],"line":4921},"4":{"loc":{"start":{"line":4933,"column":2},"end":{"line":4935,"column":3}},"type":"if","locations":[{"start":{"line":4933,"column":2},"end":{"line":4935,"column":3}},{"start":{},"end":{}}],"line":4933}},"s":{"0":0,"1":0,"2":0,"3":0,"4":0,"5":0,"6":0,"7":0,"8":0,"9":0,"10":0,"11":0,"12":0,"13":0,"14":0,"15":0,"16":0,"17":0,"18":0,"19":0,"20":0,"21":0,"22":0,"23":0,"24":0,"25":0,"26":0,"27":0,"28":0,"29":0,"30":0,"31":0,"32":0,"33":0,"34":0,"35":0,"36":0,"37":0,"38":0,"39":0,"40":0,"41":0,"42":0,"43":0,"44":0,"45":0,"46":0,"47":0,"48":0,"49":0,"50":0,"51":0,"52":0},"f":{"0":0,"1":0,"2":0,"3":0,"4":0,"5":0,"6":0,"7":0},"b":{"0":[0,0],"1":[0,0],"2":[0,0,0,0,0,0,0,0,0,0,0,0,0,0],"3":[0,0],"4":[0,0]}}
,"/Users/iremdogadogruyol/Emora AI App/EmoraAI/src/contexts/PremiumContext.tsx": {"path":"/Users/iremdogadogruyol/Emora AI App/EmoraAI/src/contexts/PremiumContext.tsx","statementMap":{"0":{"start":{"line":27,"column":23},"end":{"line":27,"column":79}},"1":{"start":{"line":33,"column":63},"end":{"line":219,"column":1}},"2":{"start":{"line":34,"column":36},"end":{"line":34,"column":51}},"3":{"start":{"line":35,"column":36},"end":{"line":35,"column":50}},"4":{"start":{"line":36,"column":42},"end":{"line":36,"column":84}},"5":{"start":{"line":39,"column":29},"end":{"line":105,"column":3}},"6":{"start":{"line":40,"column":4},"end":{"line":104,"column":5}},"7":{"start":{"line":41,"column":6},"end":{"line":41,"column":25}},"8":{"start":{"line":44,"column":33},"end":{"line":44,"column":62}},"9":{"start":{"line":45,"column":6},"end":{"line":49,"column":7}},"10":{"start":{"line":46,"column":8},"end":{"line":46,"column":28}},"11":{"start":{"line":47,"column":8},"end":{"line":47,"column":30}},"12":{"start":{"line":48,"column":8},"end":{"line":48,"column":15}},"13":{"start":{"line":52,"column":43},"end":{"line":58,"column":17}},"14":{"start":{"line":60,"column":6},"end":{"line":65,"column":7}},"15":{"start":{"line":61,"column":8},"end":{"line":61,"column":63}},"16":{"start":{"line":62,"column":8},"end":{"line":62,"column":28}},"17":{"start":{"line":63,"column":8},"end":{"line":63,"column":30}},"18":{"start":{"line":64,"column":8},"end":{"line":64,"column":15}},"19":{"start":{"line":67,"column":6},"end":{"line":97,"column":7}},"20":{"start":{"line":68,"column":35},"end":{"line":68,"column":49}},"21":{"start":{"line":71,"column":8},"end":{"line":86,"column":9}},"22":{"start":{"line":72,"column":28},"end":{"line":72,"column":67}},"23":{"start":{"line":73,"column":22},"end":{"line":73,"column":32}},"24":{"start":{"line":75,"column":10},"end":{"line":81,"column":11}},"25":{"start":{"line":76,"column":12},"end":{"line":76,"column":31}},"26":{"start":{"line":77,"column":12},"end":{"line":77,"column":48}},"27":{"start":{"line":80,"column":12},"end":{"line":80,"column":38}},"28":{"start":{"line":84,"column":10},"end":{"line":84,"column":29}},"29":{"start":{"line":85,"column":10},"end":{"line":85,"column":46}},"30":{"start":{"line":89,"column":29},"end":{"line":89,"column":77}},"31":{"start":{"line":90,"column":8},"end":{"line":96,"column":9}},"32":{"start":{"line":92,"column":10},"end":{"line":92,"column":38}},"33":{"start":{"line":94,"column":10},"end":{"line":94,"column":30}},"34":{"start":{"line":95,"column":10},"end":{"line":95,"column":32}},"35":{"start":{"line":99,"column":6},"end":{"line":99,"column":61}},"36":{"start":{"line":100,"column":6},"end":{"line":100,"column":26}},"37":{"start":{"line":101,"column":6},"end":{"line":101,"column":28}},"38":{"start":{"line":103,"column":6},"end":{"line":103,"column":26}},"39":{"start":{"line":108,"column":30},"end":{"line":142,"column":3}},"40":{"start":{"line":109,"column":4},"end":{"line":141,"column":5}},"41":{"start":{"line":110,"column":33},"end":{"line":110,"column":62}},"42":{"start":{"line":111,"column":6},"end":{"line":111,"column":24}},"43":{"start":{"line":111,"column":17},"end":{"line":111,"column":24}},"44":{"start":{"line":114,"column":24},"end":{"line":114,"column":69}},"45":{"start":{"line":115,"column":31},"end":{"line":117,"column":7}},"46":{"start":{"line":116,"column":8},"end":{"line":116,"column":79}},"47":{"start":{"line":119,"column":6},"end":{"line":138,"column":7}},"48":{"start":{"line":120,"column":31},"end":{"line":120,"column":50}},"49":{"start":{"line":123,"column":26},"end":{"line":133,"column":12}},"50":{"start":{"line":135,"column":8},"end":{"line":137,"column":9}},"51":{"start":{"line":136,"column":10},"end":{"line":136,"column":37}},"52":{"start":{"line":140,"column":6},"end":{"line":140,"column":66}},"53":{"start":{"line":145,"column":26},"end":{"line":169,"column":3}},"54":{"start":{"line":146,"column":4},"end":{"line":168,"column":5}},"55":{"start":{"line":147,"column":33},"end":{"line":147,"column":62}},"56":{"start":{"line":148,"column":6},"end":{"line":148,"column":24}},"57":{"start":{"line":148,"column":17},"end":{"line":148,"column":24}},"58":{"start":{"line":151,"column":24},"end":{"line":159,"column":10}},"59":{"start":{"line":161,"column":6},"end":{"line":165,"column":7}},"60":{"start":{"line":163,"column":8},"end":{"line":163,"column":56}},"61":{"start":{"line":164,"column":8},"end":{"line":164,"column":35}},"62":{"start":{"line":167,"column":6},"end":{"line":167,"column":57}},"63":{"start":{"line":172,"column":28},"end":{"line":192,"column":3}},"64":{"start":{"line":173,"column":4},"end":{"line":191,"column":5}},"65":{"start":{"line":174,"column":33},"end":{"line":174,"column":62}},"66":{"start":{"line":175,"column":6},"end":{"line":175,"column":24}},"67":{"start":{"line":175,"column":17},"end":{"line":175,"column":24}},"68":{"start":{"line":178,"column":24},"end":{"line":181,"column":31}},"69":{"start":{"line":183,"column":6},"end":{"line":188,"column":7}},"70":{"start":{"line":185,"column":8},"end":{"line":185,"column":51}},"71":{"start":{"line":186,"column":8},"end":{"line":186,"column":28}},"72":{"start":{"line":187,"column":8},"end":{"line":187,"column":30}},"73":{"start":{"line":190,"column":6},"end":{"line":190,"column":60}},"74":{"start":{"line":195,"column":31},"end":{"line":197,"column":3}},"75":{"start":{"line":196,"column":4},"end":{"line":196,"column":31}},"76":{"start":{"line":200,"column":2},"end":{"line":202,"column":9}},"77":{"start":{"line":201,"column":4},"end":{"line":201,"column":25}},"78":{"start":{"line":204,"column":36},"end":{"line":212,"column":3}},"79":{"start":{"line":214,"column":2},"end":{"line":218,"column":4}},"80":{"start":{"line":221,"column":26},"end":{"line":227,"column":1}},"81":{"start":{"line":222,"column":18},"end":{"line":222,"column":44}},"82":{"start":{"line":223,"column":2},"end":{"line":225,"column":3}},"83":{"start":{"line":224,"column":4},"end":{"line":224,"column":72}},"84":{"start":{"line":226,"column":2},"end":{"line":226,"column":17}}},"fnMap":{"0":{"name":"(anonymous_0)","decl":{"start":{"line":33,"column":63},"end":{"line":33,"column":64}},"loc":{"start":{"line":33,"column":81},"end":{"line":219,"column":1}},"line":33},"1":{"name":"(anonymous_1)","decl":{"start":{"line":39,"column":29},"end":{"line":39,"column":30}},"loc":{"start":{"line":39,"column":41},"end":{"line":105,"column":3}},"line":39},"2":{"name":"(anonymous_2)","decl":{"start":{"line":108,"column":30},"end":{"line":108,"column":31}},"loc":{"start":{"line":108,"column":42},"end":{"line":142,"column":3}},"line":108},"3":{"name":"(anonymous_3)","decl":{"start":{"line":115,"column":48},"end":{"line":115,"column":49}},"loc":{"start":{"line":116,"column":8},"end":{"line":116,"column":79}},"line":116},"4":{"name":"(anonymous_4)","decl":{"start":{"line":145,"column":26},"end":{"line":145,"column":27}},"loc":{"start":{"line":145,"column":55},"end":{"line":169,"column":3}},"line":145},"5":{"name":"(anonymous_5)","decl":{"start":{"line":172,"column":28},"end":{"line":172,"column":29}},"loc":{"start":{"line":172,"column":40},"end":{"line":192,"column":3}},"line":172},"6":{"name":"(anonymous_6)","decl":{"start":{"line":195,"column":31},"end":{"line":195,"column":32}},"loc":{"start":{"line":195,"column":43},"end":{"line":197,"column":3}},"line":195},"7":{"name":"(anonymous_7)","decl":{"start":{"line":200,"column":12},"end":{"line":200,"column":13}},"loc":{"start":{"line":200,"column":18},"end":{"line":202,"column":3}},"line":200},"8":{"name":"(anonymous_8)","decl":{"start":{"line":221,"column":26},"end":{"line":221,"column":27}},"loc":{"start":{"line":221,"column":52},"end":{"line":227,"column":1}},"line":221}},"branchMap":{"0":{"loc":{"start":{"line":45,"column":6},"end":{"line":49,"column":7}},"type":"if","locations":[{"start":{"line":45,"column":6},"end":{"line":49,"column":7}},{"start":{},"end":{}}],"line":45},"1":{"loc":{"start":{"line":60,"column":6},"end":{"line":65,"column":7}},"type":"if","locations":[{"start":{"line":60,"column":6},"end":{"line":65,"column":7}},{"start":{},"end":{}}],"line":60},"2":{"loc":{"start":{"line":67,"column":6},"end":{"line":97,"column":7}},"type":"if","locations":[{"start":{"line":67,"column":6},"end":{"line":97,"column":7}},{"start":{"line":87,"column":13},"end":{"line":97,"column":7}}],"line":67},"3":{"loc":{"start":{"line":67,"column":10},"end":{"line":67,"column":47}},"type":"binary-expr","locations":[{"start":{"line":67,"column":10},"end":{"line":67,"column":21}},{"start":{"line":67,"column":25},"end":{"line":67,"column":47}}],"line":67},"4":{"loc":{"start":{"line":71,"column":8},"end":{"line":86,"column":9}},"type":"if","locations":[{"start":{"line":71,"column":8},"end":{"line":86,"column":9}},{"start":{"line":82,"column":15},"end":{"line":86,"column":9}}],"line":71},"5":{"loc":{"start":{"line":75,"column":10},"end":{"line":81,"column":11}},"type":"if","locations":[{"start":{"line":75,"column":10},"end":{"line":81,"column":11}},{"start":{"line":78,"column":17},"end":{"line":81,"column":11}}],"line":75},"6":{"loc":{"start":{"line":90,"column":8},"end":{"line":96,"column":9}},"type":"if","locations":[{"start":{"line":90,"column":8},"end":{"line":96,"column":9}},{"start":{"line":93,"column":15},"end":{"line":96,"column":9}}],"line":90},"7":{"loc":{"start":{"line":111,"column":6},"end":{"line":111,"column":24}},"type":"if","locations":[{"start":{"line":111,"column":6},"end":{"line":111,"column":24}},{"start":{},"end":{}}],"line":111},"8":{"loc":{"start":{"line":119,"column":6},"end":{"line":138,"column":7}},"type":"if","locations":[{"start":{"line":119,"column":6},"end":{"line":138,"column":7}},{"start":{},"end":{}}],"line":119},"9":{"loc":{"start":{"line":130,"column":24},"end":{"line":132,"column":18}},"type":"cond-expr","locations":[{"start":{"line":131,"column":14},"end":{"line":131,"column":127}},{"start":{"line":132,"column":14},"end":{"line":132,"column":18}}],"line":130},"10":{"loc":{"start":{"line":135,"column":8},"end":{"line":137,"column":9}},"type":"if","locations":[{"start":{"line":135,"column":8},"end":{"line":137,"column":9}},{"start":{},"end":{}}],"line":135},"11":{"loc":{"start":{"line":148,"column":6},"end":{"line":148,"column":24}},"type":"if","locations":[{"start":{"line":148,"column":6},"end":{"line":148,"column":24}},{"start":{},"end":{}}],"line":148},"12":{"loc":{"start":{"line":158,"column":22},"end":{"line":158,"column":52}},"type":"binary-expr","locations":[{"start":{"line":158,"column":22},"end":{"line":158,"column":44}},{"start":{"line":158,"column":48},"end":{"line":158,"column":52}}],"line":158},"13":{"loc":{"start":{"line":161,"column":6},"end":{"line":165,"column":7}},"type":"if","locations":[{"start":{"line":161,"column":6},"end":{"line":165,"column":7}},{"start":{},"end":{}}],"line":161},"14":{"loc":{"start":{"line":175,"column":6},"end":{"line":175,"column":24}},"type":"if","locations":[{"start":{"line":175,"column":6},"end":{"line":175,"column":24}},{"start":{},"end":{}}],"line":175},"15":{"loc":{"start":{"line":183,"column":6},"end":{"line":188,"column":7}},"type":"if","locations":[{"start":{"line":183,"column":6},"end":{"line":188,"column":7}},{"start":{},"end":{}}],"line":183},"16":{"loc":{"start":{"line":223,"column":2},"end":{"line":225,"column":3}},"type":"if","locations":[{"start":{"line":223,"column":2},"end":{"line":225,"column":3}},{"start":{},"end":{}}],"line":223}},"s":{"0":0,"1":0,"2":0,"3":0,"4":0,"5":0,"6":0,"7":0,"8":0,"9":0,"10":0,"11":0,"12":0,"13":0,"14":0,"15":0,"16":0,"17":0,"18":0,"19":0,"20":0,"21":0,"22":0,"23":0,"24":0,"25":0,"26":0,"27":0,"28":0,"29":0,"30":0,"31":0,"32":0,"33":0,"34":0,"35":0,"36":0,"37":0,"38":0,"39":0,"40":0,"41":0,"42":0,"43":0,"44":0,"45":0,"46":0,"47":0,"48":0,"49":0,"50":0,"51":0,"52":0,"53":0,"54":0,"55":0,"56":0,"57":0,"58":0,"59":0,"60":0,"61":0,"62":0,"63":0,"64":0,"65":0,"66":0,"67":0,"68":0,"69":0,"70":0,"71":0,"72":0,"73":0,"74":0,"75":0,"76":0,"77":0,"78":0,"79":0,"80":0,"81":0,"82":0,"83":0,"84":0},"f":{"0":0,"1":0,"2":0,"3":0,"4":0,"5":0,"6":0,"7":0,"8":0},"b":{"0":[0,0],"1":[0,0],"2":[0,0],"3":[0,0],"4":[0,0],"5":[0,0],"6":[0,0],"7":[0,0],"8":[0,0],"9":[0,0],"10":[0,0],"11":[0,0],"12":[0,0],"13":[0,0],"14":[0,0],"15":[0,0],"16":[0,0]}}
,"/Users/iremdogadogruyol/Emora AI App/EmoraAI/src/hooks/usePremium.ts": {"path":"/Users/iremdogadogruyol/Emora AI App/EmoraAI/src/hooks/usePremium.ts","statementMap":{"0":{"start":{"line":11,"column":50},"end":{"line":60,"column":1}},"1":{"start":{"line":62,"column":26},"end":{"line":110,"column":1}},"2":{"start":{"line":63,"column":25},"end":{"line":63,"column":44}},"3":{"start":{"line":66,"column":24},"end":{"line":73,"column":3}},"4":{"start":{"line":67,"column":4},"end":{"line":67,"column":46}},"5":{"start":{"line":67,"column":34},"end":{"line":67,"column":46}},"6":{"start":{"line":69,"column":20},"end":{"line":69,"column":66}},"7":{"start":{"line":69,"column":47},"end":{"line":69,"column":65}},"8":{"start":{"line":70,"column":4},"end":{"line":70,"column":30}},"9":{"start":{"line":70,"column":18},"end":{"line":70,"column":30}},"10":{"start":{"line":72,"column":4},"end":{"line":72,"column":36}},"11":{"start":{"line":76,"column":29},"end":{"line":78,"column":3}},"12":{"start":{"line":77,"column":4},"end":{"line":77,"column":71}},"13":{"start":{"line":77,"column":46},"end":{"line":77,"column":69}},"14":{"start":{"line":81,"column":26},"end":{"line":83,"column":3}},"15":{"start":{"line":82,"column":4},"end":{"line":82,"column":72}},"16":{"start":{"line":82,"column":46},"end":{"line":82,"column":70}},"17":{"start":{"line":86,"column":31},"end":{"line":88,"column":3}},"18":{"start":{"line":87,"column":4},"end":{"line":87,"column":73}},"19":{"start":{"line":87,"column":46},"end":{"line":87,"column":71}},"20":{"start":{"line":91,"column":33},"end":{"line":93,"column":3}},"21":{"start":{"line":92,"column":4},"end":{"line":92,"column":39}},"22":{"start":{"line":96,"column":32},"end":{"line":99,"column":3}},"23":{"start":{"line":97,"column":4},"end":{"line":97,"column":43}},"24":{"start":{"line":97,"column":34},"end":{"line":97,"column":43}},"25":{"start":{"line":98,"column":4},"end":{"line":98,"column":39}},"26":{"start":{"line":101,"column":2},"end":{"line":109,"column":4}}},"fnMap":{"0":{"name":"(anonymous_0)","decl":{"start":{"line":62,"column":26},"end":{"line":62,"column":27}},"loc":{"start":{"line":62,"column":32},"end":{"line":110,"column":1}},"line":62},"1":{"name":"(anonymous_1)","decl":{"start":{"line":66,"column":24},"end":{"line":66,"column":25}},"loc":{"start":{"line":66,"column":56},"end":{"line":73,"column":3}},"line":66},"2":{"name":"(anonymous_2)","decl":{"start":{"line":69,"column":42},"end":{"line":69,"column":43}},"loc":{"start":{"line":69,"column":47},"end":{"line":69,"column":65}},"line":69},"3":{"name":"(anonymous_3)","decl":{"start":{"line":76,"column":29},"end":{"line":76,"column":30}},"loc":{"start":{"line":76,"column":53},"end":{"line":78,"column":3}},"line":76},"4":{"name":"(anonymous_4)","decl":{"start":{"line":77,"column":35},"end":{"line":77,"column":36}},"loc":{"start":{"line":77,"column":46},"end":{"line":77,"column":69}},"line":77},"5":{"name":"(anonymous_5)","decl":{"start":{"line":81,"column":26},"end":{"line":81,"column":27}},"loc":{"start":{"line":81,"column":50},"end":{"line":83,"column":3}},"line":81},"6":{"name":"(anonymous_6)","decl":{"start":{"line":82,"column":35},"end":{"line":82,"column":36}},"loc":{"start":{"line":82,"column":46},"end":{"line":82,"column":70}},"line":82},"7":{"name":"(anonymous_7)","decl":{"start":{"line":86,"column":31},"end":{"line":86,"column":32}},"loc":{"start":{"line":86,"column":55},"end":{"line":88,"column":3}},"line":86},"8":{"name":"(anonymous_8)","decl":{"start":{"line":87,"column":35},"end":{"line":87,"column":36}},"loc":{"start":{"line":87,"column":46},"end":{"line":87,"column":71}},"line":87},"9":{"name":"(anonymous_9)","decl":{"start":{"line":91,"column":33},"end":{"line":91,"column":34}},"loc":{"start":{"line":91,"column":47},"end":{"line":93,"column":3}},"line":91},"10":{"name":"(anonymous_10)","decl":{"start":{"line":96,"column":32},"end":{"line":96,"column":33}},"loc":{"start":{"line":96,"column":46},"end":{"line":99,"column":3}},"line":96}},"branchMap":{"0":{"loc":{"start":{"line":67,"column":4},"end":{"line":67,"column":46}},"type":"if","locations":[{"start":{"line":67,"column":4},"end":{"line":67,"column":46}},{"start":{},"end":{}}],"line":67},"1":{"loc":{"start":{"line":70,"column":4},"end":{"line":70,"column":30}},"type":"if","locations":[{"start":{"line":70,"column":4},"end":{"line":70,"column":30}},{"start":{},"end":{}}],"line":70},"2":{"loc":{"start":{"line":97,"column":4},"end":{"line":97,"column":43}},"type":"if","locations":[{"start":{"line":97,"column":4},"end":{"line":97,"column":43}},{"start":{},"end":{}}],"line":97}},"s":{"0":0,"1":0,"2":0,"3":0,"4":0,"5":0,"6":0,"7":0,"8":0,"9":0,"10":0,"11":0,"12":0,"13":0,"14":0,"15":0,"16":0,"17":0,"18":0,"19":0,"20":0,"21":0,"22":0,"23":0,"24":0,"25":0,"26":0},"f":{"0":0,"1":0,"2":0,"3":0,"4":0,"5":0,"6":0,"7":0,"8":0,"9":0,"10":0},"b":{"0":[0,0],"1":[0,0],"2":[0,0]}}
,"/Users/iremdogadogruyol/Emora AI App/EmoraAI/src/navigation/AppNavigator.tsx": {"path":"/Users/iremdogadogruyol/Emora AI App/EmoraAI/src/navigation/AppNavigator.tsx","statementMap":{"0":{"start":{"line":46,"column":18},"end":{"line":46,"column":60}},"1":{"start":{"line":47,"column":18},"end":{"line":47,"column":60}},"2":{"start":{"line":48,"column":16},"end":{"line":48,"column":60}},"3":{"start":{"line":52,"column":2},"end":{"line":63,"column":4}},"4":{"start":{"line":68,"column":16},"end":{"line":68,"column":49}},"5":{"start":{"line":69,"column":26},"end":{"line":69,"column":57}},"6":{"start":{"line":70,"column":24},"end":{"line":70,"column":60}},"7":{"start":{"line":71,"column":24},"end":{"line":71,"column":55}},"8":{"start":{"line":72,"column":23},"end":{"line":72,"column":56}},"9":{"start":{"line":73,"column":19},"end":{"line":73,"column":36}},"10":{"start":{"line":74,"column":21},"end":{"line":74,"column":38}},"11":{"start":{"line":76,"column":2},"end":{"line":129,"column":16}},"12":{"start":{"line":78,"column":4},"end":{"line":82,"column":7}},"13":{"start":{"line":85,"column":4},"end":{"line":87,"column":7}},"14":{"start":{"line":90,"column":4},"end":{"line":92,"column":7}},"15":{"start":{"line":95,"column":4},"end":{"line":97,"column":7}},"16":{"start":{"line":100,"column":4},"end":{"line":102,"column":7}},"17":{"start":{"line":105,"column":4},"end":{"line":115,"column":5}},"18":{"start":{"line":106,"column":6},"end":{"line":109,"column":9}},"19":{"start":{"line":111,"column":6},"end":{"line":114,"column":9}},"20":{"start":{"line":118,"column":4},"end":{"line":128,"column":5}},"21":{"start":{"line":119,"column":6},"end":{"line":122,"column":9}},"22":{"start":{"line":124,"column":6},"end":{"line":127,"column":9}},"23":{"start":{"line":131,"column":24},"end":{"line":156,"column":4}},"24":{"start":{"line":132,"column":20},"end":{"line":136,"column":5}},"25":{"start":{"line":138,"column":25},"end":{"line":142,"column":5}},"26":{"start":{"line":144,"column":4},"end":{"line":155,"column":6}},"27":{"start":{"line":159,"column":2},"end":{"line":167,"column":3}},"28":{"start":{"line":160,"column":4},"end":{"line":160,"column":63}},"29":{"start":{"line":161,"column":9},"end":{"line":167,"column":3}},"30":{"start":{"line":162,"column":4},"end":{"line":162,"column":53}},"31":{"start":{"line":163,"column":9},"end":{"line":167,"column":3}},"32":{"start":{"line":164,"column":4},"end":{"line":164,"column":57}},"33":{"start":{"line":166,"column":4},"end":{"line":166,"column":30}},"34":{"start":{"line":169,"column":2},"end":{"line":189,"column":4}},"35":{"start":{"line":194,"column":16},"end":{"line":194,"column":29}},"36":{"start":{"line":195,"column":22},"end":{"line":195,"column":41}},"37":{"start":{"line":196,"column":24},"end":{"line":196,"column":41}},"38":{"start":{"line":197,"column":27},"end":{"line":197,"column":45}},"39":{"start":{"line":199,"column":2},"end":{"line":213,"column":9}},"40":{"start":{"line":201,"column":4},"end":{"line":205,"column":7}},"41":{"start":{"line":206,"column":4},"end":{"line":208,"column":7}},"42":{"start":{"line":209,"column":4},"end":{"line":212,"column":7}},"43":{"start":{"line":215,"column":30},"end":{"line":221,"column":5}},"44":{"start":{"line":215,"column":54},"end":{"line":221,"column":3}},"45":{"start":{"line":223,"column":2},"end":{"line":362,"column":4}},"46":{"start":{"line":238,"column":41},"end":{"line":342,"column":7}},"47":{"start":{"line":277,"column":24},"end":{"line":277,"column":58}},"48":{"start":{"line":278,"column":26},"end":{"line":278,"column":59}},"49":{"start":{"line":279,"column":29},"end":{"line":279,"column":61}},"50":{"start":{"line":280,"column":32},"end":{"line":280,"column":63}},"51":{"start":{"line":282,"column":10},"end":{"line":305,"column":24}},"52":{"start":{"line":284,"column":12},"end":{"line":288,"column":15}},"53":{"start":{"line":291,"column":12},"end":{"line":293,"column":15}},"54":{"start":{"line":296,"column":12},"end":{"line":299,"column":15}},"55":{"start":{"line":302,"column":12},"end":{"line":304,"column":15}},"56":{"start":{"line":307,"column":32},"end":{"line":322,"column":12}},"57":{"start":{"line":308,"column":30},"end":{"line":312,"column":13}},"58":{"start":{"line":314,"column":12},"end":{"line":321,"column":14}},"59":{"start":{"line":324,"column":10},"end":{"line":337,"column":12}},"60":{"start":{"line":340,"column":10},"end":{"line":340,"column":61}},"61":{"start":{"line":367,"column":36},"end":{"line":367,"column":50}},"62":{"start":{"line":368,"column":40},"end":{"line":368,"column":54}},"63":{"start":{"line":369,"column":48},"end":{"line":369,"column":63}},"64":{"start":{"line":370,"column":46},"end":{"line":370,"column":61}},"65":{"start":{"line":371,"column":56},"end":{"line":371,"column":71}},"66":{"start":{"line":372,"column":60},"end":{"line":372,"column":75}},"67":{"start":{"line":374,"column":36},"end":{"line":403,"column":3}},"68":{"start":{"line":375,"column":4},"end":{"line":402,"column":5}},"69":{"start":{"line":377,"column":28},"end":{"line":377,"column":69}},"70":{"start":{"line":378,"column":6},"end":{"line":378,"column":61}},"71":{"start":{"line":380,"column":6},"end":{"line":386,"column":7}},"72":{"start":{"line":382,"column":8},"end":{"line":382,"column":53}},"73":{"start":{"line":383,"column":8},"end":{"line":383,"column":39}},"74":{"start":{"line":384,"column":8},"end":{"line":384,"column":28}},"75":{"start":{"line":385,"column":8},"end":{"line":385,"column":15}},"76":{"start":{"line":389,"column":6},"end":{"line":389,"column":65}},"77":{"start":{"line":390,"column":19},"end":{"line":390,"column":53}},"78":{"start":{"line":391,"column":6},"end":{"line":391,"column":33}},"79":{"start":{"line":394,"column":6},"end":{"line":394,"column":31}},"80":{"start":{"line":397,"column":6},"end":{"line":397,"column":71}},"81":{"start":{"line":398,"column":6},"end":{"line":398,"column":32}},"82":{"start":{"line":399,"column":6},"end":{"line":399,"column":30}},"83":{"start":{"line":401,"column":6},"end":{"line":401,"column":26}},"84":{"start":{"line":405,"column":25},"end":{"line":420,"column":3}},"85":{"start":{"line":406,"column":4},"end":{"line":419,"column":5}},"86":{"start":{"line":407,"column":19},"end":{"line":407,"column":53}},"87":{"start":{"line":408,"column":6},"end":{"line":408,"column":33}},"88":{"start":{"line":411,"column":6},"end":{"line":411,"column":31}},"89":{"start":{"line":414,"column":6},"end":{"line":414,"column":70}},"90":{"start":{"line":415,"column":6},"end":{"line":415,"column":32}},"91":{"start":{"line":416,"column":6},"end":{"line":416,"column":30}},"92":{"start":{"line":418,"column":6},"end":{"line":418,"column":26}},"93":{"start":{"line":422,"column":2},"end":{"line":437,"column":9}},"94":{"start":{"line":424,"column":27},"end":{"line":424,"column":31}},"95":{"start":{"line":425,"column":22},"end":{"line":425,"column":32}},"96":{"start":{"line":428,"column":4},"end":{"line":436,"column":7}},"97":{"start":{"line":429,"column":26},"end":{"line":429,"column":48}},"98":{"start":{"line":430,"column":28},"end":{"line":430,"column":69}},"99":{"start":{"line":433,"column":6},"end":{"line":435,"column":24}},"100":{"start":{"line":434,"column":8},"end":{"line":434,"column":30}},"101":{"start":{"line":440,"column":2},"end":{"line":446,"column":9}},"102":{"start":{"line":441,"column":39},"end":{"line":443,"column":6}},"103":{"start":{"line":442,"column":6},"end":{"line":442,"column":33}},"104":{"start":{"line":445,"column":4},"end":{"line":445,"column":44}},"105":{"start":{"line":445,"column":17},"end":{"line":445,"column":43}},"106":{"start":{"line":449,"column":2},"end":{"line":451,"column":3}},"107":{"start":{"line":450,"column":4},"end":{"line":450,"column":68}},"108":{"start":{"line":450,"column":42},"end":{"line":450,"column":63}},"109":{"start":{"line":454,"column":2},"end":{"line":465,"column":3}},"110":{"start":{"line":455,"column":4},"end":{"line":464,"column":6}},"111":{"start":{"line":467,"column":2},"end":{"line":516,"column":4}},"112":{"start":{"line":480,"column":16},"end":{"line":486,"column":18}},"113":{"start":{"line":483,"column":20},"end":{"line":483,"column":52}},"114":{"start":{"line":484,"column":20},"end":{"line":484,"column":37}},"115":{"start":{"line":493,"column":16},"end":{"line":496,"column":18}},"116":{"start":{"line":495,"column":36},"end":{"line":495,"column":64}}},"fnMap":{"0":{"name":"AuthNavigator","decl":{"start":{"line":51,"column":9},"end":{"line":51,"column":22}},"loc":{"start":{"line":51,"column":25},"end":{"line":64,"column":1}},"line":51},"1":{"name":"AnimatedTabIcon","decl":{"start":{"line":67,"column":9},"end":{"line":67,"column":24}},"loc":{"start":{"line":67,"column":79},"end":{"line":190,"column":1}},"line":67},"2":{"name":"(anonymous_2)","decl":{"start":{"line":76,"column":18},"end":{"line":76,"column":19}},"loc":{"start":{"line":76,"column":24},"end":{"line":129,"column":3}},"line":76},"3":{"name":"(anonymous_3)","decl":{"start":{"line":131,"column":41},"end":{"line":131,"column":42}},"loc":{"start":{"line":131,"column":47},"end":{"line":156,"column":3}},"line":131},"4":{"name":"MainTabNavigator","decl":{"start":{"line":193,"column":9},"end":{"line":193,"column":25}},"loc":{"start":{"line":193,"column":28},"end":{"line":363,"column":1}},"line":193},"5":{"name":"(anonymous_5)","decl":{"start":{"line":199,"column":18},"end":{"line":199,"column":19}},"loc":{"start":{"line":199,"column":24},"end":{"line":213,"column":3}},"line":199},"6":{"name":"(anonymous_6)","decl":{"start":{"line":215,"column":47},"end":{"line":215,"column":48}},"loc":{"start":{"line":215,"column":54},"end":{"line":221,"column":3}},"line":215},"7":{"name":"(anonymous_7)","decl":{"start":{"line":238,"column":25},"end":{"line":238,"column":26}},"loc":{"start":{"line":238,"column":41},"end":{"line":342,"column":7}},"line":238},"8":{"name":"(anonymous_8)","decl":{"start":{"line":276,"column":21},"end":{"line":276,"column":22}},"loc":{"start":{"line":276,"column":48},"end":{"line":338,"column":9}},"line":276},"9":{"name":"(anonymous_9)","decl":{"start":{"line":282,"column":26},"end":{"line":282,"column":27}},"loc":{"start":{"line":282,"column":32},"end":{"line":305,"column":11}},"line":282},"10":{"name":"(anonymous_10)","decl":{"start":{"line":307,"column":49},"end":{"line":307,"column":50}},"loc":{"start":{"line":307,"column":55},"end":{"line":322,"column":11}},"line":307},"11":{"name":"(anonymous_11)","decl":{"start":{"line":339,"column":20},"end":{"line":339,"column":21}},"loc":{"start":{"line":340,"column":10},"end":{"line":340,"column":61}},"line":340},"12":{"name":"AppNavigator","decl":{"start":{"line":366,"column":24},"end":{"line":366,"column":36}},"loc":{"start":{"line":366,"column":39},"end":{"line":517,"column":1}},"line":366},"13":{"name":"(anonymous_13)","decl":{"start":{"line":374,"column":36},"end":{"line":374,"column":37}},"loc":{"start":{"line":374,"column":48},"end":{"line":403,"column":3}},"line":374},"14":{"name":"(anonymous_14)","decl":{"start":{"line":405,"column":25},"end":{"line":405,"column":26}},"loc":{"start":{"line":405,"column":37},"end":{"line":420,"column":3}},"line":405},"15":{"name":"(anonymous_15)","decl":{"start":{"line":422,"column":12},"end":{"line":422,"column":13}},"loc":{"start":{"line":422,"column":18},"end":{"line":437,"column":3}},"line":422},"16":{"name":"(anonymous_16)","decl":{"start":{"line":428,"column":40},"end":{"line":428,"column":41}},"loc":{"start":{"line":428,"column":46},"end":{"line":436,"column":5}},"line":428},"17":{"name":"(anonymous_17)","decl":{"start":{"line":433,"column":17},"end":{"line":433,"column":18}},"loc":{"start":{"line":433,"column":23},"end":{"line":435,"column":7}},"line":433},"18":{"name":"(anonymous_18)","decl":{"start":{"line":440,"column":12},"end":{"line":440,"column":13}},"loc":{"start":{"line":440,"column":18},"end":{"line":446,"column":3}},"line":440},"19":{"name":"(anonymous_19)","decl":{"start":{"line":441,"column":69},"end":{"line":441,"column":70}},"loc":{"start":{"line":441,"column":79},"end":{"line":443,"column":5}},"line":441},"20":{"name":"(anonymous_20)","decl":{"start":{"line":445,"column":11},"end":{"line":445,"column":12}},"loc":{"start":{"line":445,"column":17},"end":{"line":445,"column":43}},"line":445},"21":{"name":"(anonymous_21)","decl":{"start":{"line":450,"column":36},"end":{"line":450,"column":37}},"loc":{"start":{"line":450,"column":42},"end":{"line":450,"column":63}},"line":450},"22":{"name":"(anonymous_22)","decl":{"start":{"line":479,"column":25},"end":{"line":479,"column":26}},"loc":{"start":{"line":480,"column":16},"end":{"line":486,"column":18}},"line":480},"23":{"name":"(anonymous_23)","decl":{"start":{"line":482,"column":38},"end":{"line":482,"column":39}},"loc":{"start":{"line":482,"column":44},"end":{"line":485,"column":19}},"line":482},"24":{"name":"(anonymous_24)","decl":{"start":{"line":492,"column":25},"end":{"line":492,"column":26}},"loc":{"start":{"line":493,"column":16},"end":{"line":496,"column":18}},"line":493},"25":{"name":"(anonymous_25)","decl":{"start":{"line":495,"column":30},"end":{"line":495,"column":31}},"loc":{"start":{"line":495,"column":36},"end":{"line":495,"column":64}},"line":495}},"branchMap":{"0":{"loc":{"start":{"line":68,"column":31},"end":{"line":68,"column":48}},"type":"cond-expr","locations":[{"start":{"line":68,"column":41},"end":{"line":68,"column":44}},{"start":{"line":68,"column":47},"end":{"line":68,"column":48}}],"line":68},"1":{"loc":{"start":{"line":69,"column":41},"end":{"line":69,"column":56}},"type":"cond-expr","locations":[{"start":{"line":69,"column":51},"end":{"line":69,"column":52}},{"start":{"line":69,"column":55},"end":{"line":69,"column":56}}],"line":69},"2":{"loc":{"start":{"line":70,"column":39},"end":{"line":70,"column":59}},"type":"cond-expr","locations":[{"start":{"line":70,"column":49},"end":{"line":70,"column":52}},{"start":{"line":70,"column":55},"end":{"line":70,"column":59}}],"line":70},"3":{"loc":{"start":{"line":71,"column":39},"end":{"line":71,"column":54}},"type":"cond-expr","locations":[{"start":{"line":71,"column":49},"end":{"line":71,"column":50}},{"start":{"line":71,"column":53},"end":{"line":71,"column":54}}],"line":71},"4":{"loc":{"start":{"line":72,"column":38},"end":{"line":72,"column":55}},"type":"cond-expr","locations":[{"start":{"line":72,"column":48},"end":{"line":72,"column":49}},{"start":{"line":72,"column":52},"end":{"line":72,"column":55}}],"line":72},"5":{"loc":{"start":{"line":78,"column":29},"end":{"line":78,"column":46}},"type":"cond-expr","locations":[{"start":{"line":78,"column":39},"end":{"line":78,"column":42}},{"start":{"line":78,"column":45},"end":{"line":78,"column":46}}],"line":78},"6":{"loc":{"start":{"line":85,"column":39},"end":{"line":85,"column":54}},"type":"cond-expr","locations":[{"start":{"line":85,"column":49},"end":{"line":85,"column":50}},{"start":{"line":85,"column":53},"end":{"line":85,"column":54}}],"line":85},"7":{"loc":{"start":{"line":90,"column":37},"end":{"line":90,"column":57}},"type":"cond-expr","locations":[{"start":{"line":90,"column":47},"end":{"line":90,"column":50}},{"start":{"line":90,"column":53},"end":{"line":90,"column":57}}],"line":90},"8":{"loc":{"start":{"line":95,"column":37},"end":{"line":95,"column":52}},"type":"cond-expr","locations":[{"start":{"line":95,"column":47},"end":{"line":95,"column":48}},{"start":{"line":95,"column":51},"end":{"line":95,"column":52}}],"line":95},"9":{"loc":{"start":{"line":100,"column":36},"end":{"line":100,"column":53}},"type":"cond-expr","locations":[{"start":{"line":100,"column":46},"end":{"line":100,"column":47}},{"start":{"line":100,"column":50},"end":{"line":100,"column":53}}],"line":100},"10":{"loc":{"start":{"line":105,"column":4},"end":{"line":115,"column":5}},"type":"if","locations":[{"start":{"line":105,"column":4},"end":{"line":115,"column":5}},{"start":{"line":110,"column":11},"end":{"line":115,"column":5}}],"line":105},"11":{"loc":{"start":{"line":118,"column":4},"end":{"line":128,"column":5}},"type":"if","locations":[{"start":{"line":118,"column":4},"end":{"line":128,"column":5}},{"start":{"line":123,"column":11},"end":{"line":128,"column":5}}],"line":118},"12":{"loc":{"start":{"line":149,"column":23},"end":{"line":149,"column":56}},"type":"cond-expr","locations":[{"start":{"line":149,"column":33},"end":{"line":149,"column":40}},{"start":{"line":149,"column":43},"end":{"line":149,"column":56}}],"line":149},"13":{"loc":{"start":{"line":159,"column":2},"end":{"line":167,"column":3}},"type":"if","locations":[{"start":{"line":159,"column":2},"end":{"line":167,"column":3}},{"start":{"line":161,"column":9},"end":{"line":167,"column":3}}],"line":159},"14":{"loc":{"start":{"line":160,"column":15},"end":{"line":160,"column":62}},"type":"cond-expr","locations":[{"start":{"line":160,"column":25},"end":{"line":160,"column":38}},{"start":{"line":160,"column":41},"end":{"line":160,"column":62}}],"line":160},"15":{"loc":{"start":{"line":161,"column":9},"end":{"line":167,"column":3}},"type":"if","locations":[{"start":{"line":161,"column":9},"end":{"line":167,"column":3}},{"start":{"line":163,"column":9},"end":{"line":167,"column":3}}],"line":161},"16":{"loc":{"start":{"line":162,"column":15},"end":{"line":162,"column":52}},"type":"cond-expr","locations":[{"start":{"line":162,"column":25},"end":{"line":162,"column":33}},{"start":{"line":162,"column":36},"end":{"line":162,"column":52}}],"line":162},"17":{"loc":{"start":{"line":163,"column":9},"end":{"line":167,"column":3}},"type":"if","locations":[{"start":{"line":163,"column":9},"end":{"line":167,"column":3}},{"start":{"line":165,"column":9},"end":{"line":167,"column":3}}],"line":163},"18":{"loc":{"start":{"line":164,"column":15},"end":{"line":164,"column":56}},"type":"cond-expr","locations":[{"start":{"line":164,"column":25},"end":{"line":164,"column":35}},{"start":{"line":164,"column":38},"end":{"line":164,"column":56}}],"line":164},"19":{"loc":{"start":{"line":177,"column":19},"end":{"line":177,"column":69}},"type":"cond-expr","locations":[{"start":{"line":177,"column":29},"end":{"line":177,"column":53}},{"start":{"line":177,"column":56},"end":{"line":177,"column":69}}],"line":177},"20":{"loc":{"start":{"line":178,"column":20},"end":{"line":178,"column":36}},"type":"cond-expr","locations":[{"start":{"line":178,"column":30},"end":{"line":178,"column":32}},{"start":{"line":178,"column":35},"end":{"line":178,"column":36}}],"line":178},"21":{"loc":{"start":{"line":179,"column":17},"end":{"line":179,"column":32}},"type":"cond-expr","locations":[{"start":{"line":179,"column":27},"end":{"line":179,"column":28}},{"start":{"line":179,"column":31},"end":{"line":179,"column":32}}],"line":179},"22":{"loc":{"start":{"line":185,"column":14},"end":{"line":185,"column":31}},"type":"cond-expr","locations":[{"start":{"line":185,"column":24},"end":{"line":185,"column":26}},{"start":{"line":185,"column":29},"end":{"line":185,"column":31}}],"line":185},"23":{"loc":{"start":{"line":186,"column":15},"end":{"line":186,"column":59}},"type":"cond-expr","locations":[{"start":{"line":186,"column":25},"end":{"line":186,"column":32}},{"start":{"line":186,"column":35},"end":{"line":186,"column":59}}],"line":186},"24":{"loc":{"start":{"line":277,"column":39},"end":{"line":277,"column":57}},"type":"cond-expr","locations":[{"start":{"line":277,"column":49},"end":{"line":277,"column":53}},{"start":{"line":277,"column":56},"end":{"line":277,"column":57}}],"line":277},"25":{"loc":{"start":{"line":278,"column":41},"end":{"line":278,"column":58}},"type":"cond-expr","locations":[{"start":{"line":278,"column":51},"end":{"line":278,"column":52}},{"start":{"line":278,"column":55},"end":{"line":278,"column":58}}],"line":278},"26":{"loc":{"start":{"line":279,"column":44},"end":{"line":279,"column":60}},"type":"cond-expr","locations":[{"start":{"line":279,"column":54},"end":{"line":279,"column":56}},{"start":{"line":279,"column":59},"end":{"line":279,"column":60}}],"line":279},"27":{"loc":{"start":{"line":280,"column":47},"end":{"line":280,"column":62}},"type":"cond-expr","locations":[{"start":{"line":280,"column":57},"end":{"line":280,"column":58}},{"start":{"line":280,"column":61},"end":{"line":280,"column":62}}],"line":280},"28":{"loc":{"start":{"line":284,"column":37},"end":{"line":284,"column":55}},"type":"cond-expr","locations":[{"start":{"line":284,"column":47},"end":{"line":284,"column":51}},{"start":{"line":284,"column":54},"end":{"line":284,"column":55}}],"line":284},"29":{"loc":{"start":{"line":291,"column":39},"end":{"line":291,"column":56}},"type":"cond-expr","locations":[{"start":{"line":291,"column":49},"end":{"line":291,"column":50}},{"start":{"line":291,"column":53},"end":{"line":291,"column":56}}],"line":291},"30":{"loc":{"start":{"line":296,"column":42},"end":{"line":296,"column":58}},"type":"cond-expr","locations":[{"start":{"line":296,"column":52},"end":{"line":296,"column":54}},{"start":{"line":296,"column":57},"end":{"line":296,"column":58}}],"line":296},"31":{"loc":{"start":{"line":302,"column":45},"end":{"line":302,"column":60}},"type":"cond-expr","locations":[{"start":{"line":302,"column":55},"end":{"line":302,"column":56}},{"start":{"line":302,"column":59},"end":{"line":302,"column":60}}],"line":302},"32":{"loc":{"start":{"line":380,"column":6},"end":{"line":386,"column":7}},"type":"if","locations":[{"start":{"line":380,"column":6},"end":{"line":386,"column":7}},{"start":{},"end":{}}],"line":380},"33":{"loc":{"start":{"line":449,"column":2},"end":{"line":451,"column":3}},"type":"if","locations":[{"start":{"line":449,"column":2},"end":{"line":451,"column":3}},{"start":{},"end":{}}],"line":449},"34":{"loc":{"start":{"line":454,"column":2},"end":{"line":465,"column":3}},"type":"if","locations":[{"start":{"line":454,"column":2},"end":{"line":465,"column":3}},{"start":{},"end":{}}],"line":454},"35":{"loc":{"start":{"line":476,"column":11},"end":{"line":512,"column":11}},"type":"cond-expr","locations":[{"start":{"line":477,"column":12},"end":{"line":488,"column":14}},{"start":{"line":489,"column":14},"end":{"line":512,"column":11}}],"line":476},"36":{"loc":{"start":{"line":489,"c
[...]
column":3}},"4":{"start":{"line":72,"column":2},"end":{"line":74,"column":3}},"5":{"start":{"line":73,"column":4},"end":{"line":73,"column":52}},"6":{"start":{"line":75,"column":2},"end":{"line":77,"column":3}},"7":{"start":{"line":76,"column":4},"end":{"line":76,"column":58}},"8":{"start":{"line":78,"column":2},"end":{"line":80,"column":3}},"9":{"start":{"line":79,"column":4},"end":{"line":79,"column":58}},"10":{"start":{"line":81,"column":2},"end":{"line":83,"column":3}},"11":{"start":{"line":82,"column":4},"end":{"line":82,"column":53}},"12":{"start":{"line":84,"column":2},"end":{"line":86,"column":3}},"13":{"start":{"line":85,"column":4},"end":{"line":85,"column":76}},"14":{"start":{"line":87,"column":2},"end":{"line":89,"column":3}},"15":{"start":{"line":88,"column":4},"end":{"line":88,"column":87}},"16":{"start":{"line":92,"column":47},"end":{"line":92,"column":53}},"17":{"start":{"line":93,"column":26},"end":{"line":93,"column":76}},"18":{"start":{"line":95,"column":2},"end":{"line":99,"column":3}},"19":{"start":{"line":96,"column":4},"end":{"line":96,"column":24}},"20":{"start":{"line":97,"column":9},"end":{"line":99,"column":3}},"21":{"start":{"line":98,"column":4},"end":{"line":98,"column":24}},"22":{"start":{"line":101,"column":16},"end":{"line":101,"column":35}},"23":{"start":{"line":103,"column":2},"end":{"line":108,"column":4}},"24":{"start":{"line":112,"column":39},"end":{"line":123,"column":1}},"25":{"start":{"line":113,"column":2},"end":{"line":122,"column":3}},"26":{"start":{"line":115,"column":6},"end":{"line":115,"column":21}},"27":{"start":{"line":117,"column":6},"end":{"line":117,"column":20}},"28":{"start":{"line":119,"column":6},"end":{"line":119,"column":21}},"29":{"start":{"line":121,"column":6},"end":{"line":121,"column":26}},"30":{"start":{"line":126,"column":40},"end":{"line":137,"column":1}},"31":{"start":{"line":127,"column":2},"end":{"line":136,"column":3}},"32":{"start":{"line":129,"column":6},"end":{"line":129,"column":23}},"33":{"start":{"line":131,"column":6},"end":{"line":131,"column":23}},"34":{"start":{"line":133,"column":6},"end":{"line":133,"column":23}},"35":{"start":{"line":135,"column":6},"end":{"line":135,"column":23}}},"fnMap":{"0":{"name":"(anonymous_0)","decl":{"start":{"line":60,"column":32},"end":{"line":60,"column":33}},"loc":{"start":{"line":60,"column":80},"end":{"line":109,"column":1}},"line":60},"1":{"name":"(anonymous_1)","decl":{"start":{"line":112,"column":39},"end":{"line":112,"column":40}},"loc":{"start":{"line":112,"column":91},"end":{"line":123,"column":1}},"line":112},"2":{"name":"(anonymous_2)","decl":{"start":{"line":126,"column":40},"end":{"line":126,"column":41}},"loc":{"start":{"line":126,"column":92},"end":{"line":137,"column":1}},"line":126}},"branchMap":{"0":{"loc":{"start":{"line":72,"column":2},"end":{"line":74,"column":3}},"type":"if","locations":[{"start":{"line":72,"column":2},"end":{"line":74,"column":3}},{"start":{},"end":{}}],"line":72},"1":{"loc":{"start":{"line":75,"column":2},"end":{"line":77,"column":3}},"type":"if","locations":[{"start":{"line":75,"column":2},"end":{"line":77,"column":3}},{"start":{},"end":{}}],"line":75},"2":{"loc":{"start":{"line":78,"column":2},"end":{"line":80,"column":3}},"type":"if","locations":[{"start":{"line":78,"column":2},"end":{"line":80,"column":3}},{"start":{},"end":{}}],"line":78},"3":{"loc":{"start":{"line":81,"column":2},"end":{"line":83,"column":3}},"type":"if","locations":[{"start":{"line":81,"column":2},"end":{"line":83,"column":3}},{"start":{},"end":{}}],"line":81},"4":{"loc":{"start":{"line":84,"column":2},"end":{"line":86,"column":3}},"type":"if","locations":[{"start":{"line":84,"column":2},"end":{"line":86,"column":3}},{"start":{},"end":{}}],"line":84},"5":{"loc":{"start":{"line":87,"column":2},"end":{"line":89,"column":3}},"type":"if","locations":[{"start":{"line":87,"column":2},"end":{"line":89,"column":3}},{"start":{},"end":{}}],"line":87},"6":{"loc":{"start":{"line":95,"column":2},"end":{"line":99,"column":3}},"type":"if","locations":[{"start":{"line":95,"column":2},"end":{"line":99,"column":3}},{"start":{"line":97,"column":9},"end":{"line":99,"column":3}}],"line":95},"7":{"loc":{"start":{"line":95,"column":6},"end":{"line":95,"column":78}},"type":"binary-expr","locations":[{"start":{"line":95,"column":6},"end":{"line":95,"column":26}},{"start":{"line":95,"column":30},"end":{"line":95,"column":52}},{"start":{"line":95,"column":56},"end":{"line":95,"column":78}}],"line":95},"8":{"loc":{"start":{"line":97,"column":9},"end":{"line":99,"column":3}},"type":"if","locations":[{"start":{"line":97,"column":9},"end":{"line":99,"column":3}},{"start":{},"end":{}}],"line":97},"9":{"loc":{"start":{"line":113,"column":2},"end":{"line":122,"column":3}},"type":"switch","locations":[{"start":{"line":114,"column":4},"end":{"line":115,"column":21}},{"start":{"line":116,"column":4},"end":{"line":117,"column":20}},{"start":{"line":118,"column":4},"end":{"line":119,"column":21}},{"start":{"line":120,"column":4},"end":{"line":121,"column":26}}],"line":113},"10":{"loc":{"start":{"line":127,"column":2},"end":{"line":136,"column":3}},"type":"switch","locations":[{"start":{"line":128,"column":4},"end":{"line":129,"column":23}},{"start":{"line":130,"column":4},"end":{"line":131,"column":23}},{"start":{"line":132,"column":4},"end":{"line":133,"column":23}},{"start":{"line":134,"column":4},"end":{"line":135,"column":23}}],"line":127}},"s":{"0":1,"1":1,"2":9,"3":9,"4":9,"5":2,"6":9,"7":4,"8":9,"9":1,"10":9,"11":2,"12":9,"13":5,"14":9,"15":1,"16":9,"17":9,"18":9,"19":6,"20":3,"21":2,"22":9,"23":9,"24":1,"25":3,"26":1,"27":1,"28":1,"29":0,"30":1,"31":3,"32":1,"33":1,"34":1,"35":0},"f":{"0":9,"1":3,"2":3},"b":{"0":[2,7],"1":[4,5],"2":[1,8],"3":[2,7],"4":[5,4],"5":[1,8],"6":[6,3],"7":[9,6,6],"8":[2,1],"9":[1,1,1,0],"10":[1,1,1,0]},"_coverageSchema":"1a1c01bbd47fc00a2c39e90264f33305004495a9","hash":"68959c8736ab3390d6652620c4c36beffde4e4ab"}
,"/Users/iremdogadogruyol/Emora AI App/EmoraAI/src/utils/rateLimiter.ts": {"path":"/Users/iremdogadogruyol/Emora AI App/EmoraAI/src/utils/rateLimiter.ts","statementMap":{"0":{"start":{"line":11,"column":26},"end":{"line":15,"column":1}},"1":{"start":{"line":18,"column":24},"end":{"line":18,"column":57}},"2":{"start":{"line":21,"column":30},"end":{"line":67,"column":1}},"3":{"start":{"line":26,"column":14},"end":{"line":26,"column":24}},"4":{"start":{"line":27,"column":16},"end":{"line":31,"column":3}},"5":{"start":{"line":34,"column":31},"end":{"line":34,"column":58}},"6":{"start":{"line":35,"column":2},"end":{"line":42,"column":3}},"7":{"start":{"line":36,"column":21},"end":{"line":36,"column":84}},"8":{"start":{"line":37,"column":4},"end":{"line":41,"column":6}},"9":{"start":{"line":45,"column":23},"end":{"line":45,"column":34}},"10":{"start":{"line":46,"column":2},"end":{"line":50,"column":3}},"11":{"start":{"line":48,"column":4},"end":{"line":48,"column":27}},"12":{"start":{"line":49,"column":4},"end":{"line":49,"column":32}},"13":{"start":{"line":52,"column":2},"end":{"line":59,"column":3}},"14":{"start":{"line":53,"column":21},"end":{"line":53,"column":58}},"15":{"start":{"line":54,"column":4},"end":{"line":58,"column":6}},"16":{"start":{"line":62,"column":2},"end":{"line":62,"column":30}},"17":{"start":{"line":63,"column":2},"end":{"line":63,"column":26}},"18":{"start":{"line":64,"column":2},"end":{"line":64,"column":37}},"19":{"start":{"line":66,"column":2},"end":{"line":66,"column":27}},"20":{"start":{"line":70,"column":30},"end":{"line":72,"column":1}},"21":{"start":{"line":71,"column":2},"end":{"line":71,"column":33}},"22":{"start":{"line":75,"column":34},"end":{"line":77,"column":1}},"23":{"start":{"line":76,"column":2},"end":{"line":76,"column":26}}},"fnMap":{"0":{"name":"(anonymous_0)","decl":{"start":{"line":21,"column":30},"end":{"line":21,"column":31}},"loc":{"start":{"line":25,"column":5},"end":{"line":67,"column":1}},"line":25},"1":{"name":"(anonymous_1)","decl":{"start":{"line":70,"column":30},"end":{"line":70,"column":31}},"loc":{"start":{"line":70,"column":56},"end":{"line":72,"column":1}},"line":70},"2":{"name":"(anonymous_2)","decl":{"start":{"line":75,"column":34},"end":{"line":75,"column":35}},"loc":{"start":{"line":75,"column":46},"end":{"line":77,"column":1}},"line":75}},"branchMap":{"0":{"loc":{"start":{"line":27,"column":16},"end":{"line":31,"column":3}},"type":"binary-expr","locations":[{"start":{"line":27,"column":16},"end":{"line":27,"column":43}},{"start":{"line":27,"column":47},"end":{"line":31,"column":3}}],"line":27},"1":{"loc":{"start":{"line":35,"column":2},"end":{"line":42,"column":3}},"type":"if","locations":[{"start":{"line":35,"column":2},"end":{"line":42,"column":3}},{"start":{},"end":{}}],"line":35},"2":{"loc":{"start":{"line":46,"column":2},"end":{"line":50,"column":3}},"type":"if","locations":[{"start":{"line":46,"column":2},"end":{"line":50,"column":3}},{"start":{},"end":{}}],"line":46},"3":{"loc":{"start":{"line":52,"column":2},"end":{"line":59,"column":3}},"type":"if","locations":[{"start":{"line":52,"column":2},"end":{"line":59,"column":3}},{"start":{},"end":{}}],"line":52}},"s":{"0":1,"1":1,"2":1,"3":80,"4":80,"5":80,"6":80,"7":3,"8":3,"9":77,"10":77,"11":1,"12":1,"13":77,"14":1,"15":1,"16":76,"17":76,"18":76,"19":76,"20":1,"21":2,"22":1,"23":21},"f":{"0":80,"1":2,"2":21},"b":{"0":[80,16],"1":[3,77],"2":[1,76],"3":[1,76]},"_coverageSchema":"1a1c01bbd47fc00a2c39e90264f33305004495a9","hash":"ea9ba382d82866aa699eac09d5622071d167ec43"}
,"/Users/iremdogadogruyol/Emora AI App/EmoraAI/src/utils/retryHandler.ts": {"path":"/Users/iremdogadogruyol/Emora AI App/EmoraAI/src/utils/retryHandler.ts","statementMap":{"0":{"start":{"line":9,"column":21},"end":{"line":53,"column":1}},"1":{"start":{"line":27,"column":6},"end":{"line":27,"column":13}},"2":{"start":{"line":19,"column":6},"end":{"line":25,"column":41}},"3":{"start":{"line":31,"column":2},"end":{"line":50,"column":3}},"4":{"start":{"line":31,"column":21},"end":{"line":31,"column":22}},"5":{"start":{"line":32,"column":4},"end":{"line":49,"column":5}},"6":{"start":{"line":33,"column":6},"end":{"line":33,"column":24}},"7":{"start":{"line":35,"column":6},"end":{"line":35,"column":24}},"8":{"start":{"line":38,"column":6},"end":{"line":40,"column":7}},"9":{"start":{"line":39,"column":8},"end":{"line":39,"column":20}},"10":{"start":{"line":43,"column":23},"end":{"line":43,"column":69}},"11":{"start":{"line":46,"column":6},"end":{"line":48,"column":7}},"12":{"start":{"line":47,"column":8},"end":{"line":47,"column":68}},"13":{"start":{"line":47,"column":37},"end":{"line":47,"column":66}},"14":{"start":{"line":52,"column":2},"end":{"line":52,"column":18}}},"fnMap":{"0":{"name":"(anonymous_0)","decl":{"start":{"line":9,"column":21},"end":{"line":9,"column":22}},"loc":{"start":{"line":12,"column":17},"end":{"line":53,"column":1}},"line":12},"1":{"name":"(anonymous_1)","decl":{"start":{"line":17,"column":21},"end":{"line":17,"column":22}},"loc":{"start":{"line":17,"column":32},"end":{"line":26,"column":5}},"line":17},"2":{"name":"(anonymous_2)","decl":{"start":{"line":47,"column":26},"end":{"line":47,"column":27}},"loc":{"start":{"line":47,"column":37},"end":{"line":47,"column":66}},"line":47}},"branchMap":{"0":{"loc":{"start":{"line":11,"column":2},"end":{"line":11,"column":28}},"type":"default-arg","locations":[{"start":{"line":11,"column":26},"end":{"line":11,"column":28}}],"line":11},"1":{"loc":{"start":{"line":14,"column":4},"end":{"line":14,"column":18}},"type":"default-arg","locations":[{"start":{"line":14,"column":17},"end":{"line":14,"column":18}}],"line":14},"2":{"loc":{"start":{"line":15,"column":4},"end":{"line":15,"column":16}},"type":"default-arg","locations":[{"start":{"line":15,"column":12},"end":{"line":15,"column":16}}],"line":15},"3":{"loc":{"start":{"line":16,"column":4},"end":{"line":16,"column":18}},"type":"default-arg","locations":[{"start":{"line":16,"column":14},"end":{"line":16,"column":18}}],"line":16},"4":{"loc":{"start":{"line":17,"column":4},"end":{"line":26,"column":5}},"type":"default-arg","locations":[{"start":{"line":17,"column":21},"end":{"line":26,"column":5}}],"line":17},"5":{"loc":{"start":{"line":19,"column":13},"end":{"line":25,"column":40}},"type":"binary-expr","locations":[{"start":{"line":19,"column":13},"end":{"line":19,"column":48}},{"start":{"line":20,"column":13},"end":{"line":20,"column":46}},{"start":{"line":21,"column":13},"end":{"line":21,"column":48}},{"start":{"line":22,"column":13},"end":{"line":22,"column":63}},{"start":{"line":23,"column":13},"end":{"line":23,"column":44}},{"start":{"line":24,"column":13},"end":{"line":24,"column":43}},{"start":{"line":25,"column":13},"end":{"line":25,"column":40}}],"line":19},"6":{"loc":{"start":{"line":38,"column":6},"end":{"line":40,"column":7}},"type":"if","locations":[{"start":{"line":38,"column":6},"end":{"line":40,"column":7}},{"start":{},"end":{}}],"line":38},"7":{"loc":{"start":{"line":38,"column":10},"end":{"line":38,"column":58}},"type":"binary-expr","locations":[{"start":{"line":38,"column":10},"end":{"line":38,"column":32}},{"start":{"line":38,"column":36},"end":{"line":38,"column":58}}],"line":38},"8":{"loc":{"start":{"line":43,"column":23},"end":{"line":43,"column":69}},"type":"cond-expr","locations":[{"start":{"line":43,"column":33},"end":{"line":43,"column":61}},{"start":{"line":43,"column":64},"end":{"line":43,"column":69}}],"line":43},"9":{"loc":{"start":{"line":46,"column":6},"end":{"line":48,"column":7}},"type":"if","locations":[{"start":{"line":46,"column":6},"end":{"line":48,"column":7}},{"start":{},"end":{}}],"line":46}},"s":{"0":2,"1":13,"2":11,"3":13,"4":13,"5":24,"6":24,"7":14,"8":14,"9":3,"10":11,"11":11,"12":11,"13":11,"14":0},"f":{"0":13,"1":11,"2":11},"b":{"0":[2],"1":[2],"2":[2],"3":[10],"4":[10],"5":[11,4,3,2,2,1,1],"6":[3,11],"7":[14,13],"8":[9,2],"9":[11,0]},"_coverageSchema":"1a1c01bbd47fc00a2c39e90264f33305004495a9","hash":"472915cd7da9677e9ebe4b594f0380c8c99765c9"}
,"/Users/iremdogadogruyol/Emora AI App/EmoraAI/src/utils/sentry.ts": {"path":"/Users/iremdogadogruyol/Emora AI App/EmoraAI/src/utils/sentry.ts","statementMap":{"0":{"start":{"line":5,"column":26},"end":{"line":38,"column":1}},"1":{"start":{"line":7,"column":2},"end":{"line":9,"column":3}},"2":{"start":{"line":8,"column":4},"end":{"line":8,"column":11}},"3":{"start":{"line":13,"column":14},"end":{"line":13,"column":48}},"4":{"start":{"line":15,"column":2},"end":{"line":21,"column":3}},"5":{"start":{"line":17,"column":4},"end":{"line":19,"column":5}},"6":{"start":{"line":18,"column":6},"end":{"line":18,"column":72}},"7":{"start":{"line":20,"column":4},"end":{"line":20,"column":11}},"8":{"start":{"line":23,"column":2},"end":{"line":37,"column":5}},"9":{"start":{"line":31,"column":6},"end":{"line":34,"column":7}},"10":{"start":{"line":32,"column":8},"end":{"line":32,"column":37}},"11":{"start":{"line":33,"column":8},"end":{"line":33,"column":52}},"12":{"start":{"line":35,"column":6},"end":{"line":35,"column":19}},"13":{"start":{"line":41,"column":32},"end":{"line":50,"column":1}},"14":{"start":{"line":42,"column":2},"end":{"line":45,"column":3}},"15":{"start":{"line":43,"column":4},"end":{"line":43,"column":54}},"16":{"start":{"line":44,"column":4},"end":{"line":44,"column":11}},"17":{"start":{"line":47,"column":2},"end":{"line":49,"column":5}},"18":{"start":{"line":53,"column":30},"end":{"line":60,"column":1}},"19":{"start":{"line":54,"column":2},"end":{"line":57,"column":3}},"20":{"start":{"line":55,"column":4},"end":{"line":55,"column":49}},"21":{"start":{"line":56,"column":4},"end":{"line":56,"column":11}},"22":{"start":{"line":59,"column":2},"end":{"line":59,"column":40}},"23":{"start":{"line":63,"column":30},"end":{"line":73,"column":1}},"24":{"start":{"line":64,"column":2},"end":{"line":66,"column":3}},"25":{"start":{"line":65,"column":4},"end":{"line":65,"column":11}},"26":{"start":{"line":68,"column":2},"end":{"line":72,"column":5}},"27":{"start":{"line":76,"column":32},"end":{"line":82,"column":1}},"28":{"start":{"line":77,"column":2},"end":{"line":79,"column":3}},"29":{"start":{"line":78,"column":4},"end":{"line":78,"column":11}},"30":{"start":{"line":81,"column":2},"end":{"line":81,"column":23}}},"fnMap":{"0":{"name":"(anonymous_0)","decl":{"start":{"line":5,"column":26},"end":{"line":5,"column":27}},"loc":{"start":{"line":5,"column":32},"end":{"line":38,"column":1}},"line":5},"1":{"name":"(anonymous_1)","decl":{"start":{"line":29,"column":4},"end":{"line":29,"column":5}},"loc":{"start":{"line":29,"column":28},"end":{"line":36,"column":5}},"line":29},"2":{"name":"(anonymous_2)","decl":{"start":{"line":41,"column":32},"end":{"line":41,"column":33}},"loc":{"start":{"line":41,"column":85},"end":{"line":50,"column":1}},"line":41},"3":{"name":"(anonymous_3)","decl":{"start":{"line":53,"column":30},"end":{"line":53,"column":31}},"loc":{"start":{"line":53,"column":89},"end":{"line":60,"column":1}},"line":53},"4":{"name":"(anonymous_4)","decl":{"start":{"line":63,"column":30},"end":{"line":63,"column":31}},"loc":{"start":{"line":63,"column":87},"end":{"line":73,"column":1}},"line":63},"5":{"name":"(anonymous_5)","decl":{"start":{"line":76,"column":32},"end":{"line":76,"column":33}},"loc":{"start":{"line":76,"column":38},"end":{"line":82,"column":1}},"line":76}},"branchMap":{"0":{"loc":{"start":{"line":7,"column":2},"end":{"line":9,"column":3}},"type":"if","locations":[{"start":{"line":7,"column":2},"end":{"line":9,"column":3}},{"start":{},"end":{}}],"line":7},"1":{"loc":{"start":{"line":15,"column":2},"end":{"line":21,"column":3}},"type":"if","locations":[{"start":{"line":15,"column":2},"end":{"line":21,"column":3}},{"start":{},"end":{}}],"line":15},"2":{"loc":{"start":{"line":17,"column":4},"end":{"line":19,"column":5}},"type":"if","locations":[{"start":{"line":17,"column":4},"end":{"line":19,"column":5}},{"start":{},"end":{}}],"line":17},"3":{"loc":{"start":{"line":27,"column":17},"end":{"line":27,"column":53}},"type":"binary-expr","locations":[{"start":{"line":27,"column":17},"end":{"line":27,"column":37}},{"start":{"line":27,"column":41},"end":{"line":27,"column":53}}],"line":27},"4":{"loc":{"start":{"line":31,"column":6},"end":{"line":34,"column":7}},"type":"if","locations":[{"start":{"line":31,"column":6},"end":{"line":34,"column":7}},{"start":{},"end":{}}],"line":31},"5":{"loc":{"start":{"line":42,"column":2},"end":{"line":45,"column":3}},"type":"if","locations":[{"start":{"line":42,"column":2},"end":{"line":45,"column":3}},{"start":{},"end":{}}],"line":42},"6":{"loc":{"start":{"line":53,"column":48},"end":{"line":53,"column":84}},"type":"default-arg","locations":[{"start":{"line":53,"column":78},"end":{"line":53,"column":84}}],"line":53},"7":{"loc":{"start":{"line":54,"column":2},"end":{"line":57,"column":3}},"type":"if","locations":[{"start":{"line":54,"column":2},"end":{"line":57,"column":3}},{"start":{},"end":{}}],"line":54},"8":{"loc":{"start":{"line":64,"column":2},"end":{"line":66,"column":3}},"type":"if","locations":[{"start":{"line":64,"column":2},"end":{"line":66,"column":3}},{"start":{},"end":{}}],"line":64},"9":{"loc":{"start":{"line":77,"column":2},"end":{"line":79,"column":3}},"type":"if","locations":[{"start":{"line":77,"column":2},"end":{"line":79,"column":3}},{"start":{},"end":{}}],"line":77}},"s":{"0":0,"1":0,"2":0,"3":0,"4":0,"5":0,"6":0,"7":0,"8":0,"9":0,"10":0,"11":0,"12":0,"13":0,"14":0,"15":0,"16":0,"17":0,"18":0,"19":0,"20":0,"21":0,"22":0,"23":0,"24":0,"25":0,"26":0,"27":0,"28":0,"29":0,"30":0},"f":{"0":0,"1":0,"2":0,"3":0,"4":0,"5":0},"b":{"0":[0,0],"1":[0,0],"2":[0,0],"3":[0,0],"4":[0,0],"5":[0,0],"6":[0],"7":[0,0],"8":[0,0],"9":[0,0]}}
,"/Users/iremdogadogruyol/Emora AI App/EmoraAI/src/utils/theme.ts": {"path":"/Users/iremdogadogruyol/Emora AI App/EmoraAI/src/utils/theme.ts","statementMap":{"0":{"start":{"line":4,"column":32},"end":{"line":87,"column":1}},"1":{"start":{"line":90,"column":26},"end":{"line":105,"column":1}}},"fnMap":{},"branchMap":{},"s":{"0":0,"1":0},"f":{},"b":{}}
}
