TN:
SF:src/components/GlassButton.tsx
FN:34,GlassButton
FN:47,(anonymous_1)
FN:52,(anonymous_2)
FN:57,(anonymous_3)
FN:64,(anonymous_4)
FN:77,(anonymous_5)
FNF:6
FNH:0
FNDA:0,GlassButton
FNDA:0,(anonymous_1)
FNDA:0,(anonymous_2)
FNDA:0,(anonymous_3)
FNDA:0,(anonymous_4)
FNDA:0,(anonymous_5)
DA:32,0
DA:44,0
DA:45,0
DA:47,0
DA:48,0
DA:49,0
DA:52,0
DA:53,0
DA:54,0
DA:57,0
DA:58,0
DA:64,0
DA:65,0
DA:67,0
DA:69,0
DA:71,0
DA:73,0
DA:77,0
DA:78,0
DA:80,0
DA:82,0
DA:84,0
DA:86,0
DA:90,0
DA:110,0
LF:25
LH:0
BRDA:37,0,0,0
BRDA:38,1,0,0
BRDA:41,2,0,0
BRDA:65,3,0,0
BRDA:65,3,1,0
BRDA:65,3,2,0
BRDA:65,3,3,0
BRDA:78,4,0,0
BRDA:78,4,1,0
BRDA:78,4,2,0
BRDA:78,4,3,0
BRDA:96,5,0,0
BRDA:96,5,1,0
BRDA:101,6,0,0
BRDA:101,6,1,0
BRDA:103,7,0,0
BRDA:103,7,1,0
BRF:17
BRH:0
end_of_record
TN:
SF:src/components/GlassCard.tsx
FN:30,GlassCard
FN:41,(anonymous_1)
FN:48,(anonymous_2)
FN:55,(anonymous_3)
FN:69,(anonymous_4)
FNF:5
FNH:0
FNDA:0,GlassCard
FNDA:0,(anonymous_1)
FNDA:0,(anonymous_2)
FNDA:0,(anonymous_3)
FNDA:0,(anonymous_4)
DA:27,0
DA:28,0
DA:37,0
DA:38,0
DA:39,0
DA:41,0
DA:42,0
DA:43,0
DA:44,0
DA:48,0
DA:49,0
DA:50,0
DA:51,0
DA:55,0
DA:56,0
DA:69,0
DA:70,0
DA:72,0
DA:74,0
DA:76,0
DA:80,0
DA:82,0
DA:97,0
LF:23
LH:0
BRDA:34,0,0,0
BRDA:35,1,0,0
BRDA:42,2,0,0
BRDA:42,2,1,0
BRDA:42,3,0,0
BRDA:42,3,1,0
BRDA:49,4,0,0
BRDA:49,4,1,0
BRDA:49,5,0,0
BRDA:49,5,1,0
BRDA:70,6,0,0
BRDA:70,6,1,0
BRDA:70,6,2,0
BRDA:80,7,0,0
BRDA:80,7,1,0
BRDA:88,8,0,0
BRDA:88,8,1,0
BRF:17
BRH:0
end_of_record
TN:
SF:src/components/GlassInput.tsx
FN:31,GlassInput
FN:48,(anonymous_1)
FN:55,(anonymous_2)
FN:64,(anonymous_3)
FN:72,(anonymous_4)
FN:85,(anonymous_5)
FN:153,(anonymous_6)
FNF:7
FNH:0
FNDA:0,GlassInput
FNDA:0,(anonymous_1)
FNDA:0,(anonymous_2)
FNDA:0,(anonymous_3)
FNDA:0,(anonymous_4)
FNDA:0,(anonymous_5)
FNDA:0,(anonymous_6)
DA:29,0
DA:41,0
DA:42,0
DA:43,0
DA:45,0
DA:46,0
DA:48,0
DA:49,0
DA:50,0
DA:51,0
DA:52,0
DA:55,0
DA:56,0
DA:57,0
DA:58,0
DA:59,0
DA:61,0
DA:64,0
DA:65,0
DA:66,0
DA:67,0
DA:69,0
DA:72,0
DA:73,0
DA:79,0
DA:85,0
DA:86,0
DA:91,0
DA:96,0
DA:102,0
DA:111,0
DA:112,0
DA:135,0
DA:153,0
DA:168,0
LF:35
LH:0
BRDA:34,0,0,0
BRDA:38,1,0,0
BRDA:46,2,0,0
BRDA:46,2,1,0
BRDA:58,3,0,0
BRDA:58,3,1,0
BRDA:66,4,0,0
BRDA:66,4,1,0
BRDA:67,5,0,0
BRDA:67,5,1,0
BRDA:80,6,0,0
BRDA:80,6,1,0
BRDA:81,7,0,0
BRDA:81,7,1,0
BRDA:107,8,0,0
BRDA:107,8,1,0
BRDA:111,9,0,0
BRDA:111,9,1,0
BRDA:111,10,0,0
BRDA:111,10,1,0
BRDA:130,11,0,0
BRDA:130,11,1,0
BRDA:148,12,0,0
BRDA:148,12,1,0
BRDA:150,13,0,0
BRDA:150,13,1,0
BRDA:156,14,0,0
BRDA:156,14,1,0
BRDA:163,15,0,0
BRDA:163,15,1,0
BRF:30
BRH:0
end_of_record
TN:
SF:src/config/fallbackResponses.ts
FN:115,(anonymous_0)
FNF:1
FNH:1
FNDA:1,(anonymous_0)
DA:8,1
DA:115,1
DA:116,1
DA:117,1
DA:118,1
DA:119,1
LF:6
LH:6
BRDA:116,0,0,1
BRDA:116,0,1,0
BRDA:117,1,0,1
BRDA:117,1,1,0
BRF:4
BRH:2
end_of_record
TN:
SF:src/config/languagePatterns.ts
FNF:0
FNH:0
DA:8,1
LF:1
LH:1
BRF:0
BRH:0
end_of_record
TN:
SF:src/config/personalityPrompts.ts
FN:75,(anonymous_0)
FN:122,(anonymous_1)
FN:125,(anonymous_2)
FNF:3
FNH:3
FNDA:2,(anonymous_0)
FNDA:10,(anonymous_1)
FNDA:18,(anonymous_2)
DA:23,1
DA:75,1
DA:81,2
DA:82,2
DA:84,2
DA:88,2
DA:89,2
DA:109,2
DA:110,2
DA:111,2
DA:112,2
DA:116,2
DA:122,10
DA:125,18
LF:14
LH:14
BRDA:81,0,0,2
BRDA:81,0,1,0
BRDA:84,1,0,0
BRDA:84,1,1,2
BRDA:88,2,0,0
BRDA:88,2,1,2
BRDA:89,3,0,0
BRDA:89,3,1,2
BRDA:109,4,0,0
BRDA:109,4,1,2
BRDA:110,5,0,0
BRDA:110,5,1,2
BRDA:111,6,0,0
BRDA:111,6,1,2
BRDA:112,7,0,0
BRDA:112,7,1,2
BRF:16
BRH:8
end_of_record
TN:
SF:src/config/restrictedTopics.ts
FN:61,(anonymous_0)
FN:62,(anonymous_1)
FN:63,(anonymous_2)
FN:67,(anonymous_3)
FN:68,(anonymous_4)
FN:69,(anonymous_5)
FN:73,(anonymous_6)
FNF:7
FNH:7
FNDA:16,(anonymous_0)
FNDA:10,(anonymous_1)
FNDA:20,(anonymous_2)
FNDA:16,(anonymous_3)
FNDA:10,(anonymous_4)
FNDA:20,(anonymous_5)
FNDA:2,(anonymous_6)
DA:4,1
DA:60,1
DA:61,16
DA:62,10
DA:63,20
DA:66,1
DA:67,16
DA:68,10
DA:69,20
DA:73,1
DA:74,2
DA:75,0
DA:77,2
LF:13
LH:12
BRDA:61,0,0,16
BRDA:61,0,1,15
BRDA:61,0,2,14
BRDA:61,0,3,13
BRDA:61,0,4,12
BRDA:61,0,5,11
BRDA:61,0,6,10
BRDA:61,0,7,9
BRDA:62,1,0,10
BRDA:62,1,1,9
BRDA:62,1,2,8
BRDA:62,1,3,7
BRDA:62,1,4,6
BRDA:63,2,0,20
BRDA:63,2,1,19
BRDA:63,2,2,18
BRDA:63,2,3,17
BRDA:63,2,4,16
BRDA:63,2,5,15
BRDA:63,2,6,14
BRDA:63,2,7,13
BRDA:63,2,8,12
BRDA:63,2,9,11
BRDA:67,3,0,16
BRDA:67,3,1,15
BRDA:67,3,2,14
BRDA:67,3,3,12
BRDA:67,3,4,11
BRDA:67,3,5,10
BRDA:67,3,6,10
BRDA:67,3,7,9
BRDA:67,3,8,8
BRDA:68,4,0,10
BRDA:68,4,1,9
BRDA:68,4,2,8
BRDA:68,4,3,7
BRDA:68,4,4,6
BRDA:69,5,0,20
BRDA:69,5,1,19
BRDA:69,5,2,17
BRDA:69,5,3,16
BRDA:69,5,4,15
BRDA:69,5,5,14
BRDA:69,5,6,13
BRDA:69,5,7,12
BRDA:69,5,8,11
BRDA:73,6,0,0
BRDA:74,7,0,0
BRDA:74,7,1,2
BRF:49
BRH:47
end_of_record
TN:
SF:src/config/supabase.ts
FNF:0
FNH:0
DA:8,0
DA:9,0
DA:12,0
DA:14,0
DA:20,0
DA:21,0
DA:23,0
DA:26,0
DA:31,0
LF:9
LH:0
BRDA:12,0,0,0
BRDA:12,0,1,0
BRDA:12,1,0,0
BRDA:12,1,1,0
BRDA:20,2,0,0
BRDA:20,2,1,0
BRF:6
BRH:0
end_of_record
TN:
SF:src/contexts/LanguageContext.tsx
FN:18,(anonymous_0)
FN:34,(anonymous_1)
FN:4877,(anonymous_2)
FN:4882,(anonymous_3)
FN:4886,(anonymous_4)
FN:4904,(anonymous_5)
FN:4920,(anonymous_6)
FN:4931,(anonymous_7)
FNF:8
FNH:0
FNDA:0,(anonymous_0)
FNDA:0,(anonymous_1)
FNDA:0,(anonymous_2)
FNDA:0,(anonymous_3)
FNDA:0,(anonymous_4)
FNDA:0,(anonymous_5)
FNDA:0,(anonymous_6)
FNDA:0,(anonymous_7)
DA:18,0
DA:19,0
DA:20,0
DA:23,0
DA:24,0
DA:26,0
DA:28,0
DA:29,0
DA:34,0
DA:35,0
DA:37,0
DA:38,0
DA:39,0
DA:40,0
DA:44,0
DA:45,0
DA:47,0
DA:48,0
DA:52,0
DA:55,0
DA:4877,0
DA:4878,0
DA:4879,0
DA:4882,0
DA:4883,0
DA:4886,0
DA:4887,0
DA:4889,0
DA:4890,0
DA:4892,0
DA:4893,0
DA:4895,0
DA:4896,0
DA:4898,0
DA:4899,0
DA:4900,0
DA:4904,0
DA:4905,0
DA:4907,0
DA:4908,0
DA:4911,0
DA:4912,0
DA:4913,0
DA:4914,0
DA:4916,0
DA:4920,0
DA:4921,0
DA:4924,0
DA:4931,0
DA:4932,0
DA:4933,0
DA:4934,0
DA:4936,0
LF:53
LH:0
BRDA:23,0,0,0
BRDA:23,0,1,0
BRDA:38,1,0,0
BRDA:38,1,1,0
BRDA:38,2,0,0
BRDA:38,2,1,0
BRDA:38,2,2,0
BRDA:38,2,3,0
BRDA:38,2,4,0
BRDA:38,2,5,0
BRDA:38,2,6,0
BRDA:38,2,7,0
BRDA:38,2,8,0
BRDA:38,2,9,0
BRDA:38,2,10,0
BRDA:38,2,11,0
BRDA:38,2,12,0
BRDA:38,2,13,0
BRDA:4921,3,0,0
BRDA:4921,3,1,0
BRDA:4933,4,0,0
BRDA:4933,4,1,0
BRF:22
BRH:0
end_of_record
TN:
SF:src/contexts/PremiumContext.tsx
FN:33,(anonymous_0)
FN:39,(anonymous_1)
FN:108,(anonymous_2)
FN:115,(anonymous_3)
FN:145,(anonymous_4)
FN:172,(anonymous_5)
FN:195,(anonymous_6)
FN:200,(anonymous_7)
FN:221,(anonymous_8)
FNF:9
FNH:0
FNDA:0,(anonymous_0)
FNDA:0,(anonymous_1)
FNDA:0,(anonymous_2)
FNDA:0,(anonymous_3)
FNDA:0,(anonymous_4)
FNDA:0,(anonymous_5)
FNDA:0,(anonymous_6)
FNDA:0,(anonymous_7)
FNDA:0,(anonymous_8)
DA:27,0
DA:33,0
DA:34,0
DA:35,0
DA:36,0
DA:39,0
DA:40,0
DA:41,0
DA:44,0
DA:45,0
DA:46,0
DA:47,0
DA:48,0
DA:52,0
DA:60,0
DA:61,0
DA:62,0
DA:63,0
DA:64,0
DA:67,0
DA:68,0
DA:71,0
DA:72,0
DA:73,0
DA:75,0
DA:76,0
DA:77,0
DA:80,0
DA:84,0
DA:85,0
DA:89,0
DA:90,0
DA:92,0
DA:94,0
DA:95,0
DA:99,0
DA:100,0
DA:101,0
DA:103,0
DA:108,0
DA:109,0
DA:110,0
DA:111,0
DA:114,0
DA:115,0
DA:116,0
DA:119,0
DA:120,0
DA:123,0
DA:135,0
DA:136,0
DA:140,0
DA:145,0
DA:146,0
DA:147,0
DA:148,0
DA:151,0
DA:161,0
DA:163,0
DA:164,0
DA:167,0
DA:172,0
DA:173,0
DA:174,0
DA:175,0
DA:178,0
DA:183,0
DA:185,0
DA:186,0
DA:187,0
DA:190,0
DA:195,0
DA:196,0
DA:200,0
DA:201,0
DA:204,0
DA:214,0
DA:221,0
DA:222,0
DA:223,0
DA:224,0
DA:226,0
LF:82
LH:0
BRDA:45,0,0,0
BRDA:45,0,1,0
BRDA:60,1,0,0
BRDA:60,1,1,0
BRDA:67,2,0,0
BRDA:67,2,1,0
BRDA:67,3,0,0
BRDA:67,3,1,0
BRDA:71,4,0,0
BRDA:71,4,1,0
BRDA:75,5,0,0
BRDA:75,5,1,0
BRDA:90,6,0,0
BRDA:90,6,1,0
BRDA:111,7,0,0
BRDA:111,7,1,0
BRDA:119,8,0,0
BRDA:119,8,1,0
BRDA:130,9,0,0
BRDA:130,9,1,0
BRDA:135,10,0,0
BRDA:135,10,1,0
BRDA:148,11,0,0
BRDA:148,11,1,0
BRDA:158,12,0,0
BRDA:158,12,1,0
BRDA:161,13,0,0
BRDA:161,13,1,0
BRDA:175,14,0,0
BRDA:175,14,1,0
BRDA:183,15,0,0
BRDA:183,15,1,0
BRDA:223,16,0,0
BRDA:223,16,1,0
BRF:34
BRH:0
end_of_record
TN:
SF:src/hooks/usePremium.ts
FN:62,(anonymous_0)
FN:66,(anonymous_1)
FN:69,(anonymous_2)
FN:76,(anonymous_3)
FN:77,(anonymous_4)
FN:81,(anonymous_5)
FN:82,(anonymous_6)
FN:86,(anonymous_7)
FN:87,(anonymous_8)
FN:91,(anonymous_9)
FN:96,(anonymous_10)
FNF:11
FNH:0
FNDA:0,(anonymous_0)
FNDA:0,(anonymous_1)
FNDA:0,(anonymous_2)
FNDA:0,(anonymous_3)
FNDA:0,(anonymous_4)
FNDA:0,(anonymous_5)
FNDA:0,(anonymous_6)
FNDA:0,(anonymous_7)
FNDA:0,(anonymous_8)
FNDA:0,(anonymous_9)
FNDA:0,(anonymous_10)
DA:11,0
DA:62,0
DA:63,0
DA:66,0
DA:67,0
DA:69,0
DA:70,0
DA:72,0
DA:76,0
DA:77,0
DA:81,0
DA:82,0
DA:86,0
DA:87,0
DA:91,0
DA:92,0
DA:96,0
DA:97,0
DA:98,0
DA:101,0
LF:20
LH:0
BRDA:67,0,0,0
BRDA:67,0,1,0
BRDA:70,1,0,0
BRDA:70,1,1,0
BRDA:97,2,0,0
BRDA:97,2,1,0
BRF:6
BRH:0
end_of_record
TN:
SF:src/navigation/AppNavigator.tsx
FN:51,AuthNavigator
FN:67,AnimatedTabIcon
FN:76,(anonymous_2)
FN:131,(anonymous_3)
FN:193,MainTabNavigator
FN:199,(anonymous_5)
FN:215,(anonymous_6)
FN:238,(anonymous_7)
FN:276,(anonymous_8)
FN:282,(anonymous_9)
FN:307,(anonymous_10)
FN:339,(anonymous_11)
FN:366,AppNavigator
FN:374,(anonymous_13)
FN:405,(anonymous_14)
FN:422,(anonymous_15)
FN:428,(anonymous_16)
FN:433,(anonymous_17)
FN:440,(anonymous_18)
FN:441,(anonymous_19)
FN:445,(anonymous_20)
FN:450,(anonymous_21)
FN:479,(anonymous_22)
FN:482,(anonymous_23)
FN:492,(anonymous_24)
FN:495,(anonymous_25)
FNF:26
FNH:0
FNDA:0,AuthNavigator
FNDA:0,AnimatedTabIcon
FNDA:0,(anonymous_2)
FNDA:0,(anonymous_3)
FNDA:0,MainTabNavigator
FNDA:0,(anonymous_5)
FNDA:0,(anonymous_6)
FNDA:0,(anonymous_7)
FNDA:0,(anonymous_8)
FNDA:0,(anonymous_9)
FNDA:0,(anonymous_10)
FNDA:0,(anonymous_11)
FNDA:0,AppNavigator
FNDA:0,(anonymous_13)
FNDA:0,(anonymous_14)
FNDA:0,(anonymous_15)
FNDA:0,(anonymous_16)
FNDA:0,(anonymous_17)
FNDA:0,(anonymous_18)
FNDA:0,(anonymous_19)
FNDA:0,(anonymous_20)
FNDA:0,(anonymous_21)
FNDA:0,(anonymous_22)
FNDA:0,(anonymous_23)
FNDA:0,(anonymous_24)
FNDA:0,(anonymous_25)
DA:46,0
DA:47,0
DA:48,0
DA:52,0
DA:68,0
DA:69,0
DA:70,0
DA:71,0
DA:72,0
DA:73,0
DA:74,0
DA:76,0
DA:78,0
DA:85,0
DA:90,0
DA:95,0
DA:100,0
DA:105,0
DA:106,0
DA:111,0
DA:118,0
DA:119,0
DA:124,0
DA:131,0
DA:132,0
DA:138,0
DA:144,0
DA:159,0
DA:160,0
DA:161,0
DA:162,0
DA:163,0
DA:164,0
DA:166,0
DA:169,0
DA:194,0
DA:195,0
DA:196,0
DA:197,0
DA:199,0
DA:201,0
DA:206,0
DA:209,0
DA:215,0
DA:223,0
DA:238,0
DA:277,0
DA:278,0
DA:279,0
DA:280,0
DA:282,0
DA:284,0
DA:291,0
DA:296,0
DA:302,0
DA:307,0
DA:308,0
DA:314,0
DA:324,0
DA:340,0
DA:367,0
DA:368,0
DA:369,0
DA:370,0
DA:371,0
DA:372,0
DA:374,0
DA:375,0
DA:377,0
DA:378,0
DA:380,0
DA:382,0
DA:383,0
DA:384,0
DA:385,0
DA:389,0
DA:390,0
DA:391,0
DA:394,0
DA:397,0
DA:398,0
DA:399,0
DA:401,0
DA:405,0
DA:406,0
DA:407,0
DA:408,0
DA:411,0
DA:414,0
DA:415,0
DA:416,0
DA:418,0
DA:422,0
DA:424,0
DA:425,0
DA:428,0
DA:429,0
DA:430,0
DA:433,0
DA:434,0
DA:440,0
DA:441,0
DA:442,0
DA:445,0
DA:449,0
DA:450,0
DA:454,0
DA:455,0
DA:467,0
DA:480,0
DA:483,0
DA:484,0
DA:493,0
DA:495,0
LF:114
LH:0
BRDA:68,0,0,0
BRDA:68,0,1,0
BRDA:69,1,0,0
BRDA:69,1,1,0
BRDA:70,2,0,0
BRDA:70,2,1,0
BRDA:71,3,0,0
BRDA:71,3,1,0
BRDA:72,4,0,0
BRDA:72,4,1,0
BRDA:78,5,0,0
BRDA:78,5,1,0
BRDA:85,6,0,0
BRDA:85,6,1,0
BRDA:90,7,0,0
BRDA:90,7,1,0
BRDA:95,8,0,0
BRDA:95,8,1,0
BRDA:100,9,0,0
BRDA:100,9,1,0
BRDA:105,10,0,0
BRDA:105,10,1,0
BRDA:118,11,0,0
BRDA:118,11,1,0
BRDA:149,12,0,0
BRDA:149,12,1,0
BRDA:159,13,0,0
BRDA:159,13,1,0
BRDA:160,14,0,0
BRDA:160,14,1,0
BRDA:161,15,0,0
BRDA:161,15,1,0
BRDA:162,16,0,0
BRDA:162,16,1,0
BRDA:163,17,0,0
BRDA:163,17,1,0
BRDA:164,18,0,0
BRDA:164,18,1,0
BRDA:177,19,0,0
BRDA:177,19,1,0
BRDA:178,20,0,0
BRDA:178,20,1,0
BRDA:179,21,0,0
BRDA:179,21,1,0
BRDA:185,22,0,0
BRDA:185,22,1,0
BRDA:186,23,0,0
BRDA:186,23,1,0
BRDA:277,24,0,0
BRDA:277,24,1,0
BRDA:278,25,0,0
BRDA:278,25,1,0
BRDA:279,26,0,0
BRDA:279,26,1,0
BRDA:280,27,0,0
BRDA:280,27,1,0
BRDA:284,28,0,0
BRDA:284,28,1,0
BRDA:291,29,0,0
BRDA:291,29,1,0
BRDA:296,30,0,0
BRDA:296,30,1,0
BRDA:302,31,0,0
BRDA:302,31,1,0
BRDA:380,32,0,0
BRDA:380,32,1,0
BRDA:449,33,0,0
BRDA:449,33,1,0
BRDA:454,34,0,0
BRDA:454,34,1,0
BRDA:476,35,0,0
BRDA:476,35,1,0
BRDA:489,36,0,0
BRDA:489,36,1,0
BRDA:489,37,0,0
BRDA:489,37,1,0
BRDA:499,38,0,0
BRDA:499,38,1,0
BRF:78
BRH:0
end_of_record
TN:
SF:src/screens/AccountSettingsScreen.tsx
FN:19,AccountSettingsScreen
FN:28,(anonymous_1)
FN:32,(anonymous_2)
FN:41,(anonymous_3)
FN:55,(anonymous_4)
FN:76,(anonymous_5)
FNF:6
FNH:0
FNDA:0,AccountSettingsScreen
FNDA:0,(anonymous_1)
FNDA:0,(anonymous_2)
FNDA:0,(anonymous_3)
FNDA:0,(anonymous_4)
FNDA:0,(anonymous_5)
DA:20,0
DA:21,0
DA:22,0
DA:23,0
DA:24,0
DA:25,0
DA:26,0
DA:28,0
DA:29,0
DA:30,0
DA:32,0
DA:33,0
DA:35,0
DA:37,0
DA:41,0
DA:42,0
DA:43,0
DA:44,0
DA:47,0
DA:48,0
DA:49,0
DA:52,0
DA:53,0
DA:55,0
DA:56,0
DA:57,0
DA:58,0
DA:59,0
DA:61,0
DA:63,0
DA:67,0
DA:76,0
DA:244,0
LF:33
LH:0
BRDA:42,0,0,0
BRDA:42,0,1,0
BRDA:42,1,0,0
BRDA:42,1,1,0
BRDA:42,1,2,0
BRDA:47,2,0,0
BRDA:47,2,1,0
BRF:7
BRH:0
end_of_record
TN:
SF:src/screens/ChatHistoryScreen.tsx
FN:26,ChatHistoryScreen
FN:32,(anonymous_1)
FN:49,(anonymous_2)
FN:53,(anonymous_3)
FN:91,(anonymous_4)
FN:95,(anonymous_5)
FN:117,(anonymous_6)
FN:136,(anonymous_7)
FN:145,(anonymous_8)
FN:146,(anonymous_9)
FN:146,(anonymous_10)
FN:154,(anonymous_11)
FN:155,(anonymous_12)
FN:161,(anonymous_13)
FN:184,(anonymous_14)
FN:198,(anonymous_15)
FN:202,(anonymous_16)
FN:211,(anonymous_17)
FN:235,(anonymous_18)
FNF:19
FNH:0
FNDA:0,ChatHistoryScreen
FNDA:0,(anonymous_1)
FNDA:0,(anonymous_2)
FNDA:0,(anonymous_3)
FNDA:0,(anonymous_4)
FNDA:0,(anonymous_5)
FNDA:0,(anonymous_6)
FNDA:0,(anonymous_7)
FNDA:0,(anonymous_8)
FNDA:0,(anonymous_9)
FNDA:0,(anonymous_10)
FNDA:0,(anonymous_11)
FNDA:0,(anonymous_12)
FNDA:0,(anonymous_13)
FNDA:0,(anonymous_14)
FNDA:0,(anonymous_15)
FNDA:0,(anonymous_16)
FNDA:0,(anonymous_17)
FNDA:0,(anonymous_18)
DA:27,0
DA:28,0
DA:29,0
DA:32,0
DA:33,0
DA:34,0
DA:35,0
DA:37,0
DA:38,0
DA:39,0
DA:40,0
DA:41,0
DA:42,0
DA:44,0
DA:45,0
DA:49,0
DA:50,0
DA:53,0
DA:54,0
DA:55,0
DA:57,0
DA:59,0
DA:60,0
DA:61,0
DA:65,0
DA:81,0
DA:82,0
DA:83,0
DA:84,0
DA:88,0
DA:90,0
DA:91,0
DA:92,0
DA:94,0
DA:95,0
DA:97,0
DA:108,0
DA:110,0
DA:111,0
DA:113,0
DA:117,0
DA:118,0
DA:119,0
DA:120,0
DA:121,0
DA:122,0
DA:126,0
DA:131,0
DA:132,0
DA:136,0
DA:137,0
DA:146,0
DA:147,0
DA:154,0
DA:155,0
DA:161,0
DA:184,0
DA:185,0
DA:194,0
DA:198,0
DA:203,0
DA:212,0
DA:213,0
DA:235,0
DA:245,0
LF:65
LH:0
BRDA:37,0,0,0
BRDA:37,0,1,0
BRDA:39,1,0,0
BRDA:39,1,1,0
BRDA:41,2,0,0
BRDA:41,2,1,0
BRDA:59,3,0,0
BRDA:59,3,1,0
BRDA:81,4,0,0
BRDA:81,4,1,0
BRDA:90,5,0,0
BRDA:90,5,1,0
BRDA:90,6,0,0
BRDA:90,6,1,0
BRDA:92,7,0,0
BRDA:92,7,1,0
BRDA:92,8,0,0
BRDA:92,8,1,0
BRDA:120,9,0,0
BRDA:120,9,1,0
BRDA:225,10,0,0
BRDA:225,10,1,0
BRDA:229,11,0,0
BRDA:229,11,1,0
BRF:24
BRH:0
end_of_record
TN:
SF:src/screens/ChatScreen.tsx
FN:45,ChatScreen
FN:68,(anonymous_1)
FN:74,(anonymous_2)
FN:81,(anonymous_3)
FN:83,(anonymous_4)
FN:86,(anonymous_5)
FN:90,(anonymous_6)
FN:97,(anonymous_7)
FN:98,(anonymous_8)
FN:104,(anonymous_9)
FN:116,(anonymous_10)
FN:121,(anonymous_11)
FN:142,(anonymous_12)
FN:182,(anonymous_13)
FN:204,(anonymous_14)
FN:252,(anonymous_15)
FN:260,(anonymous_16)
FN:268,(anonymous_17)
FN:282,(anonymous_18)
FN:288,(anonymous_19)
FN:327,(anonymous_20)
FN:360,(anonymous_21)
FN:379,(anonymous_22)
FN:385,(anonymous_23)
FN:386,(anonymous_24)
FN:446,(anonymous_25)
FN:447,(anonymous_26)
FN:461,(anonymous_27)
FN:511,(anonymous_28)
FN:518,(anonymous_29)
FNF:30
FNH:0
FNDA:0,ChatScreen
FNDA:0,(anonymous_1)
FNDA:0,(anonymous_2)
FNDA:0,(anonymous_3)
FNDA:0,(anonymous_4)
FNDA:0,(anonymous_5)
FNDA:0,(anonymous_6)
FNDA:0,(anonymous_7)
FNDA:0,(anonymous_8)
FNDA:0,(anonymous_9)
FNDA:0,(anonymous_10)
FNDA:0,(anonymous_11)
FNDA:0,(anonymous_12)
FNDA:0,(anonymous_13)
FNDA:0,(anonymous_14)
FNDA:0,(anonymous_15)
FNDA:0,(anonymous_16)
FNDA:0,(anonymous_17)
FNDA:0,(anonymous_18)
FNDA:0,(anonymous_19)
FNDA:0,(anonymous_20)
FNDA:0,(anonymous_21)
FNDA:0,(anonymous_22)
FNDA:0,(anonymous_23)
FNDA:0,(anonymous_24)
FNDA:0,(anonymous_25)
FNDA:0,(anonymous_26)
FNDA:0,(anonymous_27)
FNDA:0,(anonymous_28)
FNDA:0,(anonymous_29)
DA:46,0
DA:47,0
DA:48,0
DA:49,0
DA:50,0
DA:51,0
DA:52,0
DA:53,0
DA:54,0
DA:55,0
DA:56,0
DA:57,0
DA:58,0
DA:61,0
DA:62,0
DA:63,0
DA:66,0
DA:68,0
DA:70,0
DA:74,0
DA:75,0
DA:76,0
DA:77,0
DA:81,0
DA:83,0
DA:84,0
DA:86,0
DA:87,0
DA:90,0
DA:91,0
DA:92,0
DA:97,0
DA:98,0
DA:99,0
DA:101,0
DA:102,0
DA:104,0
DA:105,0
DA:106,0
DA:107,0
DA:110,0
DA:116,0
DA:117,0
DA:121,0
DA:122,0
DA:123,0
DA:124,0
DA:126,0
DA:128,0
DA:130,0
DA:134,0
DA:136,0
DA:137,0
DA:142,0
DA:143,0
DA:145,0
DA:146,0
DA:147,0
DA:148,0
DA:149,0
DA:151,0
DA:160,0
DA:161,0
DA:163,0
DA:168,0
DA:171,0
DA:178,0
DA:182,0
DA:183,0
DA:185,0
DA:186,0
DA:187,0
DA:189,0
DA:190,0
DA:193,0
DA:196,0
DA:198,0
DA:200,0
DA:204,0
DA:205,0
DA:208,0
DA:209,0
DA:210,0
DA:214,0
DA:218,0
DA:219,0
DA:220,0
DA:221,0
DA:224,0
DA:227,0
DA:228,0
DA:229,0
DA:230,0
DA:231,0
DA:235,0
DA:236,0
DA:237,0
DA:240,0
DA:249,0
DA:250,0
DA:251,0
DA:252,0
DA:253,0
DA:255,0
DA:257,0
DA:260,0
DA:262,0
DA:265,0
DA:270,0
DA:275,0
DA:282,0
DA:284,0
DA:288,0
DA:289,0
DA:291,0
DA:327,0
DA:328,0
DA:330,0
DA:347,0
DA:360,0
DA:379,0
DA:385,0
DA:386,0
DA:446,0
DA:448,0
DA:450,0
DA:461,0
DA:511,0
DA:519,0
DA:520,0
DA:534,0
LF:131
LH:0
BRDA:55,0,0,0
BRDA:55,0,1,0
BRDA:76,1,0,0
BRDA:76,1,1,0
BRDA:76,2,0,0
BRDA:76,2,1,0
BRDA:99,3,0,0
BRDA:99,3,1,0
BRDA:99,4,0,0
BRDA:99,4,1,0
BRDA:101,5,0,0
BRDA:101,5,1,0
BRDA:101,6,0,0
BRDA:101,6,1,0
BRDA:105,7,0,0
BRDA:105,7,1,0
BRDA:126,8,0,0
BRDA:126,8,1,0
BRDA:145,9,0,0
BRDA:145,9,1,0
BRDA:147,10,0,0
BRDA:147,10,1,0
BRDA:148,11,0,0
BRDA:148,11,1,0
BRDA:149,12,0,0
BRDA:149,12,1,0
BRDA:160,13,0,0
BRDA:160,13,1,0
BRDA:176,14,0,0
BRDA:176,14,1,0
BRDA:176,14,2,0
BRDA:183,15,0,0
BRDA:183,15,1,0
BRDA:189,16,0,0
BRDA:189,16,1,0
BRDA:189,17,0,0
BRDA:189,17,1,0
BRDA:205,18,0,0
BRDA:205,18,1,0
BRDA:209,19,0,0
BRDA:209,19,1,0
BRDA:219,20,0,0
BRDA:219,20,1,0
BRDA:220,21,0,0
BRDA:220,21,1,0
BRDA:224,22,0,0
BRDA:224,22,1,0
BRDA:227,23,0,0
BRDA:227,23,1,0
BRDA:229,24,0,0
BRDA:229,24,1,0
BRDA:230,25,0,0
BRDA:230,25,1,0
BRDA:235,26,0,0
BRDA:235,26,1,0
BRDA:235,27,0,0
BRDA:235,27,1,0
BRDA:294,28,0,0
BRDA:294,28,1,0
BRDA:298,29,0,0
BRDA:298,29,1,0
BRDA:303,30,0,0
BRDA:303,30,1,0
BRDA:309,31,0,0
BRDA:309,31,1,0
BRDA:317,32,0,0
BRDA:317,32,1,0
BRDA:328,33,0,0
BRDA:328,33,1,0
BRDA:353,34,0,0
BRDA:353,34,1,0
BRDA:354,35,0,0
BRDA:354,35,1,0
BRDA:357,36,0,0
BRDA:357,36,1,0
BRDA:368,37,0,0
BRDA:368,37,1,0
BRDA:370,38,0,0
BRDA:370,38,1,0
BRDA:383,39,0,0
BRDA:383,39,1,0
BRDA:397,40,0,0
BRDA:397,40,1,0
BRDA:414,41,0,0
BRDA:414,41,1,0
BRDA:427,42,0,0
BRDA:427,42,1,0
BRDA:430,43,0,0
BRDA:430,43,1,0
BRDA:430,43,2,0
BRDA:436,44,0,0
BRDA:436,44,1,0
BRDA:436,45,0,0
BRDA:436,45,1,0
BRF:94
BRH:0
end_of_record
TN:
SF:src/screens/EditProfileScreen.tsx
FN:25,EditProfileScreen
FN:35,(anonymous_1)
FN:40,(anonymous_2)
FN:47,(anonymous_3)
FN:64,(anonymous_4)
FN:99,(anonymous_5)
FN:113,(anonymous_6)
FN:117,(anonymous_7)
FN:135,(anonymous_8)
FN:166,(anonymous_9)
FN:221,(anonymous_10)
FN:242,(anonymous_11)
FN:256,(anonymous_12)
FNF:13
FNH:0
FNDA:0,EditProfileScreen
FNDA:0,(anonymous_1)
FNDA:0,(anonymous_2)
FNDA:0,(anonymous_3)
FNDA:0,(anonymous_4)
FNDA:0,(anonymous_5)
FNDA:0,(anonymous_6)
FNDA:0,(anonymous_7)
FNDA:0,(anonymous_8)
FNDA:0,(anonymous_9)
FNDA:0,(anonymous_10)
FNDA:0,(anonymous_11)
FNDA:0,(anonymous_12)
DA:26,0
DA:27,0
DA:28,0
DA:29,0
DA:33,0
DA:35,0
DA:36,0
DA:37,0
DA:40,0
DA:41,0
DA:42,0
DA:43,0
DA:47,0
DA:48,0
DA:49,0
DA:50,0
DA:52,0
DA:53,0
DA:57,0
DA:60,0
DA:64,0
DA:65,0
DA:66,0
DA:67,0
DA:70,0
DA:71,0
DA:72,0
DA:75,0
DA:76,0
DA:78,0
DA:83,0
DA:84,0
DA:87,0
DA:92,0
DA:93,0
DA:96,0
DA:101,0
DA:106,0
DA:107,0
DA:109,0
DA:113,0
DA:114,0
DA:117,0
DA:118,0
DA:119,0
DA:126,0
DA:127,0
DA:130,0
DA:131,0
DA:135,0
DA:136,0
DA:137,0
DA:138,0
DA:139,0
DA:140,0
DA:143,0
DA:149,0
DA:150,0
DA:153,0
DA:155,0
DA:166,0
DA:168,0
DA:170,0
DA:171,0
DA:180,0
DA:192,0
DA:221,0
DA:242,0
DA:256,0
DA:283,0
LF:70
LH:0
BRDA:42,0,0,0
BRDA:42,0,1,0
BRDA:52,1,0,0
BRDA:52,1,1,0
BRDA:54,2,0,0
BRDA:54,2,1,0
BRDA:55,3,0,0
BRDA:55,3,1,0
BRDA:57,4,0,0
BRDA:57,4,1,0
BRDA:65,5,0,0
BRDA:65,5,1,0
BRDA:70,6,0,0
BRDA:70,6,1,0
BRDA:83,7,0,0
BRDA:83,7,1,0
BRDA:83,8,0,0
BRDA:83,8,1,0
BRDA:92,9,0,0
BRDA:92,9,1,0
BRDA:107,10,0,0
BRDA:107,10,1,0
BRDA:126,11,0,0
BRDA:126,11,1,0
BRDA:126,12,0,0
BRDA:126,12,1,0
BRDA:138,13,0,0
BRDA:138,13,1,0
BRDA:149,14,0,0
BRDA:149,14,1,0
BRDA:149,15,0,0
BRDA:149,15,1,0
BRDA:168,16,0,0
BRDA:168,16,1,0
BRDA:170,17,0,0
BRDA:170,17,1,0
BRDA:201,18,0,0
BRDA:201,18,1,0
BRDA:206,19,0,0
BRDA:206,19,1,0
BRDA:216,20,0,0
BRDA:216,20,1,0
BRDA:220,21,0,0
BRDA:220,21,1,0
BRF:44
BRH:0
end_of_record
TN:
SF:src/screens/HelpSupportScreen.tsx
FN:25,HelpSupportScreen
FN:57,(anonymous_1)
FN:65,(anonymous_2)
FN:73,(anonymous_3)
FN:79,(anonymous_4)
FN:80,(anonymous_5)
FN:81,(anonymous_6)
FN:86,(anonymous_7)
FN:90,(anonymous_8)
FN:91,(anonymous_9)
FN:128,(anonymous_10)
FN:189,(anonymous_11)
FNF:12
FNH:0
FNDA:0,HelpSupportScreen
FNDA:0,(anonymous_1)
FNDA:0,(anonymous_2)
FNDA:0,(anonymous_3)
FNDA:0,(anonymous_4)
FNDA:0,(anonymous_5)
FNDA:0,(anonymous_6)
FNDA:0,(anonymous_7)
FNDA:0,(anonymous_8)
FNDA:0,(anonymous_9)
FNDA:0,(anonymous_10)
FNDA:0,(anonymous_11)
DA:26,0
DA:27,0
DA:29,0
DA:57,0
DA:58,0
DA:66,0
DA:73,0
DA:74,0
DA:79,0
DA:80,0
DA:81,0
DA:86,0
DA:87,0
DA:90,0
DA:91,0
DA:119,0
DA:128,0
DA:189,0
DA:221,0
LF:19
LH:0
BRDA:87,0,0,0
BRDA:87,0,1,0
BRDA:97,1,0,0
BRDA:97,1,1,0
BRDA:104,2,0,0
BRDA:104,2,1,0
BRDA:109,3,0,0
BRDA:109,3,1,0
BRF:8
BRH:0
end_of_record
TN:
SF:src/screens/LanguageSelectionScreen.tsx
FN:32,LanguageSelectionScreen
FN:52,(anonymous_1)
FN:58,(anonymous_2)
FN:87,(anonymous_3)
FN:94,(anonymous_4)
FNF:5
FNH:0
FNDA:0,LanguageSelectionScreen
FNDA:0,(anonymous_1)
FNDA:0,(anonymous_2)
FNDA:0,(anonymous_3)
FNDA:0,(anonymous_4)
DA:18,0
DA:33,0
DA:34,0
DA:36,0
DA:52,0
DA:53,0
DA:55,0
DA:58,0
DA:59,0
DA:61,0
DA:64,0
DA:65,0
DA:67,0
DA:70,0
DA:74,0
DA:88,0
DA:94,0
DA:143,0
LF:18
LH:0
BRDA:64,0,0,0
BRDA:64,0,1,0
BRDA:92,1,0,0
BRDA:92,1,1,0
BRDA:98,2,0,0
BRDA:98,2,1,0
BRDA:105,3,0,0
BRDA:105,3,1,0
BRDA:111,4,0,0
BRDA:111,4,1,0
BRDA:116,5,0,0
BRDA:116,5,1,0
BRF:12
BRH:0
end_of_record
TN:
SF:src/screens/LoadingScreen.tsx
FN:21,LoadingScreen
FN:29,(anonymous_1)
FN:87,(anonymous_2)
FN:91,(anonymous_3)
FNF:4
FNH:0
FNDA:0,LoadingScreen
FNDA:0,(anonymous_1)
FNDA:0,(anonymous_2)
FNDA:0,(anonymous_3)
DA:15,0
DA:22,0
DA:23,0
DA:24,0
DA:25,0
DA:26,0
DA:27,0
DA:29,0
DA:31,0
DA:84,0
DA:87,0
DA:88,0
DA:91,0
DA:94,0
DA:99,0
DA:182,0
LF:16
LH:0
BRF:0
BRH:0
end_of_record
TN:
SF:src/screens/LoginScreen.tsx
FN:24,LoginScreen
FN:30,(anonymous_1)
FN:47,(anonymous_2)
FN:126,(anonymous_3)
FNF:4
FNH:0
FNDA:0,LoginScreen
FNDA:0,(anonymous_1)
FNDA:0,(anonymous_2)
FNDA:0,(anonymous_3)
DA:25,0
DA:26,0
DA:27,0
DA:28,0
DA:30,0
DA:31,0
DA:32,0
DA:33,0
DA:36,0
DA:37,0
DA:38,0
DA:41,0
DA:43,0
DA:47,0
DA:48,0
DA:49,0
DA:50,0
DA:53,0
DA:54,0
DA:55,0
DA:60,0
DA:64,0
DA:126,0
DA:139,0
LF:24
LH:0
BRDA:31,0,0,0
BRDA:31,0,1,0
BRDA:31,1,0,0
BRDA:31,1,1,0
BRDA:41,2,0,0
BRDA:41,2,1,0
BRDA:48,3,0,0
BRDA:48,3,1,0
BRDA:60,4,0,0
BRDA:60,4,1,0
BRDA:68,5,0,0
BRDA:68,5,1,0
BRDA:116,6,0,0
BRDA:116,6,1,0
BRF:14
BRH:0
end_of_record
TN:
SF:src/screens/OnboardingScreen.tsx
FN:36,OnboardingScreen
FN:67,(anonymous_1)
FN:78,(anonymous_2)
FN:84,(anonymous_3)
FN:131,(anonymous_4)
FN:149,(anonymous_5)
FNF:6
FNH:0
FNDA:0,OnboardingScreen
FNDA:0,(anonymous_1)
FNDA:0,(anonymous_2)
FNDA:0,(anonymous_3)
FNDA:0,(anonymous_4)
FNDA:0,(anonymous_5)
DA:18,0
DA:37,0
DA:38,0
DA:40,0
DA:67,0
DA:68,0
DA:69,0
DA:72,0
DA:73,0
DA:78,0
DA:79,0
DA:80,0
DA:84,0
DA:86,0
DA:87,0
DA:92,0
DA:94,0
DA:132,0
DA:150,0
DA:174,0
LF:20
LH:0
BRDA:68,0,0,0
BRDA:68,0,1,0
BRDA:72,1,0,0
BRDA:72,1,1,0
BRDA:79,2,0,0
BRDA:79,2,1,0
BRDA:86,3,0,0
BRDA:86,3,1,0
BRDA:98,4,0,0
BRDA:98,4,1,0
BRDA:154,5,0,0
BRDA:154,5,1,0
BRDA:163,6,0,0
BRDA:163,6,1,0
BRF:14
BRH:0
end_of_record
TN:
SF:src/screens/PaymentScreen.tsx
FN:37,PaymentScreen
FN:90,(anonymous_1)
FN:95,(anonymous_2)
FN:96,(anonymous_3)
FN:107,(anonymous_4)
FN:112,(anonymous_5)
FN:115,(anonymous_6)
FN:127,(anonymous_7)
FN:153,(anonymous_8)
FN:157,(anonymous_9)
FN:168,(anonymous_10)
FN:194,(anonymous_11)
FNF:12
FNH:0
FNDA:0,PaymentScreen
FNDA:0,(anonymous_1)
FNDA:0,(anonymous_2)
FNDA:0,(anonymous_3)
FNDA:0,(anonymous_4)
FNDA:0,(anonymous_5)
FNDA:0,(anonymous_6)
FNDA:0,(anonymous_7)
FNDA:0,(anonymous_8)
FNDA:0,(anonymous_9)
FNDA:0,(anonymous_10)
FNDA:0,(anonymous_11)
DA:19,0
DA:38,0
DA:39,0
DA:40,0
DA:42,0
DA:90,0
DA:91,0
DA:95,0
DA:96,0
DA:97,0
DA:98,0
DA:100,0
DA:104,0
DA:107,0
DA:108,0
DA:112,0
DA:113,0
DA:115,0
DA:117,0
DA:128,0
DA:130,0
DA:132,0
DA:134,0
DA:136,0
DA:139,0
DA:140,0
DA:145,0
DA:153,0
DA:154,0
DA:157,0
DA:158,0
DA:160,0
DA:168,0
DA:195,0
DA:220,0
DA:313,0
LF:36
LH:0
BRDA:46,0,0,0
BRDA:46,0,1,0
BRDA:58,1,0,0
BRDA:58,1,1,0
BRDA:59,2,0,0
BRDA:59,2,1,0
BRDA:61,3,0,0
BRDA:61,3,1,0
BRDA:113,4,0,0
BRDA:113,4,1,0
BRDA:134,5,0,0
BRDA:134,5,1,0
BRDA:165,6,0,0
BRDA:165,6,1,0
BRDA:166,7,0,0
BRDA:166,7,1,0
BRDA:170,8,0,0
BRDA:170,8,1,0
BRDA:180,9,0,0
BRDA:180,9,1,0
BRDA:185,10,0,0
BRDA:185,10,1,0
BRDA:188,11,0,0
BRDA:188,11,1,0
BRDA:202,12,0,0
BRDA:202,12,1,0
BRDA:211,13,0,0
BRDA:211,13,1,0
BRDA:289,14,0,0
BRDA:289,14,1,0
BRDA:297,15,0,0
BRDA:297,15,1,0
BRDA:303,16,0,0
BRDA:303,16,1,0
BRF:34
BRH:0
end_of_record
TN:
SF:src/screens/PremiumFeaturesScreen.tsx
FN:26,PremiumFeaturesScreen
FN:134,(anonymous_1)
FN:135,(anonymous_2)
FN:146,(anonymous_3)
FN:151,(anonymous_4)
FN:175,(anonymous_5)
FN:179,(anonymous_6)
FN:270,(anonymous_7)
FN:295,(anonymous_8)
FN:298,(anonymous_9)
FN:330,(anonymous_10)
FN:349,(anonymous_11)
FNF:12
FNH:0
FNDA:0,PremiumFeaturesScreen
FNDA:0,(anonymous_1)
FNDA:0,(anonymous_2)
FNDA:0,(anonymous_3)
FNDA:0,(anonymous_4)
FNDA:0,(anonymous_5)
FNDA:0,(anonymous_6)
FNDA:0,(anonymous_7)
FNDA:0,(anonymous_8)
FNDA:0,(anonymous_9)
FNDA:0,(anonymous_10)
FNDA:0,(anonymous_11)
DA:20,0
DA:27,0
DA:28,0
DA:29,0
DA:31,0
DA:82,0
DA:134,0
DA:135,0
DA:136,0
DA:137,0
DA:139,0
DA:143,0
DA:146,0
DA:147,0
DA:151,0
DA:152,0
DA:154,0
DA:156,0
DA:158,0
DA:160,0
DA:162,0
DA:165,0
DA:166,0
DA:171,0
DA:175,0
DA:176,0
DA:179,0
DA:180,0
DA:183,0
DA:271,0
DA:296,0
DA:299,0
DA:330,0
DA:349,0
DA:402,0
LF:35
LH:0
BRDA:152,0,0,0
BRDA:152,0,1,0
BRDA:160,1,0,0
BRDA:160,1,1,0
BRDA:273,2,0,0
BRDA:273,2,1,0
BRDA:275,3,0,0
BRDA:275,3,1,0
BRDA:328,4,0,0
BRDA:328,4,1,0
BRDA:334,5,0,0
BRDA:334,5,1,0
BRDA:337,6,0,0
BRDA:337,6,1,0
BRDA:347,7,0,0
BRDA:347,7,1,0
BRDA:356,8,0,0
BRDA:356,8,1,0
BRDA:360,9,0,0
BRDA:360,9,1,0
BRDA:363,10,0,0
BRDA:363,10,1,0
BRDA:365,11,0,0
BRDA:365,11,1,0
BRDA:377,12,0,0
BRDA:377,12,1,0
BRDA:385,13,0,0
BRDA:385,13,1,0
BRDA:391,14,0,0
BRDA:391,14,1,0
BRF:30
BRH:0
end_of_record
TN:
SF:src/screens/PremiumLimitScreen.tsx
FN:25,PremiumLimitScreen
FNF:1
FNH:0
FNDA:0,PremiumLimitScreen
DA:32,0
DA:33,0
DA:132,0
LF:3
LH:0
BRF:0
BRH:0
end_of_record
TN:
SF:src/screens/PrivacyPolicyScreen.tsx
FN:14,PrivacyPolicyScreen
FN:23,(anonymous_1)
FNF:2
FNH:0
FNDA:0,PrivacyPolicyScreen
FNDA:0,(anonymous_1)
DA:15,0
DA:17,0
DA:23,0
DA:89,0
LF:4
LH:0
BRF:0
BRH:0
end_of_record
TN:
SF:src/screens/ProfileScreen.tsx
FN:25,ProfileScreen
FN:48,(anonymous_1)
FN:53,(anonymous_2)
FN:60,(anonymous_3)
FN:67,(anonymous_4)
FN:68,(anonymous_5)
FN:76,(anonymous_6)
FN:82,(anonymous_7)
FN:100,(anonymous_8)
FN:124,(anonymous_9)
FN:162,(anonymous_10)
FN:198,(anonymous_11)
FN:229,(anonymous_12)
FN:241,(anonymous_13)
FN:259,(anonymous_14)
FN:299,(anonymous_15)
FN:371,(anonymous_16)
FN:403,(anonymous_17)
FN:500,(anonymous_18)
FN:510,(anonymous_19)
FNF:20
FNH:0
FNDA:0,ProfileScreen
FNDA:0,(anonymous_1)
FNDA:0,(anonymous_2)
FNDA:0,(anonymous_3)
FNDA:0,(anonymous_4)
FNDA:0,(anonymous_5)
FNDA:0,(anonymous_6)
FNDA:0,(anonymous_7)
FNDA:0,(anonymous_8)
FNDA:0,(anonymous_9)
FNDA:0,(anonymous_10)
FNDA:0,(anonymous_11)
FNDA:0,(anonymous_12)
FNDA:0,(anonymous_13)
FNDA:0,(anonymous_14)
FNDA:0,(anonymous_15)
FNDA:0,(anonymous_16)
FNDA:0,(anonymous_17)
FNDA:0,(anonymous_18)
FNDA:0,(anonymous_19)
DA:26,0
DA:27,0
DA:28,0
DA:29,0
DA:30,0
DA:35,0
DA:36,0
DA:37,0
DA:46,0
DA:48,0
DA:49,0
DA:53,0
DA:54,0
DA:55,0
DA:60,0
DA:61,0
DA:62,0
DA:67,0
DA:68,0
DA:69,0
DA:72,0
DA:76,0
DA:77,0
DA:78,0
DA:82,0
DA:83,0
DA:84,0
DA:85,0
DA:87,0
DA:89,0
DA:91,0
DA:94,0
DA:96,0
DA:100,0
DA:101,0
DA:103,0
DA:106,0
DA:111,0
DA:113,0
DA:119,0
DA:124,0
DA:125,0
DA:126,0
DA:127,0
DA:128,0
DA:131,0
DA:138,0
DA:139,0
DA:140,0
DA:143,0
DA:146,0
DA:147,0
DA:153,0
DA:155,0
DA:162,0
DA:163,0
DA:164,0
DA:167,0
DA:168,0
DA:170,0
DA:171,0
DA:175,0
DA:176,0
DA:177,0
DA:179,0
DA:180,0
DA:181,0
DA:187,0
DA:192,0
DA:198,0
DA:199,0
DA:201,0
DA:202,0
DA:203,0
DA:205,0
DA:206,0
DA:207,0
DA:211,0
DA:212,0
DA:213,0
DA:214,0
DA:215,0
DA:217,0
DA:218,0
DA:220,0
DA:221,0
DA:224,0
DA:225,0
DA:229,0
DA:230,0
DA:242,0
DA:243,0
DA:245,0
DA:250,0
DA:251,0
DA:259,0
DA:260,0
DA:263,0
DA:264,0
DA:273,0
DA:299,0
DA:372,0
DA:403,0
DA:500,0
DA:510,0
DA:534,0
LF:106
LH:0
BRDA:54,0,0,0
BRDA:54,0,1,0
BRDA:61,1,0,0
BRDA:61,1,1,0
BRDA:77,2,0,0
BRDA:77,2,1,0
BRDA:87,3,0,0
BRDA:87,3,1,0
BRDA:111,4,0,0
BRDA:111,4,1,0
BRDA:116,5,0,0
BRDA:116,5,1,0
BRDA:126,6,0,0
BRDA:126,6,1,0
BRDA:138,7,0,0
BRDA:138,7,1,0
BRDA:138,8,0,0
BRDA:138,8,1,0
BRDA:138,8,2,0
BRDA:164,9,0,0
BRDA:164,9,1,0
BRDA:167,10,0,0
BRDA:167,10,1,0
BRDA:176,11,0,0
BRDA:176,11,1,0
BRDA:179,12,0,0
BRDA:179,12,1,0
BRDA:201,13,0,0
BRDA:201,13,1,0
BRDA:212,14,0,0
BRDA:212,14,1,0
BRDA:263,15,0,0
BRDA:263,15,1,0
BRDA:286,16,0,0
BRDA:286,16,1,0
BRDA:291,17,0,0
BRDA:291,17,1,0
BRDA:298,18,0,0
BRDA:298,18,1,0
BRDA:311,19,0,0
BRDA:311,19,1,0
BRDA:314,20,0,0
BRDA:314,20,1,0
BRDA:358,21,0,0
BRDA:358,21,1,0
BRDA:378,22,0,0
BRDA:378,22,1,0
BRDA:379,23,0,0
BRDA:379,23,1,0
BRF:49
BRH:0
end_of_record
TN:
SF:src/screens/RegisterScreen.tsx
FN:21,RegisterScreen
FN:30,(anonymous_1)
FN:60,(anonymous_2)
FN:70,(anonymous_3)
FN:82,(anonymous_4)
FN:194,(anonymous_5)
FNF:6
FNH:0
FNDA:0,RegisterScreen
FNDA:0,(anonymous_1)
FNDA:0,(anonymous_2)
FNDA:0,(anonymous_3)
FNDA:0,(anonymous_4)
FNDA:0,(anonymous_5)
DA:22,0
DA:23,0
DA:24,0
DA:25,0
DA:26,0
DA:27,0
DA:28,0
DA:30,0
DA:31,0
DA:32,0
DA:33,0
DA:35,0
DA:36,0
DA:37,0
DA:39,0
DA:40,0
DA:41,0
DA:45,0
DA:46,0
DA:47,0
DA:48,0
DA:49,0
DA:52,0
DA:53,0
DA:54,0
DA:56,0
DA:60,0
DA:61,0
DA:62,0
DA:63,0
DA:64,0
DA:66,0
DA:70,0
DA:71,0
DA:73,0
DA:74,0
DA:75,0
DA:76,0
DA:82,0
DA:87,0
DA:89,0
DA:93,0
DA:194,0
DA:207,0
LF:44
LH:0
BRDA:31,0,0,0
BRDA:31,0,1,0
BRDA:35,1,0,0
BRDA:35,1,1,0
BRDA:39,2,0,0
BRDA:39,2,1,0
BRDA:46,3,0,0
BRDA:46,3,1,0
BRDA:52,4,0,0
BRDA:52,4,1,0
BRDA:62,5,0,0
BRDA:62,5,1,0
BRDA:71,6,0,0
BRDA:71,6,1,0
BRDA:87,7,0,0
BRDA:87,7,1,0
BRDA:97,8,0,0
BRDA:97,8,1,0
BRDA:148,9,0,0
BRDA:148,9,1,0
BRDA:155,10,0,0
BRDA:155,10,1,0
BRDA:155,11,0,0
BRDA:155,11,1,0
BRDA:184,12,0,0
BRDA:184,12,1,0
BRF:26
BRH:0
end_of_record
TN:
SF:src/screens/SettingsScreen.tsx
FN:24,SettingsScreen
FN:41,(anonymous_1)
FN:46,(anonymous_2)
FN:55,(anonymous_3)
FN:60,(anonymous_4)
FN:67,(anonymous_5)
FN:77,(anonymous_6)
FN:81,(anonymous_7)
FN:93,(anonymous_8)
FN:97,(anonymous_9)
FN:128,(anonymous_10)
FN:140,(anonymous_11)
FN:157,(anonymous_12)
FN:169,(anonymous_13)
FN:181,(anonymous_14)
FN:204,(anonymous_15)
FN:226,(anonymous_16)
FN:238,(anonymous_17)
FN:249,(anonymous_18)
FN:253,(anonymous_19)
FN:304,(anonymous_20)
FN:316,(anonymous_21)
FN:336,(anonymous_22)
FN:353,(anonymous_23)
FN:367,(anonymous_24)
FN:381,(anonymous_25)
FN:398,(anonymous_26)
FN:399,(anonymous_27)
FN:400,(anonymous_28)
FN:409,(anonymous_29)
FN:410,(anonymous_30)
FN:446,(anonymous_31)
FN:454,(anonymous_32)
FN:466,(anonymous_33)
FN:490,(anonymous_34)
FN:520,(anonymous_35)
FN:548,(anonymous_36)
FN:556,(anonymous_37)
FN:577,(anonymous_38)
FN:584,(anonymous_39)
FN:606,(anonymous_40)
FN:614,(anonymous_41)
FN:662,(anonymous_42)
FNF:43
FNH:0
FNDA:0,SettingsScreen
FNDA:0,(anonymous_1)
FNDA:0,(anonymous_2)
FNDA:0,(anonymous_3)
FNDA:0,(anonymous_4)
FNDA:0,(anonymous_5)
FNDA:0,(anonymous_6)
FNDA:0,(anonymous_7)
FNDA:0,(anonymous_8)
FNDA:0,(anonymous_9)
FNDA:0,(anonymous_10)
FNDA:0,(anonymous_11)
FNDA:0,(anonymous_12)
FNDA:0,(anonymous_13)
FNDA:0,(anonymous_14)
FNDA:0,(anonymous_15)
FNDA:0,(anonymous_16)
FNDA:0,(anonymous_17)
FNDA:0,(anonymous_18)
FNDA:0,(anonymous_19)
FNDA:0,(anonymous_20)
FNDA:0,(anonymous_21)
FNDA:0,(anonymous_22)
FNDA:0,(anonymous_23)
FNDA:0,(anonymous_24)
FNDA:0,(anonymous_25)
FNDA:0,(anonymous_26)
FNDA:0,(anonymous_27)
FNDA:0,(anonymous_28)
FNDA:0,(anonymous_29)
FNDA:0,(anonymous_30)
FNDA:0,(anonymous_31)
FNDA:0,(anonymous_32)
FNDA:0,(anonymous_33)
FNDA:0,(anonymous_34)
FNDA:0,(anonymous_35)
FNDA:0,(anonymous_36)
FNDA:0,(anonymous_37)
FNDA:0,(anonymous_38)
FNDA:0,(anonymous_39)
FNDA:0,(anonymous_40)
FNDA:0,(anonymous_41)
FNDA:0,(anonymous_42)
DA:25,0
DA:26,0
DA:27,0
DA:28,0
DA:29,0
DA:30,0
DA:31,0
DA:32,0
DA:41,0
DA:42,0
DA:43,0
DA:46,0
DA:47,0
DA:48,0
DA:49,0
DA:51,0
DA:55,0
DA:56,0
DA:57,0
DA:58,0
DA:59,0
DA:60,0
DA:63,0
DA:67,0
DA:68,0
DA:69,0
DA:70,0
DA:71,0
DA:73,0
DA:77,0
DA:78,0
DA:79,0
DA:81,0
DA:87,0
DA:93,0
DA:94,0
DA:97,0
DA:99,0
DA:100,0
DA:101,0
DA:102,0
DA:103,0
DA:106,0
DA:107,0
DA:108,0
DA:111,0
DA:112,0
DA:114,0
DA:115,0
DA:117,0
DA:118,0
DA:119,0
DA:120,0
DA:123,0
DA:124,0
DA:128,0
DA:129,0
DA:141,0
DA:142,0
DA:143,0
DA:148,0
DA:149,0
DA:157,0
DA:158,0
DA:170,0
DA:182,0
DA:183,0
DA:184,0
DA:186,0
DA:191,0
DA:192,0
DA:204,0
DA:205,0
DA:207,0
DA:215,0
DA:218,0
DA:220,0
DA:228,0
DA:234,0
DA:238,0
DA:239,0
DA:250,0
DA:252,0
DA:253,0
DA:254,0
DA:258,0
DA:259,0
DA:262,0
DA:264,0
DA:272,0
DA:304,0
DA:316,0
DA:336,0
DA:353,0
DA:367,0
DA:381,0
DA:398,0
DA:399,0
DA:400,0
DA:409,0
DA:410,0
DA:446,0
DA:454,0
DA:467,0
DA:468,0
DA:491,0
DA:492,0
DA:521,0
DA:522,0
DA:548,0
DA:556,0
DA:578,0
DA:585,0
DA:586,0
DA:606,0
DA:615,0
DA:616,0
DA:617,0
DA:663,0
DA:664,0
DA:665,0
DA:690,0
LF:122
LH:0
BRDA:58,0,0,0
BRDA:58,0,1,0
BRDA:78,1,0,0
BRDA:78,1,1,0
BRDA:100,2,0,0
BRDA:100,2,1,0
BRDA:106,3,0,0
BRDA:106,3,1,0
BRDA:114,4,0,0
BRDA:114,4,1,0
BRDA:124,5,0,0
BRDA:124,5,1,0
BRDA:254,6,0,0
BRDA:254,6,1,0
BRDA:258,7,0,0
BRDA:258,7,1,0
BRDA:321,8,0,0
BRDA:321,8,1,0
BRDA:322,9,0,0
BRDA:322,9,1,0
BRDA:338,10,0,0
BRDA:338,10,1,0
BRDA:355,11,0,0
BRDA:355,11,1,0
BRDA:369,12,0,0
BRDA:369,12,1,0
BRDA:383,13,0,0
BRDA:383,13,1,0
BRDA:464,14,0,0
BRDA:464,14,1,0
BRDA:480,15,0,0
BRDA:480,15,1,0
BRDA:488,16,0,0
BRDA:488,16,1,0
BRDA:510,17,0,0
BRDA:510,17,1,0
BRDA:518,18,0,0
BRDA:518,18,1,0
BRDA:534,19,0,0
BRDA:534,19,1,0
BRDA:582,20,0,0
BRDA:582,20,1,0
BRDA:591,21,0,0
BRDA:591,21,1,0
BRDA:626,22,0,0
BRDA:626,22,1,0
BRDA:643,23,0,0
BRDA:643,23,1,0
BRF:48
BRH:0
end_of_record
TN:
SF:src/services/analyticsService.ts
FN:8,(anonymous_0)
FN:23,(anonymous_1)
FN:41,(anonymous_2)
FN:58,(anonymous_3)
FN:79,(anonymous_4)
FN:97,(anonymous_5)
FN:104,(anonymous_6)
FN:112,(anonymous_7)
FN:120,(anonymous_8)
FN:127,(anonymous_9)
FN:135,(anonymous_10)
FN:145,(anonymous_11)
FN:153,(anonymous_12)
FN:162,(anonymous_13)
FN:170,(anonymous_14)
FN:191,(anonymous_15)
FN:201,(anonymous_16)
FN:210,(anonymous_17)
FNF:18
FNH:0
FNDA:0,(anonymous_0)
FNDA:0,(anonymous_1)
FNDA:0,(anonymous_2)
FNDA:0,(anonymous_3)
FNDA:0,(anonymous_4)
FNDA:0,(anonymous_5)
FNDA:0,(anonymous_6)
FNDA:0,(anonymous_7)
FNDA:0,(anonymous_8)
FNDA:0,(anonymous_9)
FNDA:0,(anonymous_10)
FNDA:0,(anonymous_11)
FNDA:0,(anonymous_12)
FNDA:0,(anonymous_13)
FNDA:0,(anonymous_14)
FNDA:0,(anonymous_15)
FNDA:0,(anonymous_16)
FNDA:0,(anonymous_17)
DA:5,0
DA:9,0
DA:10,0
DA:12,0
DA:13,0
DA:15,0
DA:17,0
DA:18,0
DA:24,0
DA:26,0
DA:33,0
DA:34,0
DA:36,0
DA:42,0
DA:43,0
DA:50,0
DA:51,0
DA:53,0
DA:59,0
DA:60,0
DA:71,0
DA:72,0
DA:74,0
DA:80,0
DA:81,0
DA:89,0
DA:90,0
DA:92,0
DA:98,0
DA:105,0
DA:113,0
DA:121,0
DA:128,0
DA:136,0
DA:146,0
DA:154,0
DA:163,0
DA:171,0
DA:173,0
DA:182,0
DA:184,0
DA:186,0
DA:192,0
DA:193,0
DA:194,0
DA:196,0
DA:202,0
DA:203,0
DA:205,0
DA:211,0
DA:212,0
DA:214,0
LF:52
LH:0
BRDA:33,0,0,0
BRDA:33,0,1,0
BRDA:50,1,0,0
BRDA:50,1,1,0
BRDA:66,2,0,0
BRDA:66,2,1,0
BRDA:71,3,0,0
BRDA:71,3,1,0
BRDA:85,4,0,0
BRDA:85,4,1,0
BRDA:89,5,0,0
BRDA:89,5,1,0
BRDA:178,6,0,0
BRDA:178,6,1,0
BRDA:182,7,0,0
BRDA:182,7,1,0
BRF:16
BRH:0
end_of_record
TN:
SF:src/services/authService.ts
FN:7,(anonymous_0)
FN:26,(anonymous_1)
FN:50,(anonymous_2)
FN:63,(anonymous_3)
FN:85,(anonymous_4)
FN:86,(anonymous_5)
FN:92,(anonymous_6)
FN:105,(anonymous_7)
FN:130,(anonymous_8)
FN:149,(anonymous_9)
FNF:10
FNH:9
FNDA:2,(anonymous_0)
FNDA:3,(anonymous_1)
FNDA:2,(anonymous_2)
FNDA:3,(anonymous_3)
FNDA:1,(anonymous_4)
FNDA:0,(anonymous_5)
FNDA:2,(anonymous_6)
FNDA:3,(anonymous_7)
FNDA:2,(anonymous_8)
FNDA:2,(anonymous_9)
DA:8,2
DA:9,2
DA:14,2
DA:15,1
DA:18,1
DA:20,1
DA:21,1
DA:27,3
DA:28,3
DA:38,3
DA:39,1
DA:42,2
DA:44,1
DA:45,1
DA:51,2
DA:52,2
DA:53,2
DA:54,1
DA:57,1
DA:58,1
DA:64,3
DA:65,3
DA:66,3
DA:68,2
DA:69,1
DA:71,1
DA:73,1
DA:76,1
DA:77,0
DA:79,1
DA:80,1
DA:86,1
DA:87,0
DA:93,2
DA:94,2
DA:95,2
DA:96,1
DA:99,1
DA:100,1
DA:106,3
DA:107,3
DA:109,3
DA:110,2
DA:113,3
DA:114,1
DA:117,3
DA:118,3
DA:119,1
DA:122,2
DA:124,1
DA:125,1
DA:131,2
DA:132,2
DA:136,2
DA:137,1
DA:138,1
DA:141,1
DA:143,1
DA:144,1
DA:150,2
DA:151,2
DA:152,2
DA:153,1
DA:156,1
DA:158,1
DA:159,1
LF:66
LH:64
BRDA:14,0,0,1
BRDA:14,0,1,1
BRDA:33,1,0,3
BRDA:33,1,1,2
BRDA:38,2,0,1
BRDA:38,2,1,2
BRDA:53,3,0,1
BRDA:53,3,1,1
BRDA:66,4,0,2
BRDA:66,4,1,1
BRDA:68,5,0,1
BRDA:68,5,1,1
BRDA:76,6,0,0
BRDA:76,6,1,1
BRDA:87,7,0,0
BRDA:87,7,1,0
BRDA:95,8,0,1
BRDA:95,8,1,1
BRDA:109,9,0,2
BRDA:109,9,1,1
BRDA:113,10,0,1
BRDA:113,10,1,2
BRDA:118,11,0,1
BRDA:118,11,1,2
BRDA:136,12,0,1
BRDA:136,12,1,1
BRDA:152,13,0,1
BRDA:152,13,1,1
BRF:28
BRH:25
end_of_record
TN:
SF:src/services/chatService.ts
FN:14,(anonymous_0)
FN:19,(anonymous_1)
FN:28,(anonymous_2)
FN:61,(anonymous_3)
FN:84,(anonymous_4)
FN:112,(anonymous_5)
FN:113,(anonymous_6)
FN:128,(anonymous_7)
FN:132,(anonymous_8)
FN:150,(anonymous_9)
FN:204,(anonymous_10)
FN:215,(anonymous_11)
FN:242,(anonymous_12)
FN:256,(anonymous_13)
FN:266,(anonymous_14)
FN:303,(anonymous_15)
FN:325,(anonymous_16)
FN:344,(anonymous_17)
FNF:18
FNH:14
FNDA:2,(anonymous_0)
FNDA:10,(anonymous_1)
FNDA:2,(anonymous_2)
FNDA:2,(anonymous_3)
FNDA:0,(anonymous_4)
FNDA:0,(anonymous_5)
FNDA:0,(anonymous_6)
FNDA:0,(anonymous_7)
FNDA:2,(anonymous_8)
FNDA:1,(anonymous_9)
FNDA:2,(anonymous_10)
FNDA:2,(anonymous_11)
FNDA:2,(anonymous_12)
FNDA:1,(anonymous_13)
FNDA:4,(anonymous_14)
FNDA:2,(anonymous_15)
FNDA:3,(anonymous_16)
FNDA:2,(anonymous_17)
DA:15,2
DA:18,2
DA:19,10
DA:20,2
DA:24,0
DA:29,2
DA:31,2
DA:40,2
DA:42,2
DA:51,2
DA:53,0
DA:55,2
DA:56,2
DA:62,2
DA:64,2
DA:65,2
DA:66,0
DA:67,0
DA:68,0
DA:69,0
DA:72,2
DA:73,2
DA:76,2
DA:77,2
DA:80,2
DA:81,2
DA:84,0
DA:85,0
DA:93,0
DA:96,2
DA:100,2
DA:103,2
DA:106,2
DA:112,0
DA:113,0
DA:124,2
DA:125,2
DA:126,2
DA:127,2
DA:128,2
DA:131,2
DA:133,2
DA:140,1
DA:141,0
DA:144,1
DA:152,1
DA:163,1
DA:164,0
DA:166,0
DA:167,0
DA:169,0
DA:170,0
DA:171,0
DA:173,0
DA:174,0
DA:176,0
DA:178,0
DA:179,0
DA:180,0
DA:183,1
DA:184,0
DA:185,0
DA:186,0
DA:188,0
DA:190,0
DA:193,1
DA:195,1
DA:196,1
DA:197,1
DA:198,1
DA:199,1
DA:205,2
DA:206,2
DA:207,2
DA:209,0
DA:210,0
DA:216,2
DA:217,2
DA:218,0
DA:221,2
DA:228,2
DA:229,0
DA:230,0
DA:234,2
DA:236,0
DA:237,0
DA:244,2
DA:247,2
DA:258,1
DA:259,1
DA:262,1
DA:267,4
DA:269,4
DA:277,2
DA:279,1
DA:280,1
DA:282,1
DA:291,1
DA:292,1
DA:293,1
DA:294,0
DA:297,2
DA:298,2
DA:299,0
DA:303,2
DA:311,2
DA:315,2
DA:316,0
DA:319,2
DA:320,2
DA:326,3
DA:327,3
DA:334,3
DA:335,1
DA:336,1
DA:339,2
DA:340,1
DA:344,2
DA:352,1
DA:353,1
LF:120
LH:81
BRDA:19,0,0,2
BRDA:19,0,1,2
BRDA:65,1,0,0
BRDA:65,1,1,2
BRDA:65,2,0,2
BRDA:65,2,1,2
BRDA:68,3,0,0
BRDA:68,3,1,0
BRDA:72,4,0,2
BRDA:72,4,1,0
BRDA:73,5,0,2
BRDA:73,5,1,0
BRDA:77,6,0,2
BRDA:77,6,1,0
BRDA:81,7,0,0
BRDA:81,7,1,2
BRDA:81,8,0,2
BRDA:81,8,1,0
BRDA:85,9,0,0
BRDA:85,9,1,0
BRDA:85,9,2,0
BRDA:85,9,3,0
BRDA:85,9,4,0
BRDA:85,9,5,0
BRDA:96,10,0,2
BRDA:96,10,1,0
BRDA:100,11,0,2
BRDA:100,11,1,0
BRDA:112,12,0,0
BRDA:112,12,1,0
BRDA:112,12,2,0
BRDA:112,12,3,0
BRDA:112,12,4,0
BRDA:140,13,0,0
BRDA:140,13,1,1
BRDA:152,14,0,1
BRDA:152,14,1,1
BRDA:152,14,2,1
BRDA:152,14,3,1
BRDA:152,14,4,1
BRDA:152,14,5,1
BRDA:152,14,6,1
BRDA:163,15,0,0
BRDA:163,15,1,1
BRDA:179,16,0,0
BRDA:179,16,1,0
BRDA:183,17,0,0
BRDA:183,17,1,1
BRDA:193,18,0,1
BRDA:193,18,1,0
BRDA:207,19,0,0
BRDA:207,19,1,2
BRDA:215,20,0,0
BRDA:217,21,0,0
BRDA:217,21,1,2
BRDA:217,22,0,2
BRDA:217,22,1,2
BRDA:228,23,0,0
BRDA:228,23,1,2
BRDA:234,24,0,2
BRDA:234,24,1,2
BRDA:242,25,0,0
BRDA:258,26,0,1
BRDA:258,26,1,0
BRDA:259,27,0,1
BRDA:259,27,1,0
BRDA:277,28,0,1
BRDA:277,28,1,1
BRDA:277,29,0,2
BRDA:277,29,1,1
BRDA:279,30,0,1
BRDA:279,30,1,0
BRDA:280,31,0,0
BRDA:280,31,1,1
BRDA:291,32,0,0
BRDA:291,32,1,1
BRDA:293,33,0,0
BRDA:293,33,1,1
BRDA:298,34,0,0
BRDA:298,34,1,2
BRDA:307,35,0,2
BRDA:307,35,1,0
BRDA:315,36,0,0
BRDA:315,36,1,2
BRDA:334,37,0,1
BRDA:334,37,1,2
BRDA:339,38,0,1
BRDA:339,38,1,1
BRDA:339,39,0,2
BRDA:339,39,1,2
BRDA:348,40,0,2
BRDA:348,40,1,0
BRDA:348,40,2,0
BRF:93
BRH:50
end_of_record
TN:
SF:src/services/notificationService.ts
FN:10,(anonymous_0)
FN:23,(anonymous_1)
FN:54,(anonymous_2)
FN:82,(anonymous_3)
FN:113,(anonymous_4)
FN:115,(anonymous_5)
FN:128,(anonymous_6)
FN:140,(anonymous_7)
FN:154,(anonymous_8)
FN:159,(anonymous_9)
FN:203,(anonymous_10)
FN:250,(anonymous_11)
FN:265,(anonymous_12)
FN:281,(anonymous_13)
FN:292,(anonymous_14)
FN:303,(anonymous_15)
FN:314,(anonymous_16)
FN:324,(anonymous_17)
FN:334,(anonymous_18)
FN:362,(anonymous_19)
FN:375,(anonymous_20)
FN:393,(anonymous_21)
FN:411,(anonymous_22)
FNF:23
FNH:0
FNDA:0,(anonymous_0)
FNDA:0,(anonymous_1)
FNDA:0,(anonymous_2)
FNDA:0,(anonymous_3)
FNDA:0,(anonymous_4)
FNDA:0,(anonymous_5)
FNDA:0,(anonymous_6)
FNDA:0,(anonymous_7)
FNDA:0,(anonymous_8)
FNDA:0,(anonymous_9)
FNDA:0,(anonymous_10)
FNDA:0,(anonymous_11)
FNDA:0,(anonymous_12)
FNDA:0,(anonymous_13)
FNDA:0,(anonymous_14)
FNDA:0,(anonymous_15)
FNDA:0,(anonymous_16)
FNDA:0,(anonymous_17)
FNDA:0,(anonymous_18)
FNDA:0,(anonymous_19)
FNDA:0,(anonymous_20)
FNDA:0,(anonymous_21)
FNDA:0,(anonymous_22)
DA:9,0
DA:12,0
DA:14,0
DA:23,0
DA:24,0
DA:25,0
DA:26,0
DA:27,0
DA:28,0
DA:34,0
DA:40,0
DA:41,0
DA:50,0
DA:51,0
DA:55,0
DA:56,0
DA:59,0
DA:60,0
DA:61,0
DA:62,0
DA:66,0
DA:69,0
DA:71,0
DA:72,0
DA:74,0
DA:76,0
DA:77,0
DA:83,0
DA:84,0
DA:85,0
DA:86,0
DA:89,0
DA:97,0
DA:100,0
DA:105,0
DA:107,0
DA:108,0
DA:115,0
DA:116,0
DA:119,0
DA:128,0
DA:129,0
DA:132,0
DA:140,0
DA:141,0
DA:144,0
DA:155,0
DA:160,0
DA:162,0
DA:164,0
DA:165,0
DA:166,0
DA:169,0
DA:180,0
DA:181,0
DA:184,0
DA:190,0
DA:198,0
DA:209,0
DA:211,0
DA:213,0
DA:214,0
DA:215,0
DA:218,0
DA:230,0
DA:236,0
DA:245,0
DA:251,0
DA:252,0
DA:253,0
DA:256,0
DA:260,0
DA:266,0
DA:267,0
DA:268,0
DA:271,0
DA:276,0
DA:282,0
DA:283,0
DA:284,0
DA:286,0
DA:287,0
DA:293,0
DA:294,0
DA:295,0
DA:297,0
DA:298,0
DA:304,0
DA:305,0
DA:306,0
DA:308,0
DA:309,0
DA:315,0
DA:316,0
DA:317,0
DA:319,0
DA:325,0
DA:326,0
DA:327,0
DA:329,0
DA:335,0
DA:336,0
DA:355,0
DA:357,0
DA:363,0
DA:364,0
DA:370,0
DA:376,0
DA:377,0
DA:378,0
DA:379,0
DA:381,0
DA:388,0
DA:394,0
DA:395,0
DA:396,0
DA:397,0
DA:399,0
DA:406,0
DA:412,0
DA:414,0
DA:417,0
DA:419,0
DA:420,0
DA:422,0
DA:424,0
LF:126
LH:0
BRDA:26,0,0,0
BRDA:26,0,1,0
BRDA:60,1,0,0
BRDA:60,1,1,0
BRDA:97,2,0,0
BRDA:97,2,1,0
BRDA:164,3,0,0
BRDA:164,3,1,0
BRDA:173,4,0,0
BRDA:173,4,1,0
BRDA:180,5,0,0
BRDA:180,5,1,0
BRDA:213,6,0,0
BRDA:213,6,1,0
BRDA:222,7,0,0
BRDA:222,7,1,0
BRF:16
BRH:0
end_of_record
TN:
SF:src/services/purchaseService.ts
FN:74,(anonymous_0)
FN:99,(anonymous_1)
FN:103,(anonymous_2)
FN:126,(anonymous_3)
FN:135,(anonymous_4)
FN:162,(anonymous_5)
FN:182,(anonymous_6)
FN:207,(anonymous_7)
FN:222,(anonymous_8)
FN:240,(anonymous_9)
FN:246,(anonymous_10)
FN:279,(anonymous_11)
FN:289,(anonymous_12)
FN:301,(anonymous_13)
FN:323,(anonymous_14)
FN:324,(anonymous_15)
FN:325,(anonymous_16)
FN:338,(anonymous_17)
FNF:18
FNH:0
FNDA:0,(anonymous_0)
FNDA:0,(anonymous_1)
FNDA:0,(anonymous_2)
FNDA:0,(anonymous_3)
FNDA:0,(anonymous_4)
FNDA:0,(anonymous_5)
FNDA:0,(anonymous_6)
FNDA:0,(anonymous_7)
FNDA:0,(anonymous_8)
FNDA:0,(anonymous_9)
FNDA:0,(anonymous_10)
FNDA:0,(anonymous_11)
FNDA:0,(anonymous_12)
FNDA:0,(anonymous_13)
FNDA:0,(anonymous_14)
FNDA:0,(anonymous_15)
FNDA:0,(anonymous_16)
FNDA:0,(anonymous_17)
DA:34,0
DA:35,0
DA:36,0
DA:39,0
DA:46,0
DA:75,0
DA:76,0
DA:78,0
DA:79,0
DA:80,0
DA:81,0
DA:82,0
DA:83,0
DA:85,0
DA:88,0
DA:89,0
DA:90,0
DA:93,0
DA:94,0
DA:100,0
DA:102,0
DA:104,0
DA:106,0
DA:108,0
DA:113,0
DA:115,0
DA:116,0
DA:117,0
DA:120,0
DA:125,0
DA:127,0
DA:131,0
DA:136,0
DA:137,0
DA:138,0
DA:141,0
DA:151,0
DA:152,0
DA:154,0
DA:157,0
DA:163,0
DA:165,0
DA:167,0
DA:168,0
DA:169,0
DA:171,0
DA:172,0
DA:173,0
DA:175,0
DA:178,0
DA:183,0
DA:184,0
DA:186,0
DA:190,0
DA:193,0
DA:198,0
DA:201,0
DA:202,0
DA:208,0
DA:209,0
DA:210,0
DA:213,0
DA:214,0
DA:216,0
DA:217,0
DA:223,0
DA:224,0
DA:225,0
DA:228,0
DA:229,0
DA:231,0
DA:232,0
DA:234,0
DA:235,0
DA:241,0
DA:242,0
DA:243,0
DA:246,0
DA:247,0
DA:248,0
DA:254,0
DA:256,0
DA:258,0
DA:261,0
DA:264,0
DA:270,0
DA:271,0
DA:280,0
DA:281,0
DA:282,0
DA:285,0
DA:286,0
DA:289,0
DA:290,0
DA:293,0
DA:295,0
DA:296,0
DA:302,0
DA:303,0
DA:304,0
DA:305,0
DA:308,0
DA:309,0
DA:310,0
DA:313,0
DA:314,0
DA:316,0
DA:318,0
DA:324,0
DA:325,0
DA:326,0
DA:327,0
DA:333,0
DA:339,0
LF:114
LH:0
BRDA:79,0,0,0
BRDA:79,0,1,0
BRDA:88,1,0,0
BRDA:88,1,1,0
BRDA:88,2,0,0
BRDA:88,2,1,0
BRDA:110,3,0,0
BRDA:110,3,1,0
BRDA:113,4,0,0
BRDA:113,4,1,0
BRDA:138,5,0,0
BRDA:138,5,1,0
BRDA:151,6,0,0
BRDA:151,6,1,0
BRDA:165,7,0,0
BRDA:165,7,1,0
BRDA:169,8,0,0
BRDA:169,8,1,0
BRDA:173,9,0,0
BRDA:173,9,1,0
BRDA:184,10,0,0
BRDA:184,10,1,0
BRDA:209,11,0,0
BRDA:209,11,1,0
BRDA:224,12,0,0
BRDA:224,12,1,0
BRDA:242,13,0,0
BRDA:242,13,1,0
BRDA:247,14,0,0
BRDA:247,14,1,0
BRDA:256,15,0,0
BRDA:256,15,1,0
BRDA:273,16,0,0
BRDA:273,16,1,0
BRDA:281,17,0,0
BRDA:281,17,1,0
BRDA:303,18,0,0
BRDA:303,18,1,0
BRDA:308,19,0,0
BRDA:308,19,1,0
BRDA:326,20,0,0
BRDA:326,20,1,0
BRDA:329,21,0,0
BRDA:329,21,1,0
BRDA:330,22,0,0
BRDA:330,22,1,0
BRF:46
BRH:0
end_of_record
TN:
SF:src/services/supabase.ts
FNF:0
FNH:0
LF:0
LH:0
BRF:0
BRH:0
end_of_record
TN:
SF:src/types/index.ts
FNF:0
FNH:0
LF:0
LH:0
BRF:0
BRH:0
end_of_record
TN:
SF:src/utils/errorBoundary.tsx
FN:20,(anonymous_0)
FN:29,(anonymous_1)
FN:36,(anonymous_2)
FN:53,(anonymous_3)
FN:61,(anonymous_4)
FNF:5
FNH:0
FNDA:0,(anonymous_0)
FNDA:0,(anonymous_1)
FNDA:0,(anonymous_2)
FNDA:0,(anonymous_3)
FNDA:0,(anonymous_4)
DA:21,0
DA:22,0
DA:30,0
DA:38,0
DA:39,0
DA:42,0
DA:47,0
DA:53,0
DA:54,0
DA:62,0
DA:64,0
DA:65,0
DA:69,0
DA:99,0
DA:103,0
LF:15
LH:0
BRDA:62,0,0,0
BRDA:62,0,1,0
BRDA:64,1,0,0
BRDA:64,1,1,0
BRDA:75,2,0,0
BRDA:75,2,1,0
BRDA:78,3,0,0
BRDA:78,3,1,0
BRDA:78,3,2,0
BRF:9
BRH:0
end_of_record
TN:
SF:src/utils/errorHandler.ts
FN:5,(anonymous_0)
FN:60,(anonymous_1)
FNF:2
FNH:2
FNDA:19,(anonymous_0)
FNDA:3,(anonymous_1)
DA:5,1
DA:6,19
DA:8,19
DA:12,6
DA:16,13
DA:18,1
DA:22,12
DA:27,3
DA:31,9
DA:33,1
DA:37,8
DA:40,2
DA:44,6
DA:47,3
DA:51,3
DA:60,1
DA:65,3
DA:67,3
DA:71,3
DA:72,2
DA:78,3
LF:21
LH:21
BRDA:8,0,0,6
BRDA:8,0,1,13
BRDA:8,1,0,19
BRDA:8,1,1,19
BRDA:8,1,2,18
BRDA:8,1,3,14
BRDA:16,2,0,1
BRDA:16,2,1,12
BRDA:16,3,0,13
BRDA:16,3,1,13
BRDA:22,4,0,3
BRDA:22,4,1,9
BRDA:22,5,0,12
BRDA:22,5,1,11
BRDA:22,5,2,11
BRDA:22,5,3,11
BRDA:22,5,4,10
BRDA:31,6,0,1
BRDA:31,6,1,8
BRDA:31,7,0,9
BRDA:31,7,1,8
BRDA:37,8,0,2
BRDA:37,8,1,6
BRDA:37,9,0,8
BRDA:37,9,1,1
BRDA:37,9,2,7
BRDA:37,9,3,7
BRDA:44,10,0,3
BRDA:44,10,1,3
BRDA:44,11,0,6
BRDA:44,11,1,5
BRDA:44,11,2,3
BRDA:71,12,0,2
BRDA:71,12,1,1
BRF:34
BRH:34
end_of_record
TN:
SF:src/utils/inputSanitizer.ts
FN:7,(anonymous_0)
FN:34,(anonymous_1)
FN:59,(anonymous_2)
FN:63,(anonymous_3)
FN:85,(anonymous_4)
FNF:5
FNH:5
FNDA:15,(anonymous_0)
FNDA:16,(anonymous_1)
FNDA:110,(anonymous_2)
FNDA:12,(anonymous_3)
FNDA:6,(anonymous_4)
DA:4,1
DA:7,1
DA:8,15
DA:9,4
DA:13,11
DA:15,11
DA:16,1
DA:20,11
DA:30,11
DA:34,1
DA:35,16
DA:36,2
DA:39,14
DA:42,14
DA:59,110
DA:63,1
DA:64,12
DA:65,3
DA:68,9
DA:70,9
DA:71,1
DA:74,8
DA:75,2
DA:81,6
DA:85,1
DA:91,6
DA:92,6
DA:93,2
DA:97,4
DA:98,1
DA:105,3
DA:107,3
DA:108,1
DA:111,2
LF:34
LH:34
BRDA:8,0,0,4
BRDA:8,0,1,11
BRDA:8,1,0,15
BRDA:8,1,1,13
BRDA:15,2,0,1
BRDA:15,2,1,10
BRDA:35,3,0,2
BRDA:35,3,1,14
BRDA:35,4,0,16
BRDA:35,4,1,14
BRDA:64,5,0,3
BRDA:64,5,1,9
BRDA:64,6,0,12
BRDA:64,6,1,9
BRDA:70,7,0,1
BRDA:70,7,1,8
BRDA:74,8,0,2
BRDA:74,8,1,6
BRDA:92,9,0,2
BRDA:92,9,1,4
BRDA:97,10,0,1
BRDA:97,10,1,3
BRDA:107,11,0,1
BRDA:107,11,1,2
BRDA:107,12,0,3
BRDA:107,12,1,2
BRF:26
BRH:26
end_of_record
TN:
SF:src/utils/logger.ts
FN:7,(anonymous_0)
FN:13,(anonymous_1)
FN:18,(anonymous_2)
FN:24,(anonymous_3)
FN:30,(anonymous_4)
FNF:5
FNH:3
FNDA:12,(anonymous_0)
FNDA:11,(anonymous_1)
FNDA:2,(anonymous_2)
FNDA:0,(anonymous_3)
FNDA:0,(anonymous_4)
DA:4,2
DA:6,2
DA:8,12
DA:9,12
DA:15,11
DA:19,2
DA:20,2
DA:25,0
DA:26,0
DA:31,0
DA:32,0
LF:11
LH:7
BRDA:8,0,0,12
BRDA:8,0,1,0
BRDA:19,1,0,2
BRDA:19,1,1,0
BRDA:25,2,0,0
BRDA:25,2,1,0
BRDA:31,3,0,0
BRDA:31,3,1,0
BRF:8
BRH:2
end_of_record
TN:
SF:src/utils/networkStatus.ts
FN:12,(anonymous_0)
FN:32,(anonymous_1)
FN:35,(anonymous_2)
FN:47,(anonymous_3)
FNF:4
FNH:0
FNDA:0,(anonymous_0)
FNDA:0,(anonymous_1)
FNDA:0,(anonymous_2)
FNDA:0,(anonymous_3)
DA:12,0
DA:13,0
DA:14,0
DA:15,0
DA:21,0
DA:23,0
DA:32,0
DA:35,0
DA:36,0
DA:43,0
DA:47,0
DA:48,0
DA:49,0
LF:13
LH:0
BRDA:16,0,0,0
BRDA:16,0,1,0
BRDA:37,1,0,0
BRDA:37,1,1,0
BRDA:49,2,0,0
BRDA:49,2,1,0
BRDA:49,2,2,0
BRF:7
BRH:0
end_of_record
TN:
SF:src/utils/passwordValidator.ts
FN:60,(anonymous_0)
FN:112,(anonymous_1)
FN:126,(anonymous_2)
FNF:3
FNH:3
FNDA:9,(anonymous_0)
FNDA:3,(anonymous_1)
FNDA:3,(anonymous_2)
DA:19,1
DA:60,1
DA:61,9
DA:62,9
DA:72,9
DA:73,2
DA:75,9
DA:76,4
DA:78,9
DA:79,1
DA:81,9
DA:82,2
DA:84,9
DA:85,5
DA:87,9
DA:88,1
DA:92,9
DA:93,9
DA:95,9
DA:96,6
DA:97,3
DA:98,2
DA:101,9
DA:103,9
DA:112,1
DA:113,3
DA:115,1
DA:117,1
DA:119,1
DA:121,0
DA:126,1
DA:127,3
DA:129,1
DA:131,1
DA:133,1
DA:135,0
LF:36
LH:34
BRDA:72,0,0,2
BRDA:72,0,1,7
BRDA:75,1,0,4
BRDA:75,1,1,5
BRDA:78,2,0,1
BRDA:78,2,1,8
BRDA:81,3,0,2
BRDA:81,3,1,7
BRDA:84,4,0,5
BRDA:84,4,1,4
BRDA:87,5,0,1
BRDA:87,5,1,8
BRDA:95,6,0,6
BRDA:95,6,1,3
BRDA:95,7,0,9
BRDA:95,7,1,6
BRDA:95,7,2,6
BRDA:97,8,0,2
BRDA:97,8,1,1
BRDA:113,9,0,1
BRDA:113,9,1,1
BRDA:113,9,2,1
BRDA:113,9,3,0
BRDA:127,10,0,1
BRDA:127,10,1,1
BRDA:127,10,2,1
BRDA:127,10,3,0
BRF:27
BRH:25
end_of_record
TN:
SF:src/utils/rateLimiter.ts
FN:21,(anonymous_0)
FN:70,(anonymous_1)
FN:75,(anonymous_2)
FNF:3
FNH:3
FNDA:80,(anonymous_0)
FNDA:2,(anonymous_1)
FNDA:21,(anonymous_2)
DA:11,1
DA:18,1
DA:21,1
DA:26,80
DA:27,80
DA:34,80
DA:35,80
DA:36,3
DA:37,3
DA:45,77
DA:46,77
DA:48,1
DA:49,1
DA:52,77
DA:53,1
DA:54,1
DA:62,76
DA:63,76
DA:64,76
DA:66,76
DA:70,1
DA:71,2
DA:75,1
DA:76,21
LF:24
LH:24
BRDA:27,0,0,80
BRDA:27,0,1,16
BRDA:35,1,0,3
BRDA:35,1,1,77
BRDA:46,2,0,1
BRDA:46,2,1,76
BRDA:52,3,0,1
BRDA:52,3,1,76
BRF:8
BRH:8
end_of_record
TN:
SF:src/utils/retryHandler.ts
FN:9,(anonymous_0)
FN:17,(anonymous_1)
FN:47,(anonymous_2)
FNF:3
FNH:3
FNDA:13,(anonymous_0)
FNDA:11,(anonymous_1)
FNDA:11,(anonymous_2)
DA:9,2
DA:19,11
DA:27,13
DA:31,13
DA:32,24
DA:33,24
DA:35,14
DA:38,14
DA:39,3
DA:43,11
DA:46,11
DA:47,11
DA:52,0
LF:13
LH:12
BRDA:11,0,0,2
BRDA:14,1,0,2
BRDA:15,2,0,2
BRDA:16,3,0,10
BRDA:17,4,0,10
BRDA:19,5,0,11
BRDA:19,5,1,4
BRDA:19,5,2,3
BRDA:19,5,3,2
BRDA:19,5,4,2
BRDA:19,5,5,1
BRDA:19,5,6,1
BRDA:38,6,0,3
BRDA:38,6,1,11
BRDA:38,7,0,14
BRDA:38,7,1,13
BRDA:43,8,0,9
BRDA:43,8,1,2
BRDA:46,9,0,11
BRDA:46,9,1,0
BRF:20
BRH:19
end_of_record
TN:
SF:src/utils/sentry.ts
FN:5,(anonymous_0)
FN:29,(anonymous_1)
FN:41,(anonymous_2)
FN:53,(anonymous_3)
FN:63,(anonymous_4)
FN:76,(anonymous_5)
FNF:6
FNH:0
FNDA:0,(anonymous_0)
FNDA:0,(anonymous_1)
FNDA:0,(anonymous_2)
FNDA:0,(anonymous_3)
FNDA:0,(anonymous_4)
FNDA:0,(anonymous_5)
DA:5,0
DA:7,0
DA:8,0
DA:13,0
DA:15,0
DA:17,0
DA:18,0
DA:20,0
DA:23,0
DA:31,0
DA:32,0
DA:33,0
DA:35,0
DA:41,0
DA:42,0
DA:43,0
DA:44,0
DA:47,0
DA:53,0
DA:54,0
DA:55,0
DA:56,0
DA:59,0
DA:63,0
DA:64,0
DA:65,0
DA:68,0
DA:76,0
DA:77,0
DA:78,0
DA:81,0
LF:31
LH:0
BRDA:7,0,0,0
BRDA:7,0,1,0
BRDA:15,1,0,0
BRDA:15,1,1,0
BRDA:17,2,0,0
BRDA:17,2,1,0
BRDA:27,3,0,0
BRDA:27,3,1,0
BRDA:31,4,0,0
BRDA:31,4,1,0
BRDA:42,5,0,0
BRDA:42,5,1,0
BRDA:53,6,0,0
BRDA:54,7,0,0
BRDA:54,7,1,0
BRDA:64,8,0,0
BRDA:64,8,1,0
BRDA:77,9,0,0
BRDA:77,9,1,0
BRF:19
BRH:0
end_of_record
TN:
SF:src/utils/theme.ts
FNF:0
FNH:0
DA:4,0
DA:90,0
LF:2
LH:0
BRF:0
BRH:0
end_of_record
